{"C:\\Users\\Vikas.Boga\\OneDrive - Brillio\\Desktop\\frontend updated final\\front-end - Copy\\src\\config\\apiConfigEngineer.js": {"path":"C:\\Users\\Vikas.Boga\\OneDrive - Brillio\\Desktop\\frontend updated final\\front-end - Copy\\src\\config\\apiConfigEngineer.js","statementMap":{"0":{"start":{"line":1,"column":22},"end":{"line":1,"column":50}}},"fnMap":{},"branchMap":{},"s":{"0":1},"f":{},"b":{},"_coverageSchema":"1a1c01bbd47fc00a2c39e90264f33305004495a9","hash":"d0a075219a80cb2dfc571fb53083e13fe10a9851"}
,"C:\\Users\\Vikas.Boga\\OneDrive - Brillio\\Desktop\\frontend updated final\\front-end - Copy\\src\\config\\apiConfigNH.js": {"path":"C:\\Users\\Vikas.Boga\\OneDrive - Brillio\\Desktop\\frontend updated final\\front-end - Copy\\src\\config\\apiConfigNH.js","statementMap":{"0":{"start":{"line":1,"column":19},"end":{"line":1,"column":47}}},"fnMap":{},"branchMap":{},"s":{"0":1},"f":{},"b":{},"_coverageSchema":"1a1c01bbd47fc00a2c39e90264f33305004495a9","hash":"4d57698d3ae9f207be26dd5548b3f0142a926137"}
,"C:\\Users\\Vikas.Boga\\OneDrive - Brillio\\Desktop\\frontend updated final\\front-end - Copy\\src\\config\\apiConfigUser.js": {"path":"C:\\Users\\Vikas.Boga\\OneDrive - Brillio\\Desktop\\frontend updated final\\front-end - Copy\\src\\config\\apiConfigUser.js","statementMap":{"0":{"start":{"line":1,"column":21},"end":{"line":1,"column":49}}},"fnMap":{},"branchMap":{},"s":{"0":1},"f":{},"b":{},"_coverageSchema":"1a1c01bbd47fc00a2c39e90264f33305004495a9","hash":"d2d00826e7cfb0a2ed8f13facd75a87034f89430"}
,"C:\\Users\\Vikas.Boga\\OneDrive - Brillio\\Desktop\\frontend updated final\\front-end - Copy\\src\\page\\Engineer\\EngineerProfile.jsx": {"path":"C:\\Users\\Vikas.Boga\\OneDrive - Brillio\\Desktop\\frontend updated final\\front-end - Copy\\src\\page\\Engineer\\EngineerProfile.jsx","statementMap":{"0":{"start":{"line":11,"column":18},"end":{"line":11,"column":49}},"1":{"start":{"line":12,"column":13},"end":{"line":12,"column":43}},"2":{"start":{"line":14,"column":13},"end":{"line":14,"column":91}},"3":{"start":{"line":16,"column":24},"end":{"line":304,"column":1}},"4":{"start":{"line":17,"column":19},"end":{"line":17,"column":32}},"5":{"start":{"line":18,"column":22},"end":{"line":18,"column":75}},"6":{"start":{"line":18,"column":45},"end":{"line":18,"column":68}},"7":{"start":{"line":21,"column":34},"end":{"line":37,"column":4}},"8":{"start":{"line":39,"column":36},"end":{"line":39,"column":56}},"9":{"start":{"line":40,"column":32},"end":{"line":40,"column":47}},"10":{"start":{"line":42,"column":2},"end":{"line":46,"column":17}},"11":{"start":{"line":43,"column":4},"end":{"line":45,"column":5}},"12":{"start":{"line":44,"column":6},"end":{"line":44,"column":50}},"13":{"start":{"line":50,"column":2},"end":{"line":67,"column":16}},"14":{"start":{"line":51,"column":4},"end":{"line":66,"column":5}},"15":{"start":{"line":52,"column":6},"end":{"line":65,"column":10}},"16":{"start":{"line":52,"column":29},"end":{"line":65,"column":7}},"17":{"start":{"line":60,"column":14},"end":{"line":60,"column":60}},"18":{"start":{"line":61,"column":14},"end":{"line":61,"column":25}},"19":{"start":{"line":69,"column":23},"end":{"line":95,"column":3}},"20":{"start":{"line":70,"column":4},"end":{"line":70,"column":23}},"21":{"start":{"line":71,"column":4},"end":{"line":71,"column":22}},"22":{"start":{"line":75,"column":30},"end":{"line":75,"column":78}},"23":{"start":{"line":75,"column":51},"end":{"line":75,"column":77}},"24":{"start":{"line":77,"column":24},"end":{"line":80,"column":5}},"25":{"start":{"line":82,"column":4},"end":{"line":92,"column":5}},"26":{"start":{"line":83,"column":6},"end":{"line":88,"column":8}},"27":{"start":{"line":89,"column":6},"end":{"line":89,"column":23}},"28":{"start":{"line":91,"column":6},"end":{"line":91,"column":61}},"29":{"start":{"line":94,"column":4},"end":{"line":94,"column":46}},"30":{"start":{"line":94,"column":21},"end":{"line":94,"column":38}},"31":{"start":{"line":97,"column":15},"end":{"line":100,"column":3}},"32":{"start":{"line":102,"column":29},"end":{"line":110,"column":3}},"33":{"start":{"line":103,"column":4},"end":{"line":109,"column":8}},"34":{"start":{"line":103,"column":27},"end":{"line":109,"column":5}},"35":{"start":{"line":112,"column":2},"end":{"line":303,"column":4}},"36":{"start":{"line":136,"column":16},"end":{"line":146,"column":25}},"37":{"start":{"line":138,"column":33},"end":{"line":138,"column":53}},"38":{"start":{"line":180,"column":22},"end":{"line":188,"column":30}},"39":{"start":{"line":198,"column":22},"end":{"line":208,"column":30}},"40":{"start":{"line":223,"column":22},"end":{"line":223,"column":72}},"41":{"start":{"line":239,"column":22},"end":{"line":239,"column":73}},"42":{"start":{"line":247,"column":22},"end":{"line":247,"column":75}},"43":{"start":{"line":258,"column":22},"end":{"line":266,"column":30}},"44":{"start":{"line":262,"column":42},"end":{"line":262,"column":65}},"45":{"start":{"line":276,"column":22},"end":{"line":291,"column":30}},"46":{"start":{"line":283,"column":28},"end":{"line":286,"column":30}},"47":{"start":{"line":306,"column":21},"end":{"line":313,"column":1}},"48":{"start":{"line":307,"column":2},"end":{"line":312,"column":8}},"49":{"start":{"line":315,"column":19},"end":{"line":322,"column":1}},"50":{"start":{"line":316,"column":2},"end":{"line":321,"column":8}},"51":{"start":{"line":324,"column":21},"end":{"line":338,"column":1}},"52":{"start":{"line":325,"column":2},"end":{"line":337,"column":8}}},"fnMap":{"0":{"name":"(anonymous_0)","decl":{"start":{"line":16,"column":24},"end":{"line":16,"column":25}},"loc":{"start":{"line":16,"column":30},"end":{"line":304,"column":1}},"line":16},"1":{"name":"(anonymous_1)","decl":{"start":{"line":18,"column":34},"end":{"line":18,"column":35}},"loc":{"start":{"line":18,"column":45},"end":{"line":18,"column":68}},"line":18},"2":{"name":"(anonymous_2)","decl":{"start":{"line":42,"column":12},"end":{"line":42,"column":13}},"loc":{"start":{"line":42,"column":18},"end":{"line":46,"column":3}},"line":42},"3":{"name":"(anonymous_3)","decl":{"start":{"line":50,"column":12},"end":{"line":50,"column":13}},"loc":{"start":{"line":50,"column":18},"end":{"line":67,"column":3}},"line":50},"4":{"name":"(anonymous_4)","decl":{"start":{"line":52,"column":18},"end":{"line":52,"column":19}},"loc":{"start":{"line":52,"column":29},"end":{"line":65,"column":7}},"line":52},"5":{"name":"(anonymous_5)","decl":{"start":{"line":59,"column":24},"end":{"line":59,"column":25}},"loc":{"start":{"line":59,"column":38},"end":{"line":62,"column":13}},"line":59},"6":{"name":"(anonymous_6)","decl":{"start":{"line":69,"column":23},"end":{"line":69,"column":24}},"loc":{"start":{"line":69,"column":36},"end":{"line":95,"column":3}},"line":69},"7":{"name":"(anonymous_7)","decl":{"start":{"line":75,"column":42},"end":{"line":75,"column":43}},"loc":{"start":{"line":75,"column":51},"end":{"line":75,"column":77}},"line":75},"8":{"name":"(anonymous_8)","decl":{"start":{"line":94,"column":15},"end":{"line":94,"column":16}},"loc":{"start":{"line":94,"column":21},"end":{"line":94,"column":38}},"line":94},"9":{"name":"(anonymous_9)","decl":{"start":{"line":102,"column":29},"end":{"line":102,"column":30}},"loc":{"start":{"line":102,"column":38},"end":{"line":110,"column":3}},"line":102},"10":{"name":"(anonymous_10)","decl":{"start":{"line":103,"column":16},"end":{"line":103,"column":17}},"loc":{"start":{"line":103,"column":27},"end":{"line":109,"column":5}},"line":103},"11":{"name":"(anonymous_11)","decl":{"start":{"line":135,"column":24},"end":{"line":135,"column":25}},"loc":{"start":{"line":136,"column":16},"end":{"line":146,"column":25}},"line":136},"12":{"name":"(anonymous_12)","decl":{"start":{"line":138,"column":27},"end":{"line":138,"column":28}},"loc":{"start":{"line":138,"column":33},"end":{"line":138,"column":53}},"line":138},"13":{"name":"(anonymous_13)","decl":{"start":{"line":179,"column":30},"end":{"line":179,"column":31}},"loc":{"start":{"line":180,"column":22},"end":{"line":188,"column":30}},"line":180},"14":{"name":"(anonymous_14)","decl":{"start":{"line":197,"column":51},"end":{"line":197,"column":52}},"loc":{"start":{"line":198,"column":22},"end":{"line":208,"column":30}},"line":198},"15":{"name":"(anonymous_15)","decl":{"start":{"line":222,"column":30},"end":{"line":222,"column":31}},"loc":{"start":{"line":223,"column":22},"end":{"line":223,"column":72}},"line":223},"16":{"name":"(anonymous_16)","decl":{"start":{"line":238,"column":30},"end":{"line":238,"column":31}},"loc":{"start":{"line":239,"column":22},"end":{"line":239,"column":73}},"line":239},"17":{"name":"(anonymous_17)","decl":{"start":{"line":246,"column":30},"end":{"line":246,"column":31}},"loc":{"start":{"line":247,"column":22},"end":{"line":247,"column":75}},"line":247},"18":{"name":"(anonymous_18)","decl":{"start":{"line":257,"column":30},"end":{"line":257,"column":31}},"loc":{"start":{"line":258,"column":22},"end":{"line":266,"column":30}},"line":258},"19":{"name":"(anonymous_19)","decl":{"start":{"line":262,"column":36},"end":{"line":262,"column":37}},"loc":{"start":{"line":262,"column":42},"end":{"line":262,"column":65}},"line":262},"20":{"name":"(anonymous_20)","decl":{"start":{"line":275,"column":51},"end":{"line":275,"column":52}},"loc":{"start":{"line":276,"column":22},"end":{"line":291,"column":30}},"line":276},"21":{"name":"(anonymous_21)","decl":{"start":{"line":282,"column":36},"end":{"line":282,"column":37}},"loc":{"start":{"line":283,"column":28},"end":{"line":286,"column":30}},"line":283},"22":{"name":"(anonymous_22)","decl":{"start":{"line":306,"column":21},"end":{"line":306,"column":22}},"loc":{"start":{"line":307,"column":2},"end":{"line":312,"column":8}},"line":307},"23":{"name":"(anonymous_23)","decl":{"start":{"line":315,"column":19},"end":{"line":315,"column":20}},"loc":{"start":{"line":316,"column":2},"end":{"line":321,"column":8}},"line":316},"24":{"name":"(anonymous_24)","decl":{"start":{"line":324,"column":21},"end":{"line":324,"column":22}},"loc":{"start":{"line":325,"column":2},"end":{"line":337,"column":8}},"line":325}},"branchMap":{"0":{"loc":{"start":{"line":18,"column":22},"end":{"line":18,"column":75}},"type":"binary-expr","locations":[{"start":{"line":18,"column":22},"end":{"line":18,"column":69}},{"start":{"line":18,"column":73},"end":{"line":18,"column":75}}],"line":18},"1":{"loc":{"start":{"line":43,"column":4},"end":{"line":45,"column":5}},"type":"if","locations":[{"start":{"line":43,"column":4},"end":{"line":45,"column":5}},{"start":{},"end":{}}],"line":43},"2":{"loc":{"start":{"line":51,"column":4},"end":{"line":66,"column":5}},"type":"if","locations":[{"start":{"line":51,"column":4},"end":{"line":66,"column":5}},{"start":{},"end":{}}],"line":51},"3":{"loc":{"start":{"line":54,"column":14},"end":{"line":54,"column":32}},"type":"binary-expr","locations":[{"start":{"line":54,"column":14},"end":{"line":54,"column":26}},{"start":{"line":54,"column":30},"end":{"line":54,"column":32}}],"line":54},"4":{"loc":{"start":{"line":55,"column":15},"end":{"line":55,"column":34}},"type":"binary-expr","locations":[{"start":{"line":55,"column":15},"end":{"line":55,"column":28}},{"start":{"line":55,"column":32},"end":{"line":55,"column":34}}],"line":55},"5":{"loc":{"start":{"line":56,"column":15},"end":{"line":56,"column":34}},"type":"binary-expr","locations":[{"start":{"line":56,"column":15},"end":{"line":56,"column":28}},{"start":{"line":56,"column":32},"end":{"line":56,"column":34}}],"line":56},"6":{"loc":{"start":{"line":57,"column":17},"end":{"line":57,"column":38}},"type":"binary-expr","locations":[{"start":{"line":57,"column":17},"end":{"line":57,"column":32}},{"start":{"line":57,"column":36},"end":{"line":57,"column":38}}],"line":57},"7":{"loc":{"start":{"line":58,"column":22},"end":{"line":63,"column":29}},"type":"cond-expr","locations":[{"start":{"line":59,"column":12},"end":{"line":62,"column":18}},{"start":{"line":63,"column":12},"end":{"line":63,"column":29}}],"line":58},"8":{"loc":{"start":{"line":64,"column":24},"end":{"line":64,"column":64}},"type":"binary-expr","locations":[{"start":{"line":64,"column":24},"end":{"line":64,"column":46}},{"start":{"line":64,"column":50},"end":{"line":64,"column":64}}],"line":64},"9":{"loc":{"start":{"line":140,"column":20},"end":{"line":142,"column":65}},"type":"cond-expr","locations":[{"start":{"line":141,"column":24},"end":{"line":141,"column":58}},{"start":{"line":142,"column":24},"end":{"line":142,"column":65}}],"line":140},"10":{"loc":{"start":{"line":152,"column":13},"end":{"line":213,"column":13}},"type":"binary-expr","locations":[{"start":{"line":152,"column":13},"end":{"line":152,"column":37}},{"start":{"line":153,"column":14},"end":{"line":212,"column":20}}],"line":152},"11":{"loc":{"start":{"line":215,"column":13},"end":{"line":298,"column":13}},"type":"binary-expr","locations":[{"start":{"line":215,"column":13},"end":{"line":215,"column":35}},{"start":{"line":216,"column":14},"end":{"line":297,"column":21}}],"line":215},"12":{"loc":{"start":{"line":329,"column":8},"end":{"line":329,"column":66}},"type":"cond-expr","locations":[{"start":{"line":329,"column":18},"end":{"line":329,"column":32}},{"start":{"line":329,"column":35},"end":{"line":329,"column":66}}],"line":329},"13":{"loc":{"start":{"line":333,"column":9},"end":{"line":333,"column":55}},"type":"binary-expr","locations":[{"start":{"line":333,"column":9},"end":{"line":333,"column":16}},{"start":{"line":333,"column":20},"end":{"line":333,"column":55}}],"line":333},"14":{"loc":{"start":{"line":334,"column":9},"end":{"line":334,"column":54}},"type":"cond-expr","locations":[{"start":{"line":334,"column":19},"end":{"line":334,"column":37}},{"start":{"line":334,"column":40},"end":{"line":334,"column":54}}],"line":334}},"s":{"0":1,"1":1,"2":1,"3":1,"4":17,"5":17,"6":14,"7":17,"8":17,"9":17,"10":17,"11":8,"12":7,"13":17,"14":8,"15":1,"16":1,"17":0,"18":0,"19":17,"20":1,"21":1,"22":1,"23":7,"24":1,"25":1,"26":1,"27":1,"28":0,"29":1,"30":0,"31":17,"32":17,"33":1,"34":1,"35":17,"36":34,"37":4,"38":63,"39":18,"40":0,"41":0,"42":0,"43":56,"44":1,"45":16,"46":1,"47":1,"48":36,"49":1,"50":28,"51":1,"52":7},"f":{"0":17,"1":14,"2":8,"3":8,"4":1,"5":0,"6":1,"7":7,"8":0,"9":1,"10":1,"11":34,"12":4,"13":63,"14":18,"15":0,"16":0,"17":0,"18":56,"19":1,"20":16,"21":1,"22":36,"23":28,"24":7},"b":{"0":[17,0],"1":[7,1],"2":[1,7],"3":[1,0],"4":[1,0],"5":[1,0],"6":[1,0],"7":[0,1],"8":[1,0],"9":[17,17],"10":[17,9],"11":[17,8],"12":[1,6],"13":[7,1],"14":[1,6]},"_coverageSchema":"1a1c01bbd47fc00a2c39e90264f33305004495a9","hash":"d1b530b311ffe75df2daa6256afed055b4e0e3f3"}
,"C:\\Users\\Vikas.Boga\\OneDrive - Brillio\\Desktop\\frontend updated final\\front-end - Copy\\src\\redux\\Slice\\EngineerSlice.jsx": {"path":"C:\\Users\\Vikas.Boga\\OneDrive - Brillio\\Desktop\\frontend updated final\\front-end - Copy\\src\\redux\\Slice\\EngineerSlice.jsx","statementMap":{"0":{"start":{"line":9,"column":28},"end":{"line":18,"column":1}},"1":{"start":{"line":12,"column":4},"end":{"line":12,"column":41}},"2":{"start":{"line":13,"column":4},"end":{"line":13,"column":72}},"3":{"start":{"line":14,"column":21},"end":{"line":14,"column":83}},"4":{"start":{"line":15,"column":4},"end":{"line":15,"column":63}},"5":{"start":{"line":16,"column":4},"end":{"line":16,"column":38}},"6":{"start":{"line":20,"column":34},"end":{"line":36,"column":1}},"7":{"start":{"line":23,"column":4},"end":{"line":23,"column":61}},"8":{"start":{"line":24,"column":4},"end":{"line":34,"column":5}},"9":{"start":{"line":25,"column":23},"end":{"line":25,"column":78}},"10":{"start":{"line":26,"column":6},"end":{"line":26,"column":76}},"11":{"start":{"line":27,"column":6},"end":{"line":29,"column":7}},"12":{"start":{"line":28,"column":8},"end":{"line":28,"column":52}},"13":{"start":{"line":30,"column":6},"end":{"line":30,"column":33}},"14":{"start":{"line":33,"column":6},"end":{"line":33,"column":87}},"15":{"start":{"line":38,"column":31},"end":{"line":50,"column":1}},"16":{"start":{"line":41,"column":4},"end":{"line":48,"column":5}},"17":{"start":{"line":42,"column":6},"end":{"line":42,"column":48}},"18":{"start":{"line":43,"column":23},"end":{"line":43,"column":88}},"19":{"start":{"line":44,"column":6},"end":{"line":44,"column":70}},"20":{"start":{"line":45,"column":6},"end":{"line":45,"column":66}},"21":{"start":{"line":47,"column":6},"end":{"line":47,"column":78}},"22":{"start":{"line":52,"column":31},"end":{"line":62,"column":1}},"23":{"start":{"line":55,"column":4},"end":{"line":60,"column":5}},"24":{"start":{"line":56,"column":6},"end":{"line":56,"column":72}},"25":{"start":{"line":57,"column":6},"end":{"line":57,"column":24}},"26":{"start":{"line":59,"column":6},"end":{"line":59,"column":78}},"27":{"start":{"line":65,"column":42},"end":{"line":86,"column":1}},"28":{"start":{"line":68,"column":17},"end":{"line":68,"column":47}},"29":{"start":{"line":69,"column":4},"end":{"line":69,"column":79}},"30":{"start":{"line":70,"column":4},"end":{"line":84,"column":5}},"31":{"start":{"line":71,"column":23},"end":{"line":79,"column":7}},"32":{"start":{"line":80,"column":6},"end":{"line":80,"column":87}},"33":{"start":{"line":81,"column":6},"end":{"line":81,"column":27}},"34":{"start":{"line":83,"column":6},"end":{"line":83,"column":90}},"35":{"start":{"line":89,"column":40},"end":{"line":109,"column":1}},"36":{"start":{"line":92,"column":4},"end":{"line":92,"column":81}},"37":{"start":{"line":93,"column":4},"end":{"line":107,"column":5}},"38":{"start":{"line":94,"column":23},"end":{"line":102,"column":7}},"39":{"start":{"line":103,"column":6},"end":{"line":103,"column":87}},"40":{"start":{"line":104,"column":6},"end":{"line":104,"column":27}},"41":{"start":{"line":106,"column":6},"end":{"line":106,"column":90}},"42":{"start":{"line":111,"column":32},"end":{"line":127,"column":1}},"43":{"start":{"line":114,"column":4},"end":{"line":125,"column":5}},"44":{"start":{"line":115,"column":23},"end":{"line":115,"column":103}},"45":{"start":{"line":116,"column":6},"end":{"line":116,"column":32}},"46":{"start":{"line":117,"column":6},"end":{"line":120,"column":7}},"47":{"start":{"line":118,"column":26},"end":{"line":118,"column":58}},"48":{"start":{"line":119,"column":8},"end":{"line":119,"column":48}},"49":{"start":{"line":122,"column":6},"end":{"line":122,"column":27}},"50":{"start":{"line":124,"column":6},"end":{"line":124,"column":68}},"51":{"start":{"line":129,"column":30},"end":{"line":141,"column":1}},"52":{"start":{"line":132,"column":4},"end":{"line":139,"column":5}},"53":{"start":{"line":133,"column":6},"end":{"line":133,"column":41}},"54":{"start":{"line":134,"column":24},"end":{"line":134,"column":71}},"55":{"start":{"line":135,"column":6},"end":{"line":135,"column":76}},"56":{"start":{"line":136,"column":6},"end":{"line":136,"column":35}},"57":{"start":{"line":138,"column":6},"end":{"line":138,"column":68}},"58":{"start":{"line":144,"column":36},"end":{"line":165,"column":1}},"59":{"start":{"line":147,"column":4},"end":{"line":147,"column":84}},"60":{"start":{"line":148,"column":4},"end":{"line":163,"column":5}},"61":{"start":{"line":149,"column":23},"end":{"line":157,"column":7}},"62":{"start":{"line":158,"column":18},"end":{"line":158,"column":65}},"63":{"start":{"line":159,"column":6},"end":{"line":159,"column":68}},"64":{"start":{"line":160,"column":6},"end":{"line":160,"column":30}},"65":{"start":{"line":162,"column":6},"end":{"line":162,"column":87}},"66":{"start":{"line":168,"column":36},"end":{"line":184,"column":1}},"67":{"start":{"line":171,"column":4},"end":{"line":171,"column":84}},"68":{"start":{"line":172,"column":4},"end":{"line":182,"column":5}},"69":{"start":{"line":173,"column":23},"end":{"line":176,"column":7}},"70":{"start":{"line":177,"column":18},"end":{"line":177,"column":65}},"71":{"start":{"line":178,"column":6},"end":{"line":178,"column":68}},"72":{"start":{"line":179,"column":6},"end":{"line":179,"column":30}},"73":{"start":{"line":181,"column":6},"end":{"line":181,"column":87}},"74":{"start":{"line":187,"column":22},"end":{"line":335,"column":2}},"75":{"start":{"line":199,"column":4},"end":{"line":333,"column":8}},"76":{"start":{"line":202,"column":8},"end":{"line":202,"column":29}},"77":{"start":{"line":203,"column":8},"end":{"line":203,"column":27}},"78":{"start":{"line":207,"column":8},"end":{"line":212,"column":9}},"79":{"start":{"line":208,"column":10},"end":{"line":208,"column":39}},"80":{"start":{"line":209,"column":15},"end":{"line":212,"column":9}},"81":{"start":{"line":210,"column":10},"end":{"line":210,"column":27}},"82":{"start":{"line":211,"column":10},"end":{"line":211,"column":47}},"83":{"start":{"line":213,"column":8},"end":{"line":213,"column":30}},"84":{"start":{"line":217,"column":8},"end":{"line":217,"column":63}},"85":{"start":{"line":218,"column":8},"end":{"line":218,"column":30}},"86":{"start":{"line":222,"column":8},"end":{"line":222,"column":29}},"87":{"start":{"line":223,"column":8},"end":{"line":223,"column":27}},"88":{"start":{"line":226,"column":40},"end":{"line":226,"column":54}},"89":{"start":{"line":227,"column":8},"end":{"line":227,"column":86}},"90":{"start":{"line":227,"column":45},"end":{"line":227,"column":84}},"91":{"start":{"line":232,"column":8},"end":{"line":232,"column":30}},"92":{"start":{"line":235,"column":8},"end":{"line":235,"column":37}},"93":{"start":{"line":236,"column":8},"end":{"line":236,"column":30}},"94":{"start":{"line":240,"column":8},"end":{"line":240,"column":29}},"95":{"start":{"line":241,"column":8},"end":{"line":241,"column":27}},"96":{"start":{"line":244,"column":8},"end":{"line":244,"column":85}},"97":{"start":{"line":244,"column":49},"end":{"line":244,"column":83}},"98":{"start":{"line":245,"column":8},"end":{"line":245,"column":30}},"99":{"start":{"line":248,"column":8},"end":{"line":248,"column":37}},"100":{"start":{"line":249,"column":8},"end":{"line":249,"column":30}},"101":{"start":{"line":254,"column":8},"end":{"line":254,"column":29}},"102":{"start":{"line":255,"column":8},"end":{"line":255,"column":27}},"103":{"start":{"line":258,"column":8},"end":{"line":258,"column":45}},"104":{"start":{"line":259,"column":8},"end":{"line":259,"column":30}},"105":{"start":{"line":262,"column":8},"end":{"line":262,"column":37}},"106":{"start":{"line":263,"column":8},"end":{"line":263,"column":30}},"107":{"start":{"line":268,"column":8},"end":{"line":268,"column":29}},"108":{"start":{"line":269,"column":8},"end":{"line":269,"column":27}},"109":{"start":{"line":272,"column":8},"end":{"line":272,"column":45}},"110":{"start":{"line":273,"column":8},"end":{"line":273,"column":30}},"111":{"start":{"line":276,"column":8},"end":{"line":276,"column":37}},"112":{"start":{"line":277,"column":8},"end":{"line":277,"column":30}},"113":{"start":{"line":280,"column":35},"end":{"line":280,"column":49}},"114":{"start":{"line":281,"column":26},"end":{"line":281,"column":76}},"115":{"start":{"line":281,"column":56},"end":{"line":281,"column":75}},"116":{"start":{"line":282,"column":8},"end":{"line":284,"column":9}},"117":{"start":{"line":283,"column":10},"end":{"line":283,"column":49}},"118":{"start":{"line":287,"column":8},"end":{"line":287,"column":37}},"119":{"start":{"line":291,"column":8},"end":{"line":291,"column":29}},"120":{"start":{"line":292,"column":8},"end":{"line":292,"column":27}},"121":{"start":{"line":295,"column":8},"end":{"line":295,"column":39}},"122":{"start":{"line":296,"column":8},"end":{"line":296,"column":48}},"123":{"start":{"line":297,"column":8},"end":{"line":297,"column":30}},"124":{"start":{"line":300,"column":8},"end":{"line":300,"column":37}},"125":{"start":{"line":301,"column":8},"end":{"line":301,"column":30}},"126":{"start":{"line":305,"column":8},"end":{"line":305,"column":29}},"127":{"start":{"line":306,"column":8},"end":{"line":306,"column":27}},"128":{"start":{"line":309,"column":8},"end":{"line":309,"column":39}},"129":{"start":{"line":310,"column":8},"end":{"line":310,"column":63}},"130":{"start":{"line":311,"column":8},"end":{"line":311,"column":30}},"131":{"start":{"line":314,"column":8},"end":{"line":314,"column":37}},"132":{"start":{"line":315,"column":8},"end":{"line":315,"column":30}},"133":{"start":{"line":320,"column":8},"end":{"line":320,"column":29}},"134":{"start":{"line":321,"column":8},"end":{"line":321,"column":27}},"135":{"start":{"line":324,"column":8},"end":{"line":324,"column":39}},"136":{"start":{"line":327,"column":8},"end":{"line":327,"column":63}},"137":{"start":{"line":328,"column":8},"end":{"line":328,"column":30}},"138":{"start":{"line":331,"column":8},"end":{"line":331,"column":37}},"139":{"start":{"line":332,"column":8},"end":{"line":332,"column":30}}},"fnMap":{"0":{"name":"(anonymous_0)","decl":{"start":{"line":11,"column":2},"end":{"line":11,"column":3}},"loc":{"start":{"line":11,"column":33},"end":{"line":17,"column":3}},"line":11},"1":{"name":"(anonymous_1)","decl":{"start":{"line":22,"column":2},"end":{"line":22,"column":3}},"loc":{"start":{"line":22,"column":40},"end":{"line":35,"column":3}},"line":22},"2":{"name":"(anonymous_2)","decl":{"start":{"line":40,"column":2},"end":{"line":40,"column":3}},"loc":{"start":{"line":40,"column":52},"end":{"line":49,"column":3}},"line":40},"3":{"name":"(anonymous_3)","decl":{"start":{"line":54,"column":2},"end":{"line":54,"column":3}},"loc":{"start":{"line":54,"column":52},"end":{"line":61,"column":3}},"line":54},"4":{"name":"(anonymous_4)","decl":{"start":{"line":67,"column":2},"end":{"line":67,"column":3}},"loc":{"start":{"line":67,"column":57},"end":{"line":85,"column":3}},"line":67},"5":{"name":"(anonymous_5)","decl":{"start":{"line":91,"column":2},"end":{"line":91,"column":3}},"loc":{"start":{"line":91,"column":46},"end":{"line":108,"column":3}},"line":91},"6":{"name":"(anonymous_6)","decl":{"start":{"line":113,"column":2},"end":{"line":113,"column":3}},"loc":{"start":{"line":113,"column":63},"end":{"line":126,"column":3}},"line":113},"7":{"name":"(anonymous_7)","decl":{"start":{"line":131,"column":2},"end":{"line":131,"column":3}},"loc":{"start":{"line":131,"column":33},"end":{"line":140,"column":3}},"line":131},"8":{"name":"(anonymous_8)","decl":{"start":{"line":146,"column":2},"end":{"line":146,"column":3}},"loc":{"start":{"line":146,"column":46},"end":{"line":164,"column":3}},"line":146},"9":{"name":"(anonymous_9)","decl":{"start":{"line":170,"column":2},"end":{"line":170,"column":3}},"loc":{"start":{"line":170,"column":46},"end":{"line":183,"column":3}},"line":170},"10":{"name":"(anonymous_10)","decl":{"start":{"line":198,"column":17},"end":{"line":198,"column":18}},"loc":{"start":{"line":198,"column":30},"end":{"line":334,"column":3}},"line":198},"11":{"name":"(anonymous_11)","decl":{"start":{"line":201,"column":43},"end":{"line":201,"column":44}},"loc":{"start":{"line":201,"column":54},"end":{"line":204,"column":7}},"line":201},"12":{"name":"(anonymous_12)","decl":{"start":{"line":206,"column":45},"end":{"line":206,"column":46}},"loc":{"start":{"line":206,"column":64},"end":{"line":214,"column":7}},"line":206},"13":{"name":"(anonymous_13)","decl":{"start":{"line":216,"column":44},"end":{"line":216,"column":45}},"loc":{"start":{"line":216,"column":63},"end":{"line":219,"column":7}},"line":216},"14":{"name":"(anonymous_14)","decl":{"start":{"line":221,"column":40},"end":{"line":221,"column":41}},"loc":{"start":{"line":221,"column":51},"end":{"line":224,"column":7}},"line":221},"15":{"name":"(anonymous_15)","decl":{"start":{"line":225,"column":42},"end":{"line":225,"column":43}},"loc":{"start":{"line":225,"column":61},"end":{"line":233,"column":7}},"line":225},"16":{"name":"(anonymous_16)","decl":{"start":{"line":227,"column":37},"end":{"line":227,"column":38}},"loc":{"start":{"line":227,"column":45},"end":{"line":227,"column":84}},"line":227},"17":{"name":"(anonymous_17)","decl":{"start":{"line":234,"column":41},"end":{"line":234,"column":42}},"loc":{"start":{"line":234,"column":60},"end":{"line":237,"column":7}},"line":234},"18":{"name":"(anonymous_18)","decl":{"start":{"line":239,"column":40},"end":{"line":239,"column":41}},"loc":{"start":{"line":239,"column":51},"end":{"line":242,"column":7}},"line":239},"19":{"name":"(anonymous_19)","decl":{"start":{"line":243,"column":42},"end":{"line":243,"column":43}},"loc":{"start":{"line":243,"column":61},"end":{"line":246,"column":7}},"line":243},"20":{"name":"(anonymous_20)","decl":{"start":{"line":244,"column":41},"end":{"line":244,"column":42}},"loc":{"start":{"line":244,"column":49},"end":{"line":244,"column":83}},"line":244},"21":{"name":"(anonymous_21)","decl":{"start":{"line":247,"column":41},"end":{"line":247,"column":42}},"loc":{"start":{"line":247,"column":60},"end":{"line":250,"column":7}},"line":247},"22":{"name":"(anonymous_22)","decl":{"start":{"line":253,"column":51},"end":{"line":253,"column":52}},"loc":{"start":{"line":253,"column":62},"end":{"line":256,"column":7}},"line":253},"23":{"name":"(anonymous_23)","decl":{"start":{"line":257,"column":53},"end":{"line":257,"column":54}},"loc":{"start":{"line":257,"column":72},"end":{"line":260,"column":7}},"line":257},"24":{"name":"(anonymous_24)","decl":{"start":{"line":261,"column":52},"end":{"line":261,"column":53}},"loc":{"start":{"line":261,"column":71},"end":{"line":264,"column":7}},"line":261},"25":{"name":"(anonymous_25)","decl":{"start":{"line":267,"column":50},"end":{"line":267,"column":51}},"loc":{"start":{"line":267,"column":61},"end":{"line":270,"column":7}},"line":267},"26":{"name":"(anonymous_26)","decl":{"start":{"line":271,"column":51},"end":{"line":271,"column":52}},"loc":{"start":{"line":271,"column":70},"end":{"line":274,"column":7}},"line":271},"27":{"name":"(anonymous_27)","decl":{"start":{"line":275,"column":50},"end":{"line":275,"column":51}},"loc":{"start":{"line":275,"column":69},"end":{"line":278,"column":7}},"line":275},"28":{"name":"(anonymous_28)","decl":{"start":{"line":279,"column":43},"end":{"line":279,"column":44}},"loc":{"start":{"line":279,"column":62},"end":{"line":285,"column":7}},"line":279},"29":{"name":"(anonymous_29)","decl":{"start":{"line":281,"column":48},"end":{"line":281,"column":49}},"loc":{"start":{"line":281,"column":56},"end":{"line":281,"column":75}},"line":281},"30":{"name":"(anonymous_30)","decl":{"start":{"line":286,"column":42},"end":{"line":286,"column":43}},"loc":{"start":{"line":286,"column":61},"end":{"line":288,"column":7}},"line":286},"31":{"name":"(anonymous_31)","decl":{"start":{"line":290,"column":40},"end":{"line":290,"column":41}},"loc":{"start":{"line":290,"column":51},"end":{"line":293,"column":7}},"line":290},"32":{"name":"(anonymous_32)","decl":{"start":{"line":294,"column":42},"end":{"line":294,"column":43}},"loc":{"start":{"line":294,"column":61},"end":{"line":298,"column":7}},"line":294},"33":{"name":"(anonymous_33)","decl":{"start":{"line":299,"column":41},"end":{"line":299,"column":42}},"loc":{"start":{"line":299,"column":60},"end":{"line":302,"column":7}},"line":299},"34":{"name":"(anonymous_34)","decl":{"start":{"line":304,"column":46},"end":{"line":304,"column":47}},"loc":{"start":{"line":304,"column":57},"end":{"line":307,"column":7}},"line":304},"35":{"name":"(anonymous_35)","decl":{"start":{"line":308,"column":47},"end":{"line":308,"column":48}},"loc":{"start":{"line":308,"column":66},"end":{"line":312,"column":7}},"line":308},"36":{"name":"(anonymous_36)","decl":{"start":{"line":313,"column":47},"end":{"line":313,"column":48}},"loc":{"start":{"line":313,"column":66},"end":{"line":316,"column":7}},"line":313},"37":{"name":"(anonymous_37)","decl":{"start":{"line":319,"column":46},"end":{"line":319,"column":47}},"loc":{"start":{"line":319,"column":57},"end":{"line":322,"column":7}},"line":319},"38":{"name":"(anonymous_38)","decl":{"start":{"line":323,"column":47},"end":{"line":323,"column":48}},"loc":{"start":{"line":323,"column":66},"end":{"line":329,"column":7}},"line":323},"39":{"name":"(anonymous_39)","decl":{"start":{"line":330,"column":47},"end":{"line":330,"column":48}},"loc":{"start":{"line":330,"column":66},"end":{"line":333,"column":7}},"line":330}},"branchMap":{"0":{"loc":{"start":{"line":27,"column":6},"end":{"line":29,"column":7}},"type":"if","locations":[{"start":{"line":27,"column":6},"end":{"line":29,"column":7}},{"start":{},"end":{}}],"line":27},"1":{"loc":{"start":{"line":33,"column":29},"end":{"line":33,"column":85}},"type":"binary-expr","locations":[{"start":{"line":33,"column":29},"end":{"line":33,"column":49}},{"start":{"line":33,"column":53},"end":{"line":33,"column":85}}],"line":33},"2":{"loc":{"start":{"line":47,"column":29},"end":{"line":47,"column":76}},"type":"binary-expr","locations":[{"start":{"line":47,"column":29},"end":{"line":47,"column":49}},{"start":{"line":47,"column":53},"end":{"line":47,"column":76}}],"line":47},"3":{"loc":{"start":{"line":59,"column":29},"end":{"line":59,"column":76}},"type":"binary-expr","locations":[{"start":{"line":59,"column":29},"end":{"line":59,"column":49}},{"start":{"line":59,"column":53},"end":{"line":59,"column":76}}],"line":59},"4":{"loc":{"start":{"line":83,"column":29},"end":{"line":83,"column":88}},"type":"binary-expr","locations":[{"start":{"line":83,"column":29},"end":{"line":83,"column":49}},{"start":{"line":83,"column":53},"end":{"line":83,"column":88}}],"line":83},"5":{"loc":{"start":{"line":106,"column":29},"end":{"line":106,"column":88}},"type":"binary-expr","locations":[{"start":{"line":106,"column":29},"end":{"line":106,"column":49}},{"start":{"line":106,"column":53},"end":{"line":106,"column":88}}],"line":106},"6":{"loc":{"start":{"line":117,"column":6},"end":{"line":120,"column":7}},"type":"if","locations":[{"start":{"line":117,"column":6},"end":{"line":120,"column":7}},{"start":{},"end":{}}],"line":117},"7":{"loc":{"start":{"line":124,"column":29},"end":{"line":124,"column":66}},"type":"binary-expr","locations":[{"start":{"line":124,"column":29},"end":{"line":124,"column":49}},{"start":{"line":124,"column":53},"end":{"line":124,"column":66}}],"line":124},"8":{"loc":{"start":{"line":138,"column":29},"end":{"line":138,"column":66}},"type":"binary-expr","locations":[{"start":{"line":138,"column":29},"end":{"line":138,"column":49}},{"start":{"line":138,"column":53},"end":{"line":138,"column":66}}],"line":138},"9":{"loc":{"start":{"line":162,"column":29},"end":{"line":162,"column":85}},"type":"binary-expr","locations":[{"start":{"line":162,"column":29},"end":{"line":162,"column":49}},{"start":{"line":162,"column":53},"end":{"line":162,"column":85}}],"line":162},"10":{"loc":{"start":{"line":181,"column":29},"end":{"line":181,"column":85}},"type":"binary-expr","locations":[{"start":{"line":181,"column":29},"end":{"line":181,"column":49}},{"start":{"line":181,"column":53},"end":{"line":181,"column":85}}],"line":181},"11":{"loc":{"start":{"line":207,"column":8},"end":{"line":212,"column":9}},"type":"if","locations":[{"start":{"line":207,"column":8},"end":{"line":212,"column":9}},{"start":{"line":209,"column":15},"end":{"line":212,"column":9}}],"line":207},"12":{"loc":{"start":{"line":209,"column":15},"end":{"line":212,"column":9}},"type":"if","locations":[{"start":{"line":209,"column":15},"end":{"line":212,"column":9}},{"start":{},"end":{}}],"line":209},"13":{"loc":{"start":{"line":217,"column":22},"end":{"line":217,"column":62}},"type":"binary-expr","locations":[{"start":{"line":217,"column":22},"end":{"line":217,"column":36}},{"start":{"line":217,"column":40},"end":{"line":217,"column":62}}],"line":217},"14":{"loc":{"start":{"line":227,"column":45},"end":{"line":227,"column":84}},"type":"cond-expr","locations":[{"start":{"line":227,"column":67},"end":{"line":227,"column":78}},{"start":{"line":227,"column":80},"end":{"line":227,"column":84}}],"line":227},"15":{"loc":{"start":{"line":282,"column":8},"end":{"line":284,"column":9}},"type":"if","locations":[{"start":{"line":282,"column":8},"end":{"line":284,"column":9}},{"start":{},"end":{}}],"line":282}},"s":{"0":1,"1":0,"2":0,"3":0,"4":0,"5":0,"6":1,"7":0,"8":0,"9":0,"10":0,"11":0,"12":0,"13":0,"14":0,"15":1,"16":0,"17":0,"18":0,"19":0,"20":0,"21":0,"22":1,"23":0,"24":0,"25":0,"26":0,"27":1,"28":0,"29":0,"30":0,"31":0,"32":0,"33":0,"34":0,"35":1,"36":0,"37":0,"38":0,"39":0,"40":0,"41":0,"42":1,"43":0,"44":0,"45":0,"46":0,"47":0,"48":0,"49":0,"50":0,"51":1,"52":0,"53":0,"54":0,"55":0,"56":0,"57":0,"58":1,"59":0,"60":0,"61":0,"62":0,"63":0,"64":0,"65":0,"66":1,"67":0,"68":0,"69":0,"70":0,"71":0,"72":0,"73":0,"74":1,"75":0,"76":0,"77":0,"78":0,"79":0,"80":0,"81":0,"82":0,"83":0,"84":0,"85":0,"86":0,"87":0,"88":0,"89":0,"90":0,"91":0,"92":0,"93":0,"94":0,"95":0,"96":0,"97":0,"98":0,"99":0,"100":0,"101":0,"102":0,"103":0,"104":0,"105":0,"106":0,"107":0,"108":0,"109":0,"110":0,"111":0,"112":0,"113":0,"114":0,"115":0,"116":0,"117":0,"118":0,"119":0,"120":0,"121":0,"122":0,"123":0,"124":0,"125":0,"126":0,"127":0,"128":0,"129":0,"130":0,"131":0,"132":0,"133":0,"134":0,"135":0,"136":0,"137":0,"138":0,"139":0},"f":{"0":0,"1":0,"2":0,"3":0,"4":0,"5":0,"6":0,"7":0,"8":0,"9":0,"10":0,"11":0,"12":0,"13":0,"14":0,"15":0,"16":0,"17":0,"18":0,"19":0,"20":0,"21":0,"22":0,"23":0,"24":0,"25":0,"26":0,"27":0,"28":0,"29":0,"30":0,"31":0,"32":0,"33":0,"34":0,"35":0,"36":0,"37":0,"38":0,"39":0},"b":{"0":[0,0],"1":[0,0],"2":[0,0],"3":[0,0],"4":[0,0],"5":[0,0],"6":[0,0],"7":[0,0],"8":[0,0],"9":[0,0],"10":[0,0],"11":[0,0],"12":[0,0],"13":[0,0],"14":[0,0],"15":[0,0]},"_coverageSchema":"1a1c01bbd47fc00a2c39e90264f33305004495a9","hash":"72fabe58ff4f142457c07f5bc8bbbc284597624d"}
,"C:\\Users\\Vikas.Boga\\OneDrive - Brillio\\Desktop\\frontend updated final\\front-end - Copy\\src\\utils\\apiClientEngineer.js": {"path":"C:\\Users\\Vikas.Boga\\OneDrive - Brillio\\Desktop\\frontend updated final\\front-end - Copy\\src\\utils\\apiClientEngineer.js","statementMap":{"0":{"start":{"line":5,"column":18},"end":{"line":12,"column":2}},"1":{"start":{"line":15,"column":0},"end":{"line":41,"column":3}},"2":{"start":{"line":16,"column":2},"end":{"line":37,"column":3}},"3":{"start":{"line":17,"column":18},"end":{"line":17,"column":49}},"4":{"start":{"line":18,"column":18},"end":{"line":18,"column":49}},"5":{"start":{"line":19,"column":17},"end":{"line":19,"column":47}},"6":{"start":{"line":20,"column":4},"end":{"line":22,"column":5}},"7":{"start":{"line":21,"column":8},"end":{"line":21,"column":60}},"8":{"start":{"line":23,"column":4},"end":{"line":28,"column":3}},"9":{"start":{"line":24,"column":6},"end":{"line":24,"column":45}},"10":{"start":{"line":27,"column":4},"end":{"line":27,"column":42}},"11":{"start":{"line":29,"column":2},"end":{"line":34,"column":3}},"12":{"start":{"line":30,"column":6},"end":{"line":30,"column":43}},"13":{"start":{"line":33,"column":4},"end":{"line":33,"column":41}},"14":{"start":{"line":36,"column":4},"end":{"line":36,"column":60}},"15":{"start":{"line":38,"column":4},"end":{"line":38,"column":18}},"16":{"start":{"line":40,"column":2},"end":{"line":40,"column":31}},"17":{"start":{"line":43,"column":20},"end":{"line":43,"column":25}},"18":{"start":{"line":45,"column":0},"end":{"line":61,"column":2}},"19":{"start":{"line":46,"column":18},"end":{"line":46,"column":26}},"20":{"start":{"line":48,"column":8},"end":{"line":58,"column":9}},"21":{"start":{"line":49,"column":12},"end":{"line":57,"column":13}},"22":{"start":{"line":50,"column":16},"end":{"line":50,"column":37}},"23":{"start":{"line":51,"column":16},"end":{"line":51,"column":63}},"24":{"start":{"line":52,"column":16},"end":{"line":52,"column":39}},"25":{"start":{"line":53,"column":16},"end":{"line":55,"column":15}},"26":{"start":{"line":54,"column":18},"end":{"line":54,"column":50}},"27":{"start":{"line":59,"column":8},"end":{"line":59,"column":37}}},"fnMap":{"0":{"name":"(anonymous_0)","decl":{"start":{"line":15,"column":35},"end":{"line":15,"column":36}},"loc":{"start":{"line":15,"column":47},"end":{"line":39,"column":1}},"line":15},"1":{"name":"(anonymous_1)","decl":{"start":{"line":39,"column":3},"end":{"line":39,"column":4}},"loc":{"start":{"line":39,"column":13},"end":{"line":41,"column":1}},"line":39},"2":{"name":"(anonymous_2)","decl":{"start":{"line":46,"column":4},"end":{"line":46,"column":5}},"loc":{"start":{"line":46,"column":18},"end":{"line":46,"column":26}},"line":46},"3":{"name":"(anonymous_3)","decl":{"start":{"line":47,"column":4},"end":{"line":47,"column":5}},"loc":{"start":{"line":47,"column":21},"end":{"line":60,"column":5}},"line":47}},"branchMap":{"0":{"loc":{"start":{"line":20,"column":4},"end":{"line":22,"column":5}},"type":"if","locations":[{"start":{"line":20,"column":4},"end":{"line":22,"column":5}},{"start":{},"end":{}}],"line":20},"1":{"loc":{"start":{"line":23,"column":4},"end":{"line":28,"column":3}},"type":"if","locations":[{"start":{"line":23,"column":4},"end":{"line":28,"column":3}},{"start":{"line":26,"column":7},"end":{"line":28,"column":3}}],"line":23},"2":{"loc":{"start":{"line":29,"column":2},"end":{"line":34,"column":3}},"type":"if","locations":[{"start":{"line":29,"column":2},"end":{"line":34,"column":3}},{"start":{"line":32,"column":7},"end":{"line":34,"column":3}}],"line":29},"3":{"loc":{"start":{"line":48,"column":8},"end":{"line":58,"column":9}},"type":"if","locations":[{"start":{"line":48,"column":8},"end":{"line":58,"column":9}},{"start":{},"end":{}}],"line":48},"4":{"loc":{"start":{"line":48,"column":12},"end":{"line":48,"column":59}},"type":"binary-expr","locations":[{"start":{"line":48,"column":12},"end":{"line":48,"column":26}},{"start":{"line":48,"column":30},"end":{"line":48,"column":59}}],"line":48},"5":{"loc":{"start":{"line":49,"column":12},"end":{"line":57,"column":13}},"type":"if","locations":[{"start":{"line":49,"column":12},"end":{"line":57,"column":13}},{"start":{},"end":{}}],"line":49},"6":{"loc":{"start":{"line":53,"column":16},"end":{"line":55,"column":15}},"type":"if","locations":[{"start":{"line":53,"column":16},"end":{"line":55,"column":15}},{"start":{},"end":{}}],"line":53}},"s":{"0":1,"1":1,"2":0,"3":0,"4":0,"5":0,"6":0,"7":0,"8":0,"9":0,"10":0,"11":0,"12":0,"13":0,"14":0,"15":0,"16":0,"17":1,"18":1,"19":0,"20":0,"21":0,"22":0,"23":0,"24":0,"25":0,"26":0,"27":0},"f":{"0":0,"1":0,"2":0,"3":0},"b":{"0":[0,0],"1":[0,0],"2":[0,0],"3":[0,0],"4":[0,0],"5":[0,0],"6":[0,0]},"_coverageSchema":"1a1c01bbd47fc00a2c39e90264f33305004495a9","hash":"4d1525c4efc944d155ce3877f102ffdd85f5824b"}
,"C:\\Users\\Vikas.Boga\\OneDrive - Brillio\\Desktop\\frontend updated final\\front-end - Copy\\src\\utils\\apiClientNH.js": {"path":"C:\\Users\\Vikas.Boga\\OneDrive - Brillio\\Desktop\\frontend updated final\\front-end - Copy\\src\\utils\\apiClientNH.js","statementMap":{"0":{"start":{"line":5,"column":18},"end":{"line":12,"column":2}},"1":{"start":{"line":15,"column":0},"end":{"line":41,"column":3}},"2":{"start":{"line":16,"column":2},"end":{"line":37,"column":3}},"3":{"start":{"line":17,"column":18},"end":{"line":17,"column":49}},"4":{"start":{"line":18,"column":18},"end":{"line":18,"column":49}},"5":{"start":{"line":19,"column":17},"end":{"line":19,"column":47}},"6":{"start":{"line":20,"column":4},"end":{"line":22,"column":5}},"7":{"start":{"line":21,"column":8},"end":{"line":21,"column":60}},"8":{"start":{"line":23,"column":4},"end":{"line":28,"column":3}},"9":{"start":{"line":24,"column":6},"end":{"line":24,"column":45}},"10":{"start":{"line":27,"column":4},"end":{"line":27,"column":42}},"11":{"start":{"line":29,"column":2},"end":{"line":34,"column":3}},"12":{"start":{"line":30,"column":6},"end":{"line":30,"column":43}},"13":{"start":{"line":33,"column":4},"end":{"line":33,"column":41}},"14":{"start":{"line":36,"column":4},"end":{"line":36,"column":60}},"15":{"start":{"line":38,"column":4},"end":{"line":38,"column":18}},"16":{"start":{"line":40,"column":2},"end":{"line":40,"column":31}},"17":{"start":{"line":43,"column":20},"end":{"line":43,"column":25}},"18":{"start":{"line":45,"column":0},"end":{"line":61,"column":2}},"19":{"start":{"line":46,"column":18},"end":{"line":46,"column":26}},"20":{"start":{"line":48,"column":8},"end":{"line":58,"column":9}},"21":{"start":{"line":49,"column":12},"end":{"line":57,"column":13}},"22":{"start":{"line":50,"column":16},"end":{"line":50,"column":37}},"23":{"start":{"line":51,"column":16},"end":{"line":51,"column":63}},"24":{"start":{"line":52,"column":16},"end":{"line":52,"column":39}},"25":{"start":{"line":53,"column":16},"end":{"line":55,"column":15}},"26":{"start":{"line":54,"column":18},"end":{"line":54,"column":50}},"27":{"start":{"line":59,"column":8},"end":{"line":59,"column":37}}},"fnMap":{"0":{"name":"(anonymous_0)","decl":{"start":{"line":15,"column":35},"end":{"line":15,"column":36}},"loc":{"start":{"line":15,"column":47},"end":{"line":39,"column":1}},"line":15},"1":{"name":"(anonymous_1)","decl":{"start":{"line":39,"column":3},"end":{"line":39,"column":4}},"loc":{"start":{"line":39,"column":13},"end":{"line":41,"column":1}},"line":39},"2":{"name":"(anonymous_2)","decl":{"start":{"line":46,"column":4},"end":{"line":46,"column":5}},"loc":{"start":{"line":46,"column":18},"end":{"line":46,"column":26}},"line":46},"3":{"name":"(anonymous_3)","decl":{"start":{"line":47,"column":4},"end":{"line":47,"column":5}},"loc":{"start":{"line":47,"column":21},"end":{"line":60,"column":5}},"line":47}},"branchMap":{"0":{"loc":{"start":{"line":20,"column":4},"end":{"line":22,"column":5}},"type":"if","locations":[{"start":{"line":20,"column":4},"end":{"line":22,"column":5}},{"start":{},"end":{}}],"line":20},"1":{"loc":{"start":{"line":23,"column":4},"end":{"line":28,"column":3}},"type":"if","locations":[{"start":{"line":23,"column":4},"end":{"line":28,"column":3}},{"start":{"line":26,"column":7},"end":{"line":28,"column":3}}],"line":23},"2":{"loc":{"start":{"line":29,"column":2},"end":{"line":34,"column":3}},"type":"if","locations":[{"start":{"line":29,"column":2},"end":{"line":34,"column":3}},{"start":{"line":32,"column":7},"end":{"line":34,"column":3}}],"line":29},"3":{"loc":{"start":{"line":48,"column":8},"end":{"line":58,"column":9}},"type":"if","locations":[{"start":{"line":48,"column":8},"end":{"line":58,"column":9}},{"start":{},"end":{}}],"line":48},"4":{"loc":{"start":{"line":48,"column":12},"end":{"line":48,"column":59}},"type":"binary-expr","locations":[{"start":{"line":48,"column":12},"end":{"line":48,"column":26}},{"start":{"line":48,"column":30},"end":{"line":48,"column":59}}],"line":48},"5":{"loc":{"start":{"line":49,"column":12},"end":{"line":57,"column":13}},"type":"if","locations":[{"start":{"line":49,"column":12},"end":{"line":57,"column":13}},{"start":{},"end":{}}],"line":49},"6":{"loc":{"start":{"line":53,"column":16},"end":{"line":55,"column":15}},"type":"if","locations":[{"start":{"line":53,"column":16},"end":{"line":55,"column":15}},{"start":{},"end":{}}],"line":53}},"s":{"0":1,"1":1,"2":0,"3":0,"4":0,"5":0,"6":0,"7":0,"8":0,"9":0,"10":0,"11":0,"12":0,"13":0,"14":0,"15":0,"16":0,"17":1,"18":1,"19":0,"20":0,"21":0,"22":0,"23":0,"24":0,"25":0,"26":0,"27":0},"f":{"0":0,"1":0,"2":0,"3":0},"b":{"0":[0,0],"1":[0,0],"2":[0,0],"3":[0,0],"4":[0,0],"5":[0,0],"6":[0,0]},"_coverageSchema":"1a1c01bbd47fc00a2c39e90264f33305004495a9","hash":"dfa9a920e3f35ce3b0bd819e63302b43f23c13b6"}
,"C:\\Users\\Vikas.Boga\\OneDrive - Brillio\\Desktop\\frontend updated final\\front-end - Copy\\src\\utils\\apiClientUser.js": {"path":"C:\\Users\\Vikas.Boga\\OneDrive - Brillio\\Desktop\\frontend updated final\\front-end - Copy\\src\\utils\\apiClientUser.js","statementMap":{"0":{"start":{"line":5,"column":18},"end":{"line":12,"column":2}},"1":{"start":{"line":15,"column":0},"end":{"line":41,"column":3}},"2":{"start":{"line":16,"column":2},"end":{"line":37,"column":3}},"3":{"start":{"line":17,"column":18},"end":{"line":17,"column":49}},"4":{"start":{"line":18,"column":18},"end":{"line":18,"column":49}},"5":{"start":{"line":19,"column":17},"end":{"line":19,"column":47}},"6":{"start":{"line":20,"column":4},"end":{"line":22,"column":5}},"7":{"start":{"line":21,"column":8},"end":{"line":21,"column":60}},"8":{"start":{"line":23,"column":4},"end":{"line":28,"column":3}},"9":{"start":{"line":24,"column":6},"end":{"line":24,"column":45}},"10":{"start":{"line":27,"column":4},"end":{"line":27,"column":42}},"11":{"start":{"line":29,"column":2},"end":{"line":34,"column":3}},"12":{"start":{"line":30,"column":6},"end":{"line":30,"column":43}},"13":{"start":{"line":33,"column":4},"end":{"line":33,"column":41}},"14":{"start":{"line":36,"column":4},"end":{"line":36,"column":60}},"15":{"start":{"line":38,"column":4},"end":{"line":38,"column":18}},"16":{"start":{"line":40,"column":2},"end":{"line":40,"column":31}},"17":{"start":{"line":43,"column":20},"end":{"line":43,"column":25}},"18":{"start":{"line":45,"column":0},"end":{"line":61,"column":2}},"19":{"start":{"line":46,"column":18},"end":{"line":46,"column":26}},"20":{"start":{"line":48,"column":8},"end":{"line":58,"column":9}},"21":{"start":{"line":49,"column":12},"end":{"line":57,"column":13}},"22":{"start":{"line":50,"column":16},"end":{"line":50,"column":37}},"23":{"start":{"line":51,"column":16},"end":{"line":51,"column":63}},"24":{"start":{"line":52,"column":16},"end":{"line":52,"column":39}},"25":{"start":{"line":53,"column":16},"end":{"line":55,"column":15}},"26":{"start":{"line":54,"column":18},"end":{"line":54,"column":50}},"27":{"start":{"line":59,"column":8},"end":{"line":59,"column":37}}},"fnMap":{"0":{"name":"(anonymous_0)","decl":{"start":{"line":15,"column":35},"end":{"line":15,"column":36}},"loc":{"start":{"line":15,"column":47},"end":{"line":39,"column":1}},"line":15},"1":{"name":"(anonymous_1)","decl":{"start":{"line":39,"column":3},"end":{"line":39,"column":4}},"loc":{"start":{"line":39,"column":13},"end":{"line":41,"column":1}},"line":39},"2":{"name":"(anonymous_2)","decl":{"start":{"line":46,"column":4},"end":{"line":46,"column":5}},"loc":{"start":{"line":46,"column":18},"end":{"line":46,"column":26}},"line":46},"3":{"name":"(anonymous_3)","decl":{"start":{"line":47,"column":4},"end":{"line":47,"column":5}},"loc":{"start":{"line":47,"column":21},"end":{"line":60,"column":5}},"line":47}},"branchMap":{"0":{"loc":{"start":{"line":20,"column":4},"end":{"line":22,"column":5}},"type":"if","locations":[{"start":{"line":20,"column":4},"end":{"line":22,"column":5}},{"start":{},"end":{}}],"line":20},"1":{"loc":{"start":{"line":23,"column":4},"end":{"line":28,"column":3}},"type":"if","locations":[{"start":{"line":23,"column":4},"end":{"line":28,"column":3}},{"start":{"line":26,"column":7},"end":{"line":28,"column":3}}],"line":23},"2":{"loc":{"start":{"line":29,"column":2},"end":{"line":34,"column":3}},"type":"if","locations":[{"start":{"line":29,"column":2},"end":{"line":34,"column":3}},{"start":{"line":32,"column":7},"end":{"line":34,"column":3}}],"line":29},"3":{"loc":{"start":{"line":48,"column":8},"end":{"line":58,"column":9}},"type":"if","locations":[{"start":{"line":48,"column":8},"end":{"line":58,"column":9}},{"start":{},"end":{}}],"line":48},"4":{"loc":{"start":{"line":48,"column":12},"end":{"line":48,"column":59}},"type":"binary-expr","locations":[{"start":{"line":48,"column":12},"end":{"line":48,"column":26}},{"start":{"line":48,"column":30},"end":{"line":48,"column":59}}],"line":48},"5":{"loc":{"start":{"line":49,"column":12},"end":{"line":57,"column":13}},"type":"if","locations":[{"start":{"line":49,"column":12},"end":{"line":57,"column":13}},{"start":{},"end":{}}],"line":49},"6":{"loc":{"start":{"line":53,"column":16},"end":{"line":55,"column":15}},"type":"if","locations":[{"start":{"line":53,"column":16},"end":{"line":55,"column":15}},{"start":{},"end":{}}],"line":53}},"s":{"0":1,"1":1,"2":0,"3":0,"4":0,"5":0,"6":0,"7":0,"8":0,"9":0,"10":0,"11":0,"12":0,"13":0,"14":0,"15":0,"16":0,"17":1,"18":1,"19":0,"20":0,"21":0,"22":0,"23":0,"24":0,"25":0,"26":0,"27":0},"f":{"0":0,"1":0,"2":0,"3":0},"b":{"0":[0,0],"1":[0,0],"2":[0,0],"3":[0,0],"4":[0,0],"5":[0,0],"6":[0,0]},"_coverageSchema":"1a1c01bbd47fc00a2c39e90264f33305004495a9","hash":"d14d130d01343e56791a6ea29349f2022930af2c"}
}
