{"C:\\Users\\Lakshmana.H\\OneDrive - Brillio\\Desktop\\FSM\\React\\jest-react\\src\\App.jsx": {"path":"C:\\Users\\Lakshmana.H\\OneDrive - Brillio\\Desktop\\FSM\\React\\jest-react\\src\\App.jsx","statementMap":{"0":{"start":{"line":36,"column":2},"end":{"line":114,"column":4}}},"fnMap":{"0":{"name":"App","decl":{"start":{"line":35,"column":9},"end":{"line":35,"column":12}},"loc":{"start":{"line":35,"column":15},"end":{"line":115,"column":1}},"line":35}},"branchMap":{},"s":{"0":26},"f":{"0":26},"b":{},"_coverageSchema":"1a1c01bbd47fc00a2c39e90264f33305004495a9","hash":"4f86dbdc2425f630c18e4353cf599cce29e09efe"}
,"C:\\Users\\Lakshmana.H\\OneDrive - Brillio\\Desktop\\FSM\\React\\jest-react\\src\\compoents\\CustomCard.jsx": {"path":"C:\\Users\\Lakshmana.H\\OneDrive - Brillio\\Desktop\\FSM\\React\\jest-react\\src\\compoents\\CustomCard.jsx","statementMap":{"0":{"start":{"line":3,"column":19},"end":{"line":17,"column":1}},"1":{"start":{"line":4,"column":2},"end":{"line":16,"column":4}}},"fnMap":{"0":{"name":"(anonymous_0)","decl":{"start":{"line":3,"column":19},"end":{"line":3,"column":20}},"loc":{"start":{"line":3,"column":56},"end":{"line":17,"column":1}},"line":3}},"branchMap":{"0":{"loc":{"start":{"line":8,"column":11},"end":{"line":8,"column":55}},"type":"binary-expr","locations":[{"start":{"line":8,"column":11},"end":{"line":8,"column":15}},{"start":{"line":8,"column":19},"end":{"line":8,"column":55}}],"line":8}},"s":{"0":1,"1":3},"f":{"0":3},"b":{"0":[3,1]},"_coverageSchema":"1a1c01bbd47fc00a2c39e90264f33305004495a9","hash":"34e662f462edefcf7bbf46ba66245d99c167d84e"}
,"C:\\Users\\Lakshmana.H\\OneDrive - Brillio\\Desktop\\FSM\\React\\jest-react\\src\\compoents\\Footer.jsx": {"path":"C:\\Users\\Lakshmana.H\\OneDrive - Brillio\\Desktop\\FSM\\React\\jest-react\\src\\compoents\\Footer.jsx","statementMap":{"0":{"start":{"line":3,"column":4},"end":{"line":50,"column":5}}},"fnMap":{"0":{"name":"Footer","decl":{"start":{"line":2,"column":9},"end":{"line":2,"column":15}},"loc":{"start":{"line":2,"column":18},"end":{"line":51,"column":1}},"line":2}},"branchMap":{},"s":{"0":8},"f":{"0":8},"b":{},"_coverageSchema":"1a1c01bbd47fc00a2c39e90264f33305004495a9","hash":"05408aaf2502a07f10b4d5ff427ae273fb8700be"}
,"C:\\Users\\Lakshmana.H\\OneDrive - Brillio\\Desktop\\FSM\\React\\jest-react\\src\\compoents\\Loadingpage.jsx": {"path":"C:\\Users\\Lakshmana.H\\OneDrive - Brillio\\Desktop\\FSM\\React\\jest-react\\src\\compoents\\Loadingpage.jsx","statementMap":{"0":{"start":{"line":3,"column":24},"end":{"line":58,"column":1}},"1":{"start":{"line":4,"column":2},"end":{"line":57,"column":4}},"2":{"start":{"line":21,"column":10},"end":{"line":43,"column":16}},"3":{"start":{"line":50,"column":10},"end":{"line":53,"column":12}}},"fnMap":{"0":{"name":"(anonymous_0)","decl":{"start":{"line":3,"column":24},"end":{"line":3,"column":25}},"loc":{"start":{"line":3,"column":30},"end":{"line":58,"column":1}},"line":3},"1":{"name":"(anonymous_1)","decl":{"start":{"line":20,"column":27},"end":{"line":20,"column":28}},"loc":{"start":{"line":21,"column":10},"end":{"line":43,"column":16}},"line":21},"2":{"name":"(anonymous_2)","decl":{"start":{"line":49,"column":27},"end":{"line":49,"column":28}},"loc":{"start":{"line":50,"column":10},"end":{"line":53,"column":12}},"line":50}},"branchMap":{},"s":{"0":1,"1":4,"2":24,"3":12},"f":{"0":4,"1":24,"2":12},"b":{},"_coverageSchema":"1a1c01bbd47fc00a2c39e90264f33305004495a9","hash":"e5ac2ceb641730942def339268fb569f29a26d5e"}
,"C:\\Users\\Lakshmana.H\\OneDrive - Brillio\\Desktop\\FSM\\React\\jest-react\\src\\compoents\\Modal.jsx": {"path":"C:\\Users\\Lakshmana.H\\OneDrive - Brillio\\Desktop\\FSM\\React\\jest-react\\src\\compoents\\Modal.jsx","statementMap":{"0":{"start":{"line":5,"column":14},"end":{"line":24,"column":1}},"1":{"start":{"line":6,"column":2},"end":{"line":6,"column":27}},"2":{"start":{"line":6,"column":15},"end":{"line":6,"column":27}},"3":{"start":{"line":8,"column":2},"end":{"line":23,"column":4}}},"fnMap":{"0":{"name":"(anonymous_0)","decl":{"start":{"line":5,"column":14},"end":{"line":5,"column":15}},"loc":{"start":{"line":5,"column":49},"end":{"line":24,"column":1}},"line":5}},"branchMap":{"0":{"loc":{"start":{"line":6,"column":2},"end":{"line":6,"column":27}},"type":"if","locations":[{"start":{"line":6,"column":2},"end":{"line":6,"column":27}},{"start":{},"end":{}}],"line":6}},"s":{"0":1,"1":3,"2":1,"3":2},"f":{"0":3},"b":{"0":[1,2]},"_coverageSchema":"1a1c01bbd47fc00a2c39e90264f33305004495a9","hash":"afa51bd8415e3a46db2616a6234deed248eb6431"}
,"C:\\Users\\Lakshmana.H\\OneDrive - Brillio\\Desktop\\FSM\\React\\jest-react\\src\\compoents\\footers.jsx": {"path":"C:\\Users\\Lakshmana.H\\OneDrive - Brillio\\Desktop\\FSM\\React\\jest-react\\src\\compoents\\footers.jsx","statementMap":{"0":{"start":{"line":4,"column":15},"end":{"line":32,"column":1}},"1":{"start":{"line":5,"column":2},"end":{"line":31,"column":4}}},"fnMap":{"0":{"name":"(anonymous_0)","decl":{"start":{"line":4,"column":15},"end":{"line":4,"column":16}},"loc":{"start":{"line":4,"column":34},"end":{"line":32,"column":1}},"line":4}},"branchMap":{},"s":{"0":1,"1":4},"f":{"0":4},"b":{},"_coverageSchema":"1a1c01bbd47fc00a2c39e90264f33305004495a9","hash":"9751ba9373827a6af2477044377d542a9038ddf6"}
,"C:\\Users\\Lakshmana.H\\OneDrive - Brillio\\Desktop\\FSM\\React\\jest-react\\src\\config\\apiConfigAdmin.js": {"path":"C:\\Users\\Lakshmana.H\\OneDrive - Brillio\\Desktop\\FSM\\React\\jest-react\\src\\config\\apiConfigAdmin.js","statementMap":{"0":{"start":{"line":1,"column":22},"end":{"line":1,"column":50}}},"fnMap":{},"branchMap":{},"s":{"0":12},"f":{},"b":{},"_coverageSchema":"1a1c01bbd47fc00a2c39e90264f33305004495a9","hash":"de90a27bd734b59e18baa0306ef22ad99386c315"}
,"C:\\Users\\Lakshmana.H\\OneDrive - Brillio\\Desktop\\FSM\\React\\jest-react\\src\\config\\apiConfigEngineer.js": {"path":"C:\\Users\\Lakshmana.H\\OneDrive - Brillio\\Desktop\\FSM\\React\\jest-react\\src\\config\\apiConfigEngineer.js","statementMap":{"0":{"start":{"line":1,"column":22},"end":{"line":1,"column":50}}},"fnMap":{},"branchMap":{},"s":{"0":9},"f":{},"b":{},"_coverageSchema":"1a1c01bbd47fc00a2c39e90264f33305004495a9","hash":"8b702a6c2f0b0982612177aa550c8d47e8cc8ec8"}
,"C:\\Users\\Lakshmana.H\\OneDrive - Brillio\\Desktop\\FSM\\React\\jest-react\\src\\config\\apiConfigNH.js": {"path":"C:\\Users\\Lakshmana.H\\OneDrive - Brillio\\Desktop\\FSM\\React\\jest-react\\src\\config\\apiConfigNH.js","statementMap":{"0":{"start":{"line":1,"column":19},"end":{"line":1,"column":47}}},"fnMap":{},"branchMap":{},"s":{"0":10},"f":{},"b":{},"_coverageSchema":"1a1c01bbd47fc00a2c39e90264f33305004495a9","hash":"243255ead1e775a053bd2539b8c8e72511c981a4"}
,"C:\\Users\\Lakshmana.H\\OneDrive - Brillio\\Desktop\\FSM\\React\\jest-react\\src\\config\\apiConfigUser.js": {"path":"C:\\Users\\Lakshmana.H\\OneDrive - Brillio\\Desktop\\FSM\\React\\jest-react\\src\\config\\apiConfigUser.js","statementMap":{"0":{"start":{"line":1,"column":21},"end":{"line":1,"column":49}}},"fnMap":{},"branchMap":{},"s":{"0":13},"f":{},"b":{},"_coverageSchema":"1a1c01bbd47fc00a2c39e90264f33305004495a9","hash":"b1502dbb5461285685dcca2ddfb9d2bad9b746d7"}
,"C:\\Users\\Lakshmana.H\\OneDrive - Brillio\\Desktop\\FSM\\React\\jest-react\\src\\page\\Admin\\AdminCompletedTasks.jsx": {"path":"C:\\Users\\Lakshmana.H\\OneDrive - Brillio\\Desktop\\FSM\\React\\jest-react\\src\\page\\Admin\\AdminCompletedTasks.jsx","statementMap":{"0":{"start":{"line":8,"column":28},"end":{"line":31,"column":1}},"1":{"start":{"line":9,"column":19},"end":{"line":9,"column":32}},"2":{"start":{"line":10,"column":36},"end":{"line":10,"column":71}},"3":{"start":{"line":10,"column":59},"end":{"line":10,"column":70}},"4":{"start":{"line":12,"column":2},"end":{"line":14,"column":17}},"5":{"start":{"line":13,"column":4},"end":{"line":13,"column":30}},"6":{"start":{"line":16,"column":2},"end":{"line":16,"column":88}},"7":{"start":{"line":16,"column":15},"end":{"line":16,"column":88}},"8":{"start":{"line":17,"column":2},"end":{"line":17,"column":83}},"9":{"start":{"line":17,"column":13},"end":{"line":17,"column":83}},"10":{"start":{"line":19,"column":25},"end":{"line":19,"column":74}},"11":{"start":{"line":19,"column":46},"end":{"line":19,"column":73}},"12":{"start":{"line":21,"column":2},"end":{"line":21,"column":117}},"13":{"start":{"line":21,"column":35},"end":{"line":21,"column":117}},"14":{"start":{"line":23,"column":2},"end":{"line":30,"column":4}},"15":{"start":{"line":27,"column":8},"end":{"line":27,"column":63}}},"fnMap":{"0":{"name":"(anonymous_0)","decl":{"start":{"line":8,"column":28},"end":{"line":8,"column":29}},"loc":{"start":{"line":8,"column":34},"end":{"line":31,"column":1}},"line":8},"1":{"name":"(anonymous_1)","decl":{"start":{"line":10,"column":48},"end":{"line":10,"column":49}},"loc":{"start":{"line":10,"column":59},"end":{"line":10,"column":70}},"line":10},"2":{"name":"(anonymous_2)","decl":{"start":{"line":12,"column":12},"end":{"line":12,"column":13}},"loc":{"start":{"line":12,"column":18},"end":{"line":14,"column":3}},"line":12},"3":{"name":"(anonymous_3)","decl":{"start":{"line":19,"column":38},"end":{"line":19,"column":39}},"loc":{"start":{"line":19,"column":46},"end":{"line":19,"column":73}},"line":19},"4":{"name":"(anonymous_4)","decl":{"start":{"line":26,"column":26},"end":{"line":26,"column":27}},"loc":{"start":{"line":27,"column":8},"end":{"line":27,"column":63}},"line":27}},"branchMap":{"0":{"loc":{"start":{"line":16,"column":2},"end":{"line":16,"column":88}},"type":"if","locations":[{"start":{"line":16,"column":2},"end":{"line":16,"column":88}},{"start":{},"end":{}}],"line":16},"1":{"loc":{"start":{"line":17,"column":2},"end":{"line":17,"column":83}},"type":"if","locations":[{"start":{"line":17,"column":2},"end":{"line":17,"column":83}},{"start":{},"end":{}}],"line":17},"2":{"loc":{"start":{"line":21,"column":2},"end":{"line":21,"column":117}},"type":"if","locations":[{"start":{"line":21,"column":2},"end":{"line":21,"column":117}},{"start":{},"end":{}}],"line":21},"3":{"loc":{"start":{"line":27,"column":28},"end":{"line":27,"column":47}},"type":"binary-expr","locations":[{"start":{"line":27,"column":28},"end":{"line":27,"column":36}},{"start":{"line":27,"column":40},"end":{"line":27,"column":47}}],"line":27}},"s":{"0":1,"1":5,"2":5,"3":10,"4":5,"5":5,"6":5,"7":1,"8":4,"9":1,"10":3,"11":4,"12":3,"13":2,"14":1,"15":2},"f":{"0":5,"1":10,"2":5,"3":4,"4":2},"b":{"0":[1,4],"1":[1,3],"2":[2,1],"3":[2,2]},"_coverageSchema":"1a1c01bbd47fc00a2c39e90264f33305004495a9","hash":"491fa3079675866f0187fa55cda1d1ced508e458"}
,"C:\\Users\\Lakshmana.H\\OneDrive - Brillio\\Desktop\\FSM\\React\\jest-react\\src\\page\\Admin\\AdminDashboard.jsx": {"path":"C:\\Users\\Lakshmana.H\\OneDrive - Brillio\\Desktop\\FSM\\React\\jest-react\\src\\page\\Admin\\AdminDashboard.jsx","statementMap":{"0":{"start":{"line":10,"column":19},"end":{"line":10,"column":32}},"1":{"start":{"line":12,"column":2},"end":{"line":25,"column":4}}},"fnMap":{"0":{"name":"AdminDashboard","decl":{"start":{"line":9,"column":9},"end":{"line":9,"column":23}},"loc":{"start":{"line":9,"column":26},"end":{"line":26,"column":1}},"line":9}},"branchMap":{"0":{"loc":{"start":{"line":19,"column":11},"end":{"line":19,"column":61}},"type":"binary-expr","locations":[{"start":{"line":19,"column":11},"end":{"line":19,"column":47}},{"start":{"line":19,"column":51},"end":{"line":19,"column":61}}],"line":19},"1":{"loc":{"start":{"line":22,"column":11},"end":{"line":22,"column":80}},"type":"cond-expr","locations":[{"start":{"line":22,"column":50},"end":{"line":22,"column":67}},{"start":{"line":22,"column":70},"end":{"line":22,"column":80}}],"line":22}},"s":{"0":5,"1":5},"f":{"0":5},"b":{"0":[5,3],"1":[2,3]},"_coverageSchema":"1a1c01bbd47fc00a2c39e90264f33305004495a9","hash":"d5bbcc3d31c2fbcadf4b49ab5446400b6bd5af83"}
,"C:\\Users\\Lakshmana.H\\OneDrive - Brillio\\Desktop\\FSM\\React\\jest-react\\src\\page\\Admin\\AdminDeferredTasks.jsx": {"path":"C:\\Users\\Lakshmana.H\\OneDrive - Brillio\\Desktop\\FSM\\React\\jest-react\\src\\page\\Admin\\AdminDeferredTasks.jsx","statementMap":{"0":{"start":{"line":7,"column":27},"end":{"line":56,"column":1}},"1":{"start":{"line":8,"column":19},"end":{"line":8,"column":32}},"2":{"start":{"line":9,"column":36},"end":{"line":9,"column":71}},"3":{"start":{"line":9,"column":59},"end":{"line":9,"column":70}},"4":{"start":{"line":11,"column":2},"end":{"line":13,"column":17}},"5":{"start":{"line":12,"column":4},"end":{"line":12,"column":30}},"6":{"start":{"line":15,"column":2},"end":{"line":17,"column":3}},"7":{"start":{"line":16,"column":4},"end":{"line":16,"column":72}},"8":{"start":{"line":19,"column":2},"end":{"line":21,"column":3}},"9":{"start":{"line":20,"column":4},"end":{"line":20,"column":74}},"10":{"start":{"line":24,"column":24},"end":{"line":28,"column":9}},"11":{"start":{"line":25,"column":4},"end":{"line":27,"column":42}},"12":{"start":{"line":30,"column":2},"end":{"line":55,"column":4}},"13":{"start":{"line":39,"column":14},"end":{"line":39,"column":69}}},"fnMap":{"0":{"name":"(anonymous_0)","decl":{"start":{"line":7,"column":27},"end":{"line":7,"column":28}},"loc":{"start":{"line":7,"column":33},"end":{"line":56,"column":1}},"line":7},"1":{"name":"(anonymous_1)","decl":{"start":{"line":9,"column":48},"end":{"line":9,"column":49}},"loc":{"start":{"line":9,"column":59},"end":{"line":9,"column":70}},"line":9},"2":{"name":"(anonymous_2)","decl":{"start":{"line":11,"column":12},"end":{"line":11,"column":13}},"loc":{"start":{"line":11,"column":18},"end":{"line":13,"column":3}},"line":11},"3":{"name":"(anonymous_3)","decl":{"start":{"line":24,"column":38},"end":{"line":24,"column":39}},"loc":{"start":{"line":25,"column":4},"end":{"line":27,"column":42}},"line":25},"4":{"name":"(anonymous_4)","decl":{"start":{"line":38,"column":31},"end":{"line":38,"column":32}},"loc":{"start":{"line":39,"column":14},"end":{"line":39,"column":69}},"line":39}},"branchMap":{"0":{"loc":{"start":{"line":15,"column":2},"end":{"line":17,"column":3}},"type":"if","locations":[{"start":{"line":15,"column":2},"end":{"line":17,"column":3}},{"start":{},"end":{}}],"line":15},"1":{"loc":{"start":{"line":19,"column":2},"end":{"line":21,"column":3}},"type":"if","locations":[{"start":{"line":19,"column":2},"end":{"line":21,"column":3}},{"start":{},"end":{}}],"line":19},"2":{"loc":{"start":{"line":24,"column":24},"end":{"line":28,"column":9}},"type":"binary-expr","locations":[{"start":{"line":24,"column":24},"end":{"line":28,"column":3}},{"start":{"line":28,"column":7},"end":{"line":28,"column":9}}],"line":24},"3":{"loc":{"start":{"line":25,"column":4},"end":{"line":27,"column":42}},"type":"binary-expr","locations":[{"start":{"line":25,"column":4},"end":{"line":25,"column":44}},{"start":{"line":26,"column":4},"end":{"line":26,"column":31}},{"start":{"line":27,"column":4},"end":{"line":27,"column":42}}],"line":25},"4":{"loc":{"start":{"line":36,"column":9},"end":{"line":52,"column":9}},"type":"cond-expr","locations":[{"start":{"line":37,"column":10},"end":{"line":41,"column":16}},{"start":{"line":43,"column":10},"end":{"line":51,"column":16}}],"line":36},"5":{"loc":{"start":{"line":39,"column":34},"end":{"line":39,"column":53}},"type":"binary-expr","locations":[{"start":{"line":39,"column":34},"end":{"line":39,"column":42}},{"start":{"line":39,"column":46},"end":{"line":39,"column":53}}],"line":39}},"s":{"0":1,"1":6,"2":6,"3":12,"4":6,"5":6,"6":6,"7":1,"8":5,"9":1,"10":4,"11":5,"12":4,"13":3},"f":{"0":6,"1":12,"2":6,"3":5,"4":3},"b":{"0":[1,5],"1":[1,4],"2":[4,0],"3":[5,4,3],"4":[1,3],"5":[3,0]},"_coverageSchema":"1a1c01bbd47fc00a2c39e90264f33305004495a9","hash":"41f4ef0b348a0ada14bbfe4380ce192628351bf7"}
,"C:\\Users\\Lakshmana.H\\OneDrive - Brillio\\Desktop\\FSM\\React\\jest-react\\src\\page\\Admin\\AdminEngineerApproval.jsx": {"path":"C:\\Users\\Lakshmana.H\\OneDrive - Brillio\\Desktop\\FSM\\React\\jest-react\\src\\page\\Admin\\AdminEngineerApproval.jsx","statementMap":{"0":{"start":{"line":6,"column":30},"end":{"line":74,"column":1}},"1":{"start":{"line":7,"column":19},"end":{"line":7,"column":32}},"2":{"start":{"line":8,"column":45},"end":{"line":8,"column":80}},"3":{"start":{"line":8,"column":68},"end":{"line":8,"column":79}},"4":{"start":{"line":12,"column":2},"end":{"line":14,"column":17}},"5":{"start":{"line":13,"column":4},"end":{"line":13,"column":34}},"6":{"start":{"line":16,"column":25},"end":{"line":23,"column":3}},"7":{"start":{"line":17,"column":4},"end":{"line":22,"column":7}},"8":{"start":{"line":18,"column":8},"end":{"line":21,"column":16}},"9":{"start":{"line":19,"column":12},"end":{"line":19,"column":50}},"10":{"start":{"line":20,"column":12},"end":{"line":20,"column":42}},"11":{"start":{"line":25,"column":2},"end":{"line":25,"column":83}},"12":{"start":{"line":25,"column":15},"end":{"line":25,"column":83}},"13":{"start":{"line":26,"column":2},"end":{"line":26,"column":76}},"14":{"start":{"line":26,"column":13},"end":{"line":26,"column":76}},"15":{"start":{"line":27,"column":2},"end":{"line":27,"column":135}},"16":{"start":{"line":27,"column":59},"end":{"line":27,"column":135}},"17":{"start":{"line":29,"column":2},"end":{"line":73,"column":4}},"18":{"start":{"line":36,"column":8},"end":{"line":69,"column":14}},"19":{"start":{"line":47,"column":29},"end":{"line":47,"column":65}},"20":{"start":{"line":58,"column":29},"end":{"line":58,"column":66}}},"fnMap":{"0":{"name":"(anonymous_0)","decl":{"start":{"line":6,"column":30},"end":{"line":6,"column":31}},"loc":{"start":{"line":6,"column":36},"end":{"line":74,"column":1}},"line":6},"1":{"name":"(anonymous_1)","decl":{"start":{"line":8,"column":57},"end":{"line":8,"column":58}},"loc":{"start":{"line":8,"column":68},"end":{"line":8,"column":79}},"line":8},"2":{"name":"(anonymous_2)","decl":{"start":{"line":12,"column":12},"end":{"line":12,"column":13}},"loc":{"start":{"line":12,"column":18},"end":{"line":14,"column":3}},"line":12},"3":{"name":"(anonymous_3)","decl":{"start":{"line":16,"column":25},"end":{"line":16,"column":26}},"loc":{"start":{"line":16,"column":53},"end":{"line":23,"column":3}},"line":16},"4":{"name":"(anonymous_4)","decl":{"start":{"line":17,"column":63},"end":{"line":17,"column":64}},"loc":{"start":{"line":17,"column":69},"end":{"line":22,"column":5}},"line":17},"5":{"name":"(anonymous_5)","decl":{"start":{"line":18,"column":19},"end":{"line":18,"column":20}},"loc":{"start":{"line":18,"column":25},"end":{"line":21,"column":9}},"line":18},"6":{"name":"(anonymous_6)","decl":{"start":{"line":35,"column":21},"end":{"line":35,"column":22}},"loc":{"start":{"line":36,"column":8},"end":{"line":69,"column":14}},"line":36},"7":{"name":"(anonymous_7)","decl":{"start":{"line":47,"column":23},"end":{"line":47,"column":24}},"loc":{"start":{"line":47,"column":29},"end":{"line":47,"column":65}},"line":47},"8":{"name":"(anonymous_8)","decl":{"start":{"line":58,"column":23},"end":{"line":58,"column":24}},"loc":{"start":{"line":58,"column":29},"end":{"line":58,"column":66}},"line":58}},"branchMap":{"0":{"loc":{"start":{"line":8,"column":10},"end":{"line":8,"column":24}},"type":"default-arg","locations":[{"start":{"line":8,"column":22},"end":{"line":8,"column":24}}],"line":8},"1":{"loc":{"start":{"line":25,"column":2},"end":{"line":25,"column":83}},"type":"if","locations":[{"start":{"line":25,"column":2},"end":{"line":25,"column":83}},{"start":{},"end":{}}],"line":25},"2":{"loc":{"start":{"line":26,"column":2},"end":{"line":26,"column":76}},"type":"if","locations":[{"start":{"line":26,"column":2},"end":{"line":26,"column":76}},{"start":{},"end":{}}],"line":26},"3":{"loc":{"start":{"line":27,"column":2},"end":{"line":27,"column":135}},"type":"if","locations":[{"start":{"line":27,"column":2},"end":{"line":27,"column":135}},{"start":{},"end":{}}],"line":27},"4":{"loc":{"start":{"line":27,"column":6},"end":{"line":27,"column":57}},"type":"binary-expr","locations":[{"start":{"line":27,"column":6},"end":{"line":27,"column":31}},{"start":{"line":27,"column":35},"end":{"line":27,"column":57}}],"line":27},"5":{"loc":{"start":{"line":50,"column":18},"end":{"line":52,"column":90}},"type":"cond-expr","locations":[{"start":{"line":51,"column":20},"end":{"line":51,"column":63}},{"start":{"line":52,"column":20},"end":{"line":52,"column":90}}],"line":50},"6":{"loc":{"start":{"line":61,"column":18},"end":{"line":63,"column":86}},"type":"cond-expr","locations":[{"start":{"line":62,"column":20},"end":{"line":62,"column":63}},{"start":{"line":63,"column":20},"end":{"line":63,"column":86}}],"line":61}},"s":{"0":1,"1":7,"2":7,"3":14,"4":7,"5":7,"6":7,"7":2,"8":2,"9":2,"10":2,"11":7,"12":1,"13":6,"14":1,"15":5,"16":2,"17":3,"18":6,"19":1,"20":1},"f":{"0":7,"1":14,"2":7,"3":2,"4":2,"5":2,"6":6,"7":1,"8":1},"b":{"0":[0],"1":[1,6],"2":[1,5],"3":[2,3],"4":[5,5],"5":[3,3],"6":[3,3]},"_coverageSchema":"1a1c01bbd47fc00a2c39e90264f33305004495a9","hash":"aaa09b590a72feca020e8a3653fa25c8a01f699b"}
,"C:\\Users\\Lakshmana.H\\OneDrive - Brillio\\Desktop\\FSM\\React\\jest-react\\src\\page\\Admin\\AdminEngineerList.jsx": {"path":"C:\\Users\\Lakshmana.H\\OneDrive - Brillio\\Desktop\\FSM\\React\\jest-react\\src\\page\\Admin\\AdminEngineerList.jsx","statementMap":{"0":{"start":{"line":10,"column":26},"end":{"line":93,"column":1}},"1":{"start":{"line":11,"column":19},"end":{"line":11,"column":32}},"2":{"start":{"line":12,"column":19},"end":{"line":12,"column":32}},"3":{"start":{"line":13,"column":56},"end":{"line":13,"column":68}},"4":{"start":{"line":14,"column":38},"end":{"line":14,"column":50}},"5":{"start":{"line":15,"column":50},"end":{"line":15,"column":62}},"6":{"start":{"line":16,"column":53},"end":{"line":16,"column":88}},"7":{"start":{"line":16,"column":76},"end":{"line":16,"column":87}},"8":{"start":{"line":18,"column":2},"end":{"line":21,"column":17}},"9":{"start":{"line":19,"column":4},"end":{"line":19,"column":42}},"10":{"start":{"line":24,"column":2},"end":{"line":29,"column":19}},"11":{"start":{"line":25,"column":19},"end":{"line":27,"column":11}},"12":{"start":{"line":26,"column":6},"end":{"line":26,"column":41}},"13":{"start":{"line":28,"column":4},"end":{"line":28,"column":38}},"14":{"start":{"line":28,"column":17},"end":{"line":28,"column":37}},"15":{"start":{"line":31,"column":2},"end":{"line":31,"column":82}},"16":{"start":{"line":31,"column":15},"end":{"line":31,"column":82}},"17":{"start":{"line":32,"column":2},"end":{"line":32,"column":83}},"18":{"start":{"line":32,"column":13},"end":{"line":32,"column":83}},"19":{"start":{"line":33,"column":2},"end":{"line":33,"column":114}},"20":{"start":{"line":33,"column":38},"end":{"line":33,"column":114}},"21":{"start":{"line":36,"column":27},"end":{"line":40,"column":4}},"22":{"start":{"line":37,"column":30},"end":{"line":37,"column":101}},"23":{"start":{"line":38,"column":30},"end":{"line":38,"column":128}},"24":{"start":{"line":39,"column":4},"end":{"line":39,"column":50}},"25":{"start":{"line":42,"column":2},"end":{"line":92,"column":4}},"26":{"start":{"line":53,"column":27},"end":{"line":53,"column":56}},"27":{"start":{"line":65,"column":27},"end":{"line":65,"column":62}},"28":{"start":{"line":76,"column":10},"end":{"line":88,"column":16}}},"fnMap":{"0":{"name":"(anonymous_0)","decl":{"start":{"line":10,"column":26},"end":{"line":10,"column":27}},"loc":{"start":{"line":10,"column":32},"end":{"line":93,"column":1}},"line":10},"1":{"name":"(anonymous_1)","decl":{"start":{"line":16,"column":65},"end":{"line":16,"column":66}},"loc":{"start":{"line":16,"column":76},"end":{"line":16,"column":87}},"line":16},"2":{"name":"(anonymous_2)","decl":{"start":{"line":18,"column":12},"end":{"line":18,"column":13}},"loc":{"start":{"line":18,"column":18},"end":{"line":21,"column":3}},"line":18},"3":{"name":"(anonymous_3)","decl":{"start":{"line":24,"column":12},"end":{"line":24,"column":13}},"loc":{"start":{"line":24,"column":18},"end":{"line":29,"column":3}},"line":24},"4":{"name":"(anonymous_4)","decl":{"start":{"line":25,"column":30},"end":{"line":25,"column":31}},"loc":{"start":{"line":25,"column":36},"end":{"line":27,"column":5}},"line":25},"5":{"name":"(anonymous_5)","decl":{"start":{"line":28,"column":11},"end":{"line":28,"column":12}},"loc":{"start":{"line":28,"column":17},"end":{"line":28,"column":37}},"line":28},"6":{"name":"(anonymous_6)","decl":{"start":{"line":36,"column":52},"end":{"line":36,"column":53}},"loc":{"start":{"line":36,"column":64},"end":{"line":40,"column":3}},"line":36},"7":{"name":"(anonymous_7)","decl":{"start":{"line":53,"column":20},"end":{"line":53,"column":21}},"loc":{"start":{"line":53,"column":27},"end":{"line":53,"column":56}},"line":53},"8":{"name":"(anonymous_8)","decl":{"start":{"line":65,"column":20},"end":{"line":65,"column":21}},"loc":{"start":{"line":65,"column":27},"end":{"line":65,"column":62}},"line":65},"9":{"name":"(anonymous_9)","decl":{"start":{"line":75,"column":30},"end":{"line":75,"column":31}},"loc":{"start":{"line":76,"column":10},"end":{"line":88,"column":16}},"line":76}},"branchMap":{"0":{"loc":{"start":{"line":16,"column":10},"end":{"line":16,"column":32}},"type":"default-arg","locations":[{"start":{"line":16,"column":30},"end":{"line":16,"column":32}}],"line":16},"1":{"loc":{"start":{"line":31,"column":2},"end":{"line":31,"column":82}},"type":"if","locations":[{"start":{"line":31,"column":2},"end":{"line":31,"column":82}},{"start":{},"end":{}}],"line":31},"2":{"loc":{"start":{"line":32,"column":2},"end":{"line":32,"column":83}},"type":"if","locations":[{"start":{"line":32,"column":2},"end":{"line":32,"column":83}},{"start":{},"end":{}}],"line":32},"3":{"loc":{"start":{"line":33,"column":2},"end":{"line":33,"column":114}},"type":"if","locations":[{"start":{"line":33,"column":2},"end":{"line":33,"column":114}},{"start":{},"end":{}}],"line":33},"4":{"loc":{"start":{"line":38,"column":30},"end":{"line":38,"column":128}},"type":"cond-expr","locations":[{"start":{"line":38,"column":49},"end":{"line":38,"column":121}},{"start":{"line":38,"column":124},"end":{"line":38,"column":128}}],"line":38},"5":{"loc":{"start":{"line":39,"column":11},"end":{"line":39,"column":49}},"type":"binary-expr","locations":[{"start":{"line":39,"column":11},"end":{"line":39,"column":28}},{"start":{"line":39,"column":32},"end":{"line":39,"column":49}}],"line":39}},"s":{"0":1,"1":8,"2":8,"3":8,"4":8,"5":8,"6":8,"7":14,"8":8,"9":8,"10":8,"11":7,"12":1,"13":7,"14":7,"15":8,"16":1,"17":7,"18":1,"19":6,"20":2,"21":4,"22":8,"23":8,"24":8,"25":4,"26":1,"27":0,"28":7},"f":{"0":8,"1":14,"2":8,"3":7,"4":1,"5":7,"6":8,"7":1,"8":0,"9":7},"b":{"0":[0],"1":[1,7],"2":[1,6],"3":[2,4],"4":[0,8],"5":[8,8]},"_coverageSchema":"1a1c01bbd47fc00a2c39e90264f33305004495a9","hash":"b8fd406dbf887ac438cb26ab467f643f8c5dac6f"}
,"C:\\Users\\Lakshmana.H\\OneDrive - Brillio\\Desktop\\FSM\\React\\jest-react\\src\\page\\Admin\\AdminEngineerTasks.jsx": {"path":"C:\\Users\\Lakshmana.H\\OneDrive - Brillio\\Desktop\\FSM\\React\\jest-react\\src\\page\\Admin\\AdminEngineerTasks.jsx","statementMap":{"0":{"start":{"line":8,"column":27},"end":{"line":32,"column":1}},"1":{"start":{"line":9,"column":20},"end":{"line":9,"column":31}},"2":{"start":{"line":10,"column":19},"end":{"line":10,"column":32}},"3":{"start":{"line":11,"column":36},"end":{"line":11,"column":71}},"4":{"start":{"line":11,"column":59},"end":{"line":11,"column":70}},"5":{"start":{"line":13,"column":2},"end":{"line":17,"column":24}},"6":{"start":{"line":14,"column":4},"end":{"line":16,"column":5}},"7":{"start":{"line":15,"column":6},"end":{"line":15,"column":42}},"8":{"start":{"line":19,"column":2},"end":{"line":19,"column":88}},"9":{"start":{"line":19,"column":15},"end":{"line":19,"column":88}},"10":{"start":{"line":20,"column":2},"end":{"line":20,"column":83}},"11":{"start":{"line":20,"column":13},"end":{"line":20,"column":83}},"12":{"start":{"line":21,"column":2},"end":{"line":21,"column":107}},"13":{"start":{"line":21,"column":36},"end":{"line":21,"column":107}},"14":{"start":{"line":23,"column":2},"end":{"line":31,"column":4}},"15":{"start":{"line":28,"column":8},"end":{"line":28,"column":51}}},"fnMap":{"0":{"name":"(anonymous_0)","decl":{"start":{"line":8,"column":27},"end":{"line":8,"column":28}},"loc":{"start":{"line":8,"column":33},"end":{"line":32,"column":1}},"line":8},"1":{"name":"(anonymous_1)","decl":{"start":{"line":11,"column":48},"end":{"line":11,"column":49}},"loc":{"start":{"line":11,"column":59},"end":{"line":11,"column":70}},"line":11},"2":{"name":"(anonymous_2)","decl":{"start":{"line":13,"column":12},"end":{"line":13,"column":13}},"loc":{"start":{"line":13,"column":18},"end":{"line":17,"column":3}},"line":13},"3":{"name":"(anonymous_3)","decl":{"start":{"line":27,"column":17},"end":{"line":27,"column":18}},"loc":{"start":{"line":28,"column":8},"end":{"line":28,"column":51}},"line":28}},"branchMap":{"0":{"loc":{"start":{"line":14,"column":4},"end":{"line":16,"column":5}},"type":"if","locations":[{"start":{"line":14,"column":4},"end":{"line":16,"column":5}},{"start":{},"end":{}}],"line":14},"1":{"loc":{"start":{"line":19,"column":2},"end":{"line":19,"column":88}},"type":"if","locations":[{"start":{"line":19,"column":2},"end":{"line":19,"column":88}},{"start":{},"end":{}}],"line":19},"2":{"loc":{"start":{"line":20,"column":2},"end":{"line":20,"column":83}},"type":"if","locations":[{"start":{"line":20,"column":2},"end":{"line":20,"column":83}},{"start":{},"end":{}}],"line":20},"3":{"loc":{"start":{"line":21,"column":2},"end":{"line":21,"column":107}},"type":"if","locations":[{"start":{"line":21,"column":2},"end":{"line":21,"column":107}},{"start":{},"end":{}}],"line":21},"4":{"loc":{"start":{"line":21,"column":6},"end":{"line":21,"column":34}},"type":"binary-expr","locations":[{"start":{"line":21,"column":6},"end":{"line":21,"column":12}},{"start":{"line":21,"column":16},"end":{"line":21,"column":34}}],"line":21}},"s":{"0":1,"1":5,"2":5,"3":5,"4":10,"5":5,"6":5,"7":5,"8":5,"9":1,"10":4,"11":1,"12":3,"13":2,"14":1,"15":2},"f":{"0":5,"1":10,"2":5,"3":2},"b":{"0":[5,0],"1":[1,4],"2":[1,3],"3":[2,1],"4":[3,3]},"_coverageSchema":"1a1c01bbd47fc00a2c39e90264f33305004495a9","hash":"38ae7224bbecfb76ebd88dde03ddebc113d0e756"}
,"C:\\Users\\Lakshmana.H\\OneDrive - Brillio\\Desktop\\FSM\\React\\jest-react\\src\\page\\Admin\\AdminHazards.jsx": {"path":"C:\\Users\\Lakshmana.H\\OneDrive - Brillio\\Desktop\\FSM\\React\\jest-react\\src\\page\\Admin\\AdminHazards.jsx","statementMap":{"0":{"start":{"line":8,"column":21},"end":{"line":214,"column":1}},"1":{"start":{"line":9,"column":38},"end":{"line":9,"column":76}},"2":{"start":{"line":9,"column":61},"end":{"line":9,"column":75}},"3":{"start":{"line":10,"column":19},"end":{"line":10,"column":32}},"4":{"start":{"line":13,"column":40},"end":{"line":13,"column":55}},"5":{"start":{"line":14,"column":42},"end":{"line":14,"column":56}},"6":{"start":{"line":15,"column":52},"end":{"line":15,"column":67}},"7":{"start":{"line":16,"column":38},"end":{"line":16,"column":50}},"8":{"start":{"line":17,"column":44},"end":{"line":17,"column":56}},"9":{"start":{"line":19,"column":46},"end":{"line":25,"column":4}},"10":{"start":{"line":28,"column":2},"end":{"line":30,"column":17}},"11":{"start":{"line":29,"column":4},"end":{"line":29,"column":33}},"12":{"start":{"line":32,"column":2},"end":{"line":34,"column":28}},"13":{"start":{"line":33,"column":4},"end":{"line":33,"column":110}},"14":{"start":{"line":33,"column":46},"end":{"line":33,"column":107}},"15":{"start":{"line":36,"column":26},"end":{"line":39,"column":3}},"16":{"start":{"line":37,"column":4},"end":{"line":37,"column":26}},"17":{"start":{"line":38,"column":4},"end":{"line":38,"column":25}},"18":{"start":{"line":41,"column":28},"end":{"line":53,"column":3}},"19":{"start":{"line":42,"column":4},"end":{"line":42,"column":26}},"20":{"start":{"line":43,"column":4},"end":{"line":50,"column":7}},"21":{"start":{"line":51,"column":4},"end":{"line":51,"column":31}},"22":{"start":{"line":52,"column":4},"end":{"line":52,"column":26}},"23":{"start":{"line":55,"column":28},"end":{"line":61,"column":3}},"24":{"start":{"line":57,"column":4},"end":{"line":57,"column":31}},"25":{"start":{"line":58,"column":4},"end":{"line":58,"column":56}},"26":{"start":{"line":59,"column":4},"end":{"line":59,"column":44}},"27":{"start":{"line":60,"column":4},"end":{"line":60,"column":51}},"28":{"start":{"line":63,"column":29},"end":{"line":69,"column":3}},"29":{"start":{"line":64,"column":4},"end":{"line":64,"column":23}},"30":{"start":{"line":65,"column":4},"end":{"line":65,"column":32}},"31":{"start":{"line":67,"column":4},"end":{"line":67,"column":50}},"32":{"start":{"line":71,"column":28},"end":{"line":77,"column":3}},"33":{"start":{"line":72,"column":28},"end":{"line":72,"column":36}},"34":{"start":{"line":73,"column":4},"end":{"line":76,"column":8}},"35":{"start":{"line":73,"column":33},"end":{"line":76,"column":5}},"36":{"start":{"line":79,"column":26},"end":{"line":86,"column":3}},"37":{"start":{"line":80,"column":19},"end":{"line":84,"column":5}},"38":{"start":{"line":85,"column":4},"end":{"line":85,"column":42}},"39":{"start":{"line":88,"column":2},"end":{"line":212,"column":4}},"40":{"start":{"line":106,"column":27},"end":{"line":106,"column":56}},"41":{"start":{"line":113,"column":14},"end":{"line":125,"column":20}},"42":{"start":{"line":117,"column":31},"end":{"line":117,"column":54}},"43":{"start":{"line":138,"column":37},"end":{"line":138,"column":58}},"44":{"start":{"line":166,"column":37},"end":{"line":166,"column":68}},"45":{"start":{"line":167,"column":37},"end":{"line":167,"column":68}},"46":{"start":{"line":178,"column":37},"end":{"line":178,"column":64}},"47":{"start":{"line":203,"column":53},"end":{"line":203,"column":80}}},"fnMap":{"0":{"name":"(anonymous_0)","decl":{"start":{"line":8,"column":21},"end":{"line":8,"column":22}},"loc":{"start":{"line":8,"column":27},"end":{"line":214,"column":1}},"line":8},"1":{"name":"(anonymous_1)","decl":{"start":{"line":9,"column":50},"end":{"line":9,"column":51}},"loc":{"start":{"line":9,"column":61},"end":{"line":9,"column":75}},"line":9},"2":{"name":"(anonymous_2)","decl":{"start":{"line":28,"column":12},"end":{"line":28,"column":13}},"loc":{"start":{"line":28,"column":18},"end":{"line":30,"column":3}},"line":28},"3":{"name":"(anonymous_3)","decl":{"start":{"line":32,"column":12},"end":{"line":32,"column":13}},"loc":{"start":{"line":32,"column":18},"end":{"line":34,"column":3}},"line":32},"4":{"name":"(anonymous_4)","decl":{"start":{"line":33,"column":36},"end":{"line":33,"column":37}},"loc":{"start":{"line":33,"column":46},"end":{"line":33,"column":107}},"line":33},"5":{"name":"(anonymous_5)","decl":{"start":{"line":36,"column":26},"end":{"line":36,"column":27}},"loc":{"start":{"line":36,"column":36},"end":{"line":39,"column":3}},"line":36},"6":{"name":"(anonymous_6)","decl":{"start":{"line":41,"column":28},"end":{"line":41,"column":29}},"loc":{"start":{"line":41,"column":38},"end":{"line":53,"column":3}},"line":41},"7":{"name":"(anonymous_7)","decl":{"start":{"line":55,"column":28},"end":{"line":55,"column":29}},"loc":{"start":{"line":55,"column":38},"end":{"line":61,"column":3}},"line":55},"8":{"name":"(anonymous_8)","decl":{"start":{"line":63,"column":29},"end":{"line":63,"column":30}},"loc":{"start":{"line":63,"column":36},"end":{"line":69,"column":3}},"line":63},"9":{"name":"(anonymous_9)","decl":{"start":{"line":71,"column":28},"end":{"line":71,"column":29}},"loc":{"start":{"line":71,"column":35},"end":{"line":77,"column":3}},"line":71},"10":{"name":"(anonymous_10)","decl":{"start":{"line":73,"column":22},"end":{"line":73,"column":23}},"loc":{"start":{"line":73,"column":33},"end":{"line":76,"column":5}},"line":73},"11":{"name":"(anonymous_11)","decl":{"start":{"line":79,"column":26},"end":{"line":79,"column":27}},"loc":{"start":{"line":79,"column":37},"end":{"line":86,"column":3}},"line":79},"12":{"name":"(anonymous_12)","decl":{"start":{"line":106,"column":20},"end":{"line":106,"column":21}},"loc":{"start":{"line":106,"column":27},"end":{"line":106,"column":56}},"line":106},"13":{"name":"(anonymous_13)","decl":{"start":{"line":112,"column":30},"end":{"line":112,"column":31}},"loc":{"start":{"line":113,"column":14},"end":{"line":125,"column":20}},"line":113},"14":{"name":"(anonymous_14)","decl":{"start":{"line":117,"column":25},"end":{"line":117,"column":26}},"loc":{"start":{"line":117,"column":31},"end":{"line":117,"column":54}},"line":117},"15":{"name":"(anonymous_15)","decl":{"start":{"line":138,"column":31},"end":{"line":138,"column":32}},"loc":{"start":{"line":138,"column":37},"end":{"line":138,"column":58}},"line":138},"16":{"name":"(anonymous_16)","decl":{"start":{"line":166,"column":31},"end":{"line":166,"column":32}},"loc":{"start":{"line":166,"column":37},"end":{"line":166,"column":68}},"line":166},"17":{"name":"(anonymous_17)","decl":{"start":{"line":167,"column":31},"end":{"line":167,"column":32}},"loc":{"start":{"line":167,"column":37},"end":{"line":167,"column":68}},"line":167},"18":{"name":"(anonymous_18)","decl":{"start":{"line":178,"column":31},"end":{"line":178,"column":32}},"loc":{"start":{"line":178,"column":37},"end":{"line":178,"column":64}},"line":178},"19":{"name":"(anonymous_19)","decl":{"start":{"line":203,"column":47},"end":{"line":203,"column":48}},"loc":{"start":{"line":203,"column":53},"end":{"line":203,"column":80}},"line":203}},"branchMap":{"0":{"loc":{"start":{"line":85,"column":11},"end":{"line":85,"column":41}},"type":"binary-expr","locations":[{"start":{"line":85,"column":11},"end":{"line":85,"column":24}},{"start":{"line":85,"column":28},"end":{"line":85,"column":41}}],"line":85},"1":{"loc":{"start":{"line":111,"column":11},"end":{"line":129,"column":11}},"type":"cond-expr","locations":[{"start":{"line":112,"column":12},"end":{"line":126,"column":14}},{"start":{"line":128,"column":12},"end":{"line":128,"column":39}}],"line":111},"2":{"loc":{"start":{"line":133,"column":7},"end":{"line":171,"column":7}},"type":"binary-expr","locations":[{"start":{"line":133,"column":7},"end":{"line":133,"column":18}},{"start":{"line":133,"column":22},"end":{"line":133,"column":34}},{"start":{"line":134,"column":8},"end":{"line":170,"column":14}}],"line":133},"3":{"loc":{"start":{"line":173,"column":7},"end":{"line":209,"column":7}},"type":"binary-expr","locations":[{"start":{"line":173,"column":7},"end":{"line":173,"column":24}},{"start":{"line":173,"column":28},"end":{"line":173,"column":40}},{"start":{"line":174,"column":8},"end":{"line":208,"column":14}}],"line":173}},"s":{"0":1,"1":33,"2":33,"3":33,"4":33,"5":33,"6":33,"7":33,"8":33,"9":33,"10":33,"11":11,"12":33,"13":12,"14":31,"15":33,"16":5,"17":5,"18":33,"19":3,"20":3,"21":3,"22":3,"23":33,"24":1,"25":1,"26":1,"27":1,"28":33,"29":0,"30":0,"31":0,"32":33,"33":0,"34":0,"35":0,"36":33,"37":65,"38":65,"39":33,"40":1,"41":59,"42":5,"43":0,"44":3,"45":1,"46":0,"47":0},"f":{"0":33,"1":33,"2":11,"3":12,"4":31,"5":5,"6":3,"7":1,"8":0,"9":0,"10":0,"11":65,"12":1,"13":59,"14":5,"15":0,"16":3,"17":1,"18":0,"19":0},"b":{"0":[65,1],"1":[21,12],"2":[33,6,6],"3":[33,3,3]},"_coverageSchema":"1a1c01bbd47fc00a2c39e90264f33305004495a9","hash":"4a468ad6dda9580c87154207a8201effb72a2494"}
,"C:\\Users\\Lakshmana.H\\OneDrive - Brillio\\Desktop\\FSM\\React\\jest-react\\src\\page\\Admin\\AdminHazardsTickets.jsx": {"path":"C:\\Users\\Lakshmana.H\\OneDrive - Brillio\\Desktop\\FSM\\React\\jest-react\\src\\page\\Admin\\AdminHazardsTickets.jsx","statementMap":{"0":{"start":{"line":11,"column":28},"end":{"line":177,"column":1}},"1":{"start":{"line":13,"column":38},"end":{"line":19,"column":4}},"2":{"start":{"line":21,"column":19},"end":{"line":21,"column":32}},"3":{"start":{"line":22,"column":19},"end":{"line":22,"column":32}},"4":{"start":{"line":24,"column":23},"end":{"line":29,"column":3}},"5":{"start":{"line":25,"column":5},"end":{"line":25,"column":33}},"6":{"start":{"line":26,"column":6},"end":{"line":28,"column":13}},"7":{"start":{"line":27,"column":6},"end":{"line":27,"column":33}},"8":{"start":{"line":31,"column":23},"end":{"line":67,"column":3}},"9":{"start":{"line":32,"column":4},"end":{"line":32,"column":23}},"10":{"start":{"line":36,"column":21},"end":{"line":42,"column":5}},"11":{"start":{"line":44,"column":4},"end":{"line":66,"column":5}},"12":{"start":{"line":45,"column":23},"end":{"line":45,"column":62}},"13":{"start":{"line":46,"column":6},"end":{"line":46,"column":62}},"14":{"start":{"line":47,"column":6},"end":{"line":52,"column":7}},"15":{"start":{"line":48,"column":8},"end":{"line":48,"column":56}},"16":{"start":{"line":49,"column":8},"end":{"line":51,"column":17}},"17":{"start":{"line":50,"column":10},"end":{"line":50,"column":37}},"18":{"start":{"line":55,"column":6},"end":{"line":61,"column":9}},"19":{"start":{"line":64,"column":6},"end":{"line":64,"column":71}},"20":{"start":{"line":65,"column":6},"end":{"line":65,"column":48}},"21":{"start":{"line":69,"column":4},"end":{"line":69,"column":126}},"22":{"start":{"line":71,"column":2},"end":{"line":176,"column":4}},"23":{"start":{"line":84,"column":14},"end":{"line":84,"column":74}},"24":{"start":{"line":100,"column":14},"end":{"line":100,"column":71}},"25":{"start":{"line":115,"column":14},"end":{"line":115,"column":75}},"26":{"start":{"line":129,"column":14},"end":{"line":129,"column":73}},"27":{"start":{"line":148,"column":14},"end":{"line":148,"column":71}}},"fnMap":{"0":{"name":"(anonymous_0)","decl":{"start":{"line":11,"column":28},"end":{"line":11,"column":29}},"loc":{"start":{"line":11,"column":34},"end":{"line":177,"column":1}},"line":11},"1":{"name":"(anonymous_1)","decl":{"start":{"line":24,"column":23},"end":{"line":24,"column":24}},"loc":{"start":{"line":24,"column":29},"end":{"line":29,"column":3}},"line":24},"2":{"name":"(anonymous_2)","decl":{"start":{"line":26,"column":17},"end":{"line":26,"column":18}},"loc":{"start":{"line":26,"column":23},"end":{"line":28,"column":5}},"line":26},"3":{"name":"(anonymous_3)","decl":{"start":{"line":31,"column":23},"end":{"line":31,"column":24}},"loc":{"start":{"line":31,"column":36},"end":{"line":67,"column":3}},"line":31},"4":{"name":"(anonymous_4)","decl":{"start":{"line":49,"column":19},"end":{"line":49,"column":20}},"loc":{"start":{"line":49,"column":25},"end":{"line":51,"column":9}},"line":49},"5":{"name":"(anonymous_5)","decl":{"start":{"line":83,"column":22},"end":{"line":83,"column":23}},"loc":{"start":{"line":84,"column":14},"end":{"line":84,"column":74}},"line":84},"6":{"name":"(anonymous_6)","decl":{"start":{"line":99,"column":22},"end":{"line":99,"column":23}},"loc":{"start":{"line":100,"column":14},"end":{"line":100,"column":71}},"line":100},"7":{"name":"(anonymous_7)","decl":{"start":{"line":114,"column":22},"end":{"line":114,"column":23}},"loc":{"start":{"line":115,"column":14},"end":{"line":115,"column":75}},"line":115},"8":{"name":"(anonymous_8)","decl":{"start":{"line":128,"column":22},"end":{"line":128,"column":23}},"loc":{"start":{"line":129,"column":14},"end":{"line":129,"column":73}},"line":129},"9":{"name":"(anonymous_9)","decl":{"start":{"line":147,"column":22},"end":{"line":147,"column":23}},"loc":{"start":{"line":148,"column":14},"end":{"line":148,"column":71}},"line":148}},"branchMap":{"0":{"loc":{"start":{"line":47,"column":6},"end":{"line":52,"column":7}},"type":"if","locations":[{"start":{"line":47,"column":6},"end":{"line":52,"column":7}},{"start":{},"end":{}}],"line":47}},"s":{"0":1,"1":28,"2":28,"3":28,"4":28,"5":1,"6":1,"7":1,"8":28,"9":3,"10":3,"11":3,"12":3,"13":2,"14":2,"15":1,"16":1,"17":1,"18":2,"19":1,"20":1,"21":28,"22":28,"23":4,"24":4,"25":4,"26":4,"27":4},"f":{"0":28,"1":1,"2":1,"3":3,"4":1,"5":4,"6":4,"7":4,"8":4,"9":4},"b":{"0":[1,1]},"_coverageSchema":"1a1c01bbd47fc00a2c39e90264f33305004495a9","hash":"3f377823983f62702b00f580e20d787099cb105e"}
,"C:\\Users\\Lakshmana.H\\OneDrive - Brillio\\Desktop\\FSM\\React\\jest-react\\src\\page\\Admin\\AdminLayout.jsx": {"path":"C:\\Users\\Lakshmana.H\\OneDrive - Brillio\\Desktop\\FSM\\React\\jest-react\\src\\page\\Admin\\AdminLayout.jsx","statementMap":{"0":{"start":{"line":7,"column":20},"end":{"line":27,"column":1}},"1":{"start":{"line":8,"column":43},"end":{"line":8,"column":58}},"2":{"start":{"line":10,"column":24},"end":{"line":12,"column":3}},"3":{"start":{"line":11,"column":4},"end":{"line":11,"column":37}},"4":{"start":{"line":13,"column":2},"end":{"line":26,"column":4}},"5":{"start":{"line":18,"column":72},"end":{"line":18,"column":95}}},"fnMap":{"0":{"name":"(anonymous_0)","decl":{"start":{"line":7,"column":20},"end":{"line":7,"column":21}},"loc":{"start":{"line":7,"column":26},"end":{"line":27,"column":1}},"line":7},"1":{"name":"(anonymous_1)","decl":{"start":{"line":10,"column":24},"end":{"line":10,"column":25}},"loc":{"start":{"line":10,"column":30},"end":{"line":12,"column":3}},"line":10},"2":{"name":"(anonymous_2)","decl":{"start":{"line":18,"column":66},"end":{"line":18,"column":67}},"loc":{"start":{"line":18,"column":72},"end":{"line":18,"column":95}},"line":18}},"branchMap":{},"s":{"0":1,"1":14,"2":14,"3":7,"4":14,"5":1},"f":{"0":14,"1":7,"2":1},"b":{},"_coverageSchema":"1a1c01bbd47fc00a2c39e90264f33305004495a9","hash":"e95b81b4b0b58d7fb51e9e25fea595bd4c1416e5"}
,"C:\\Users\\Lakshmana.H\\OneDrive - Brillio\\Desktop\\FSM\\React\\jest-react\\src\\page\\Admin\\AdminTaskCard.jsx": {"path":"C:\\Users\\Lakshmana.H\\OneDrive - Brillio\\Desktop\\FSM\\React\\jest-react\\src\\page\\Admin\\AdminTaskCard.jsx","statementMap":{"0":{"start":{"line":10,"column":22},"end":{"line":251,"column":1}},"1":{"start":{"line":13,"column":58},"end":{"line":13,"column":73}},"2":{"start":{"line":14,"column":54},"end":{"line":14,"column":66}},"3":{"start":{"line":15,"column":32},"end":{"line":15,"column":47}},"4":{"start":{"line":16,"column":28},"end":{"line":16,"column":42}},"5":{"start":{"line":17,"column":30},"end":{"line":17,"column":44}},"6":{"start":{"line":18,"column":19},"end":{"line":18,"column":32}},"7":{"start":{"line":19,"column":19},"end":{"line":19,"column":32}},"8":{"start":{"line":21,"column":2},"end":{"line":28,"column":39}},"9":{"start":{"line":22,"column":4},"end":{"line":24,"column":5}},"10":{"start":{"line":23,"column":6},"end":{"line":23,"column":31}},"11":{"start":{"line":25,"column":4},"end":{"line":27,"column":5}},"12":{"start":{"line":26,"column":6},"end":{"line":26,"column":22}},"13":{"start":{"line":30,"column":33},"end":{"line":74,"column":3}},"14":{"start":{"line":31,"column":4},"end":{"line":31,"column":21}},"15":{"start":{"line":32,"column":4},"end":{"line":73,"column":5}},"16":{"start":{"line":33,"column":19},"end":{"line":41,"column":7}},"17":{"start":{"line":42,"column":25},"end":{"line":42,"column":50}},"18":{"start":{"line":45,"column":23},"end":{"line":47,"column":7}},"19":{"start":{"line":49,"column":6},"end":{"line":49,"column":60}},"20":{"start":{"line":51,"column":6},"end":{"line":53,"column":7}},"21":{"start":{"line":52,"column":8},"end":{"line":52,"column":53}},"22":{"start":{"line":55,"column":6},"end":{"line":64,"column":7}},"23":{"start":{"line":56,"column":8},"end":{"line":56,"column":55}},"24":{"start":{"line":59,"column":8},"end":{"line":61,"column":9}},"25":{"start":{"line":60,"column":10},"end":{"line":60,"column":109}},"26":{"start":{"line":63,"column":8},"end":{"line":63,"column":87}},"27":{"start":{"line":66,"column":6},"end":{"line":66,"column":21}},"28":{"start":{"line":68,"column":6},"end":{"line":68,"column":68}},"29":{"start":{"line":69,"column":6},"end":{"line":69,"column":54}},"30":{"start":{"line":70,"column":6},"end":{"line":70,"column":56}},"31":{"start":{"line":72,"column":6},"end":{"line":72,"column":24}},"32":{"start":{"line":76,"column":33},"end":{"line":125,"column":3}},"33":{"start":{"line":77,"column":4},"end":{"line":77,"column":21}},"34":{"start":{"line":78,"column":4},"end":{"line":78,"column":19}},"35":{"start":{"line":80,"column":4},"end":{"line":124,"column":5}},"36":{"start":{"line":82,"column":6},"end":{"line":84,"column":7}},"37":{"start":{"line":83,"column":8},"end":{"line":83,"column":52}},"38":{"start":{"line":86,"column":6},"end":{"line":88,"column":7}},"39":{"start":{"line":87,"column":8},"end":{"line":87,"column":47}},"40":{"start":{"line":91,"column":23},"end":{"line":93,"column":7}},"41":{"start":{"line":95,"column":6},"end":{"line":98,"column":7}},"42":{"start":{"line":96,"column":29},"end":{"line":96,"column":85}},"43":{"start":{"line":97,"column":8},"end":{"line":97,"column":38}},"44":{"start":{"line":100,"column":31},"end":{"line":102,"column":7}},"45":{"start":{"line":101,"column":17},"end":{"line":101,"column":36}},"46":{"start":{"line":104,"column":6},"end":{"line":108,"column":7}},"47":{"start":{"line":105,"column":8},"end":{"line":107,"column":10}},"48":{"start":{"line":111,"column":6},"end":{"line":111,"column":37}},"49":{"start":{"line":114,"column":6},"end":{"line":114,"column":81}},"50":{"start":{"line":117,"column":6},"end":{"line":117,"column":32}},"51":{"start":{"line":119,"column":6},"end":{"line":119,"column":56}},"52":{"start":{"line":120,"column":6},"end":{"line":120,"column":61}},"53":{"start":{"line":121,"column":6},"end":{"line":121,"column":64}},"54":{"start":{"line":123,"column":6},"end":{"line":123,"column":24}},"55":{"start":{"line":127,"column":2},"end":{"line":250,"column":4}},"56":{"start":{"line":172,"column":29},"end":{"line":172,"column":75}},"57":{"start":{"line":204,"column":20},"end":{"line":240,"column":26}},"58":{"start":{"line":207,"column":24},"end":{"line":207,"column":74}},"59":{"start":{"line":217,"column":40},"end":{"line":217,"column":44}},"60":{"start":{"line":253,"column":23},"end":{"line":265,"column":1}},"61":{"start":{"line":254,"column":17},"end":{"line":261,"column":3}},"62":{"start":{"line":262,"column":2},"end":{"line":264,"column":5}},"63":{"start":{"line":267,"column":25},"end":{"line":277,"column":1}},"64":{"start":{"line":268,"column":17},"end":{"line":272,"column":3}},"65":{"start":{"line":274,"column":2},"end":{"line":276,"column":5}}},"fnMap":{"0":{"name":"(anonymous_0)","decl":{"start":{"line":10,"column":22},"end":{"line":10,"column":23}},"loc":{"start":{"line":10,"column":41},"end":{"line":251,"column":1}},"line":10},"1":{"name":"(anonymous_1)","decl":{"start":{"line":21,"column":12},"end":{"line":21,"column":13}},"loc":{"start":{"line":21,"column":18},"end":{"line":28,"column":3}},"line":21},"2":{"name":"(anonymous_2)","decl":{"start":{"line":30,"column":33},"end":{"line":30,"column":34}},"loc":{"start":{"line":30,"column":45},"end":{"line":74,"column":3}},"line":30},"3":{"name":"(anonymous_3)","decl":{"start":{"line":76,"column":33},"end":{"line":76,"column":34}},"loc":{"start":{"line":76,"column":50},"end":{"line":125,"column":3}},"line":76},"4":{"name":"(anonymous_4)","decl":{"start":{"line":101,"column":8},"end":{"line":101,"column":9}},"loc":{"start":{"line":101,"column":17},"end":{"line":101,"column":36}},"line":101},"5":{"name":"(anonymous_5)","decl":{"start":{"line":172,"column":23},"end":{"line":172,"column":24}},"loc":{"start":{"line":172,"column":29},"end":{"line":172,"column":75}},"line":172},"6":{"name":"(anonymous_6)","decl":{"start":{"line":203,"column":41},"end":{"line":203,"column":42}},"loc":{"start":{"line":204,"column":20},"end":{"line":240,"column":26}},"line":204},"7":{"name":"(anonymous_7)","decl":{"start":{"line":206,"column":31},"end":{"line":206,"column":32}},"loc":{"start":{"line":207,"column":24},"end":{"line":207,"column":74}},"line":207},"8":{"name":"(anonymous_8)","decl":{"start":{"line":217,"column":33},"end":{"line":217,"column":34}},"loc":{"start":{"line":217,"column":40},"end":{"line":217,"column":44}},"line":217},"9":{"name":"(anonymous_9)","decl":{"start":{"line":253,"column":23},"end":{"line":253,"column":24}},"loc":{"start":{"line":253,"column":35},"end":{"line":265,"column":1}},"line":253},"10":{"name":"(anonymous_10)","decl":{"start":{"line":267,"column":25},"end":{"line":267,"column":26}},"loc":{"start":{"line":267,"column":39},"end":{"line":277,"column":1}},"line":267}},"branchMap":{"0":{"loc":{"start":{"line":10,"column":25},"end":{"line":10,"column":34}},"type":"default-arg","locations":[{"start":{"line":10,"column":32},"end":{"line":10,"column":34}}],"line":10},"1":{"loc":{"start":{"line":22,"column":4},"end":{"line":24,"column":5}},"type":"if","locations":[{"start":{"line":22,"column":4},"end":{"line":24,"column":5}},{"start":{},"end":{}}],"line":22},"2":{"loc":{"start":{"line":25,"column":4},"end":{"line":27,"column":5}},"type":"if","locations":[{"start":{"line":25,"column":4},"end":{"line":27,"column":5}},{"start":{},"end":{}}],"line":25},"3":{"loc":{"start":{"line":51,"column":6},"end":{"line":53,"column":7}},"type":"if","locations":[{"start":{"line":51,"column":6},"end":{"line":53,"column":7}},{"start":{},"end":{}}],"line":51},"4":{"loc":{"start":{"line":55,"column":6},"end":{"line":64,"column":7}},"type":"if","locations":[{"start":{"line":55,"column":6},"end":{"line":64,"column":7}},{"start":{"line":62,"column":13},"end":{"line":64,"column":7}}],"line":55},"5":{"loc":{"start":{"line":59,"column":8},"end":{"line":61,"column":9}},"type":"if","locations":[{"start":{"line":59,"column":8},"end":{"line":61,"column":9}},{"start":{},"end":{}}],"line":59},"6":{"loc":{"start":{"line":63,"column":24},"end":{"line":63,"column":85}},"type":"binary-expr","locations":[{"start":{"line":63,"column":24},"end":{"line":63,"column":45}},{"start":{"line":63,"column":49},"end":{"line":63,"column":85}}],"line":63},"7":{"loc":{"start":{"line":68,"column":15},"end":{"line":68,"column":66}},"type":"binary-expr","locations":[{"start":{"line":68,"column":15},"end":{"line":68,"column":26}},{"start":{"line":68,"column":30},"end":{"line":68,"column":66}}],"line":68},"8":{"loc":{"start":{"line":82,"column":6},"end":{"line":84,"column":7}},"type":"if","locations":[{"start":{"line":82,"column":6},"end":{"line":84,"column":7}},{"start":{},"end":{}}],"line":82},"9":{"loc":{"start":{"line":82,"column":10},"end":{"line":82,"column":28}},"type":"binary-expr","locations":[{"start":{"line":82,"column":10},"end":{"line":82,"column":15}},{"start":{"line":82,"column":19},"end":{"line":82,"column":28}}],"line":82},"10":{"loc":{"start":{"line":86,"column":6},"end":{"line":88,"column":7}},"type":"if","locations":[{"start":{"line":86,"column":6},"end":{"line":88,"column":7}},{"start":{},"end":{}}],"line":86},"11":{"loc":{"start":{"line":95,"column":6},"end":{"line":98,"column":7}},"type":"if","locations":[{"start":{"line":95,"column":6},"end":{"line":98,"column":7}},{"start":{},"end":{}}],"line":95},"12":{"loc":{"start":{"line":95,"column":10},"end":{"line":95,"column":63}},"type":"binary-expr","locations":[{"start":{"line":95,"column":10},"end":{"line":95,"column":19}},{"start":{"line":95,"column":23},"end":{"line":95,"column":37}},{"start":{"line":95,"column":41},"end":{"line":95,"column":63}}],"line":95},"13":{"loc":{"start":{"line":96,"column":29},"end":{"line":96,"column":85}},"type":"binary-expr","locations":[{"start":{"line":96,"column":29},"end":{"line":96,"column":52}},{"start":{"line":96,"column":56},"end":{"line":96,"column":85}}],"line":96},"14":{"loc":{"start":{"line":104,"column":6},"end":{"line":108,"column":7}},"type":"if","locations":[{"start":{"line":104,"column":6},"end":{"line":108,"column":7}},{"start":{},"end":{}}],"line":104},"15":{"loc":{"start":{"line":120,"column":15},"end":{"line":120,"column":59}},"type":"binary-expr","locations":[{"start":{"line":120,"column":15},"end":{"line":120,"column":26}},{"start":{"line":120,"column":30},"end":{"line":120,"column":59}}],"line":120},"16":{"loc":{"start":{"line":121,"column":18},"end":{"line":121,"column":62}},"type":"binary-expr","locations":[{"start":{"line":121,"column":18},"end":{"line":121,"column":29}},{"start":{"line":121,"column":33},"end":{"line":121,"column":62}}],"line":121},"17":{"loc":{"start":{"line":155,"column":35},"end":{"line":155,"column":69}},"type":"binary-expr","locations":[{"start":{"line":155,"column":35},"end":{"line":155,"column":53}},{"start":{"line":155,"column":57},"end":{"line":155,"column":69}}],"line":155},"18":{"loc":{"start":{"line":168,"column":11},"end":{"line":178,"column":11}},"type":"binary-expr","locations":[{"start":{"line":168,"column":11},"end":{"line":168,"column":17}},{"start":{"line":169,"column":12},"end":{"line":177,"column":27}}],"line":168},"19":{"loc":{"start":{"line":176,"column":15},"end":{"line":176,"column":53}},"type":"cond-expr","locations":[{"start":{"line":176,"column":25},"end":{"line":176,"column":40}},{"start":{"line":176,"column":43},"end":{"line":176,"column":53}}],"line":176},"20":{"loc":{"start":{"line":182,"column":9},"end":{"line":186,"column":9}},"type":"binary-expr","locations":[{"start":{"line":182,"column":9},"end":{"line":182,"column":14}},{"start":{"line":183,"column":10},"end":{"line":185,"column":16}}],"line":182},"21":{"loc":{"start":{"line":189,"column":9},"end":{"line":246,"column":9}},"type":"binary-expr","locations":[{"start":{"line":189,"column":9},"end":{"line":189,"column":29}},{"start":{"line":190,"column":10},"end":{"line":245,"column":16}}],"line":189},"22":{"loc":{"start":{"line":191,"column":13},"end":{"line":244,"column":13}},"type":"cond-expr","locations":[{"start":{"line":192,"column":14},"end":{"line":195,"column":20}},{"start":{"line":197,"column":14},"end":{"line":243,"column":20}}],"line":191},"23":{"loc":{"start":{"line":198,"column":17},"end":{"line":242,"column":17}},"type":"cond-expr","locations":[{"start":{"line":199,"column":18},"end":{"line":201,"column":24}},{"start":{"line":203,"column":18},"end":{"line":241,"column":20}}],"line":198},"24":{"loc":{"start":{"line":207,"column":24},"end":{"line":207,"column":74}},"type":"binary-expr","locations":[{"start":{"line":207,"column":24},"end":{"line":207,"column":32}},{"start":{"line":207,"column":36},"end":{"line":207,"column":74}}],"line":207},"25":{"loc":{"start":{"line":210,"column":24},"end":{"line":210,"column":70}},"type":"cond-expr","locations":[{"start":{"line":210,"column":34},"end":{"line":210,"column":65}},{"start":{"line":210,"column":68},"end":{"line":210,"column":70}}],"line":210},"26":{"loc":{"start":{"line":263,"column":4},"end":{"line":263,"column":51}},"type":"binary-expr","locations":[{"start":{"line":263,"column":4},"end":{"line":263,"column":33}},{"start":{"line":263,"column":37},"end":{"line":263,"column":51}}],"line":263},"27":{"loc":{"start":{"line":275,"column":4},"end":{"line":275,"column":49}},"type":"binary-expr","locations":[{"start":{"line":275,"column":4},"end":{"line":275,"column":35}},{"start":{"line":275,"column":39},"end":{"line":275,"column":49}}],"line":275}},"s":{"0":1,"1":31,"2":31,"3":31,"4":31,"5":31,"6":31,"7":31,"8":31,"9":13,"10":5,"11":13,"12":12,"13":31,"14":5,"15":5,"16":5,"17":5,"18":5,"19":3,"20":3,"21":0,"22":3,"23":3,"24":3,"25":0,"26":0,"27":3,"28":1,"29":1,"30":1,"31":4,"32":31,"33":2,"34":2,"35":2,"36":2,"37":0,"38":2,"39":0,"40":2,"41":1,"42":0,"43":0,"44":1,"45":1,"46":1,"47":0,"48":1,"49":1,"50":1,"51":1,"52":1,"53":1,"54":2,"55":31,"56":5,"57":4,"58":2,"59":8,"60":1,"61":31,"62":31,"63":1,"64":31,"65":31},"f":{"0":31,"1":13,"2":5,"3":2,"4":1,"5":5,"6":4,"7":2,"8":8,"9":31,"10":31},"b":{"0":[0],"1":[5,8],"2":[12,1],"3":[0,3],"4":[3,0],"5":[0,3],"6":[0,0],"7":[1,0],"8":[0,2],"9":[2,2],"10":[0,2],"11":[0,1],"12":[1,1,1],"13":[0,0],"14":[0,1],"15":[1,0],"16":[1,0],"17":[31,31],"18":[31,24],"19":[7,17],"20":[31,2],"21":[31,17],"22":[7,10],"23":[6,4],"24":[2,2],"25":[0,4],"26":[31,0],"27":[31,0]},"_coverageSchema":"1a1c01bbd47fc00a2c39e90264f33305004495a9","hash":"406b527f92d89607be75d7ff494a2c7d5c0ceec7"}
,"C:\\Users\\Lakshmana.H\\OneDrive - Brillio\\Desktop\\FSM\\React\\jest-react\\src\\page\\Admin\\AdminTaskList.jsx": {"path":"C:\\Users\\Lakshmana.H\\OneDrive - Brillio\\Desktop\\FSM\\React\\jest-react\\src\\page\\Admin\\AdminTaskList.jsx","statementMap":{"0":{"start":{"line":10,"column":22},"end":{"line":117,"column":1}},"1":{"start":{"line":11,"column":19},"end":{"line":11,"column":32}},"2":{"start":{"line":12,"column":36},"end":{"line":12,"column":71}},"3":{"start":{"line":12,"column":59},"end":{"line":12,"column":70}},"4":{"start":{"line":13,"column":38},"end":{"line":13,"column":50}},"5":{"start":{"line":14,"column":56},"end":{"line":14,"column":68}},"6":{"start":{"line":15,"column":42},"end":{"line":15,"column":54}},"7":{"start":{"line":16,"column":48},"end":{"line":16,"column":60}},"8":{"start":{"line":18,"column":2},"end":{"line":20,"column":17}},"9":{"start":{"line":19,"column":4},"end":{"line":19,"column":30}},"10":{"start":{"line":23,"column":2},"end":{"line":29,"column":19}},"11":{"start":{"line":24,"column":20},"end":{"line":26,"column":11}},"12":{"start":{"line":25,"column":6},"end":{"line":25,"column":41}},"13":{"start":{"line":28,"column":4},"end":{"line":28,"column":39}},"14":{"start":{"line":28,"column":17},"end":{"line":28,"column":38}},"15":{"start":{"line":31,"column":2},"end":{"line":33,"column":3}},"16":{"start":{"line":32,"column":4},"end":{"line":32,"column":71}},"17":{"start":{"line":35,"column":2},"end":{"line":37,"column":3}},"18":{"start":{"line":36,"column":4},"end":{"line":36,"column":74}},"19":{"start":{"line":39,"column":2},"end":{"line":41,"column":3}},"20":{"start":{"line":40,"column":4},"end":{"line":40,"column":76}},"21":{"start":{"line":44,"column":24},"end":{"line":51,"column":4}},"22":{"start":{"line":46,"column":30},"end":{"line":46,"column":104}},"23":{"start":{"line":47,"column":32},"end":{"line":47,"column":110}},"24":{"start":{"line":49,"column":36},"end":{"line":49,"column":106}},"25":{"start":{"line":50,"column":4},"end":{"line":50,"column":79}},"26":{"start":{"line":53,"column":2},"end":{"line":116,"column":4}},"27":{"start":{"line":62,"column":27},"end":{"line":62,"column":56}},"28":{"start":{"line":82,"column":21},"end":{"line":82,"column":52}},"29":{"start":{"line":96,"column":21},"end":{"line":96,"column":54}},"30":{"start":{"line":112,"column":10},"end":{"line":112,"column":65}}},"fnMap":{"0":{"name":"(anonymous_0)","decl":{"start":{"line":10,"column":22},"end":{"line":10,"column":23}},"loc":{"start":{"line":10,"column":28},"end":{"line":117,"column":1}},"line":10},"1":{"name":"(anonymous_1)","decl":{"start":{"line":12,"column":48},"end":{"line":12,"column":49}},"loc":{"start":{"line":12,"column":59},"end":{"line":12,"column":70}},"line":12},"2":{"name":"(anonymous_2)","decl":{"start":{"line":18,"column":12},"end":{"line":18,"column":13}},"loc":{"start":{"line":18,"column":18},"end":{"line":20,"column":3}},"line":18},"3":{"name":"(anonymous_3)","decl":{"start":{"line":23,"column":12},"end":{"line":23,"column":13}},"loc":{"start":{"line":23,"column":18},"end":{"line":29,"column":3}},"line":23},"4":{"name":"(anonymous_4)","decl":{"start":{"line":24,"column":31},"end":{"line":24,"column":32}},"loc":{"start":{"line":24,"column":37},"end":{"line":26,"column":5}},"line":24},"5":{"name":"(anonymous_5)","decl":{"start":{"line":28,"column":11},"end":{"line":28,"column":12}},"loc":{"start":{"line":28,"column":17},"end":{"line":28,"column":38}},"line":28},"6":{"name":"(anonymous_6)","decl":{"start":{"line":44,"column":37},"end":{"line":44,"column":38}},"loc":{"start":{"line":44,"column":45},"end":{"line":51,"column":3}},"line":44},"7":{"name":"(anonymous_7)","decl":{"start":{"line":62,"column":20},"end":{"line":62,"column":21}},"loc":{"start":{"line":62,"column":27},"end":{"line":62,"column":56}},"line":62},"8":{"name":"(anonymous_8)","decl":{"start":{"line":82,"column":14},"end":{"line":82,"column":15}},"loc":{"start":{"line":82,"column":21},"end":{"line":82,"column":52}},"line":82},"9":{"name":"(anonymous_9)","decl":{"start":{"line":96,"column":14},"end":{"line":96,"column":15}},"loc":{"start":{"line":96,"column":21},"end":{"line":96,"column":54}},"line":96},"10":{"name":"(anonymous_10)","decl":{"start":{"line":111,"column":27},"end":{"line":111,"column":28}},"loc":{"start":{"line":112,"column":10},"end":{"line":112,"column":65}},"line":112}},"branchMap":{"0":{"loc":{"start":{"line":31,"column":2},"end":{"line":33,"column":3}},"type":"if","locations":[{"start":{"line":31,"column":2},"end":{"line":33,"column":3}},{"start":{},"end":{}}],"line":31},"1":{"loc":{"start":{"line":35,"column":2},"end":{"line":37,"column":3}},"type":"if","locations":[{"start":{"line":35,"column":2},"end":{"line":37,"column":3}},{"start":{},"end":{}}],"line":35},"2":{"loc":{"start":{"line":39,"column":2},"end":{"line":41,"column":3}},"type":"if","locations":[{"start":{"line":39,"column":2},"end":{"line":41,"column":3}},{"start":{},"end":{}}],"line":39},"3":{"loc":{"start":{"line":39,"column":6},"end":{"line":39,"column":34}},"type":"binary-expr","locations":[{"start":{"line":39,"column":6},"end":{"line":39,"column":12}},{"start":{"line":39,"column":16},"end":{"line":39,"column":34}}],"line":39},"4":{"loc":{"start":{"line":47,"column":32},"end":{"line":47,"column":110}},"type":"cond-expr","locations":[{"start":{"line":47,"column":47},"end":{"line":47,"column":103}},{"start":{"line":47,"column":106},"end":{"line":47,"column":110}}],"line":47},"5":{"loc":{"start":{"line":49,"column":36},"end":{"line":49,"column":106}},"type":"cond-expr","locations":[{"start":{"line":49,"column":53},"end":{"line":49,"column":99}},{"start":{"line":49,"column":102},"end":{"line":49,"column":106}}],"line":49},"6":{"loc":{"start":{"line":50,"column":11},"end":{"line":50,"column":78}},"type":"binary-expr","locations":[{"start":{"line":50,"column":11},"end":{"line":50,"column":28}},{"start":{"line":50,"column":32},"end":{"line":50,"column":51}},{"start":{"line":50,"column":55},"end":{"line":50,"column":78}}],"line":50},"7":{"loc":{"start":{"line":112,"column":30},"end":{"line":112,"column":49}},"type":"binary-expr","locations":[{"start":{"line":112,"column":30},"end":{"line":112,"column":38}},{"start":{"line":112,"column":42},"end":{"line":112,"column":49}}],"line":112}},"s":{"0":1,"1":17,"2":17,"3":17,"4":17,"5":16,"6":16,"7":16,"8":16,"9":8,"10":16,"11":10,"12":8,"13":10,"14":10,"15":16,"16":1,"17":15,"18":1,"19":14,"20":1,"21":13,"22":42,"23":42,"24":42,"25":42,"26":13,"27":2,"28":2,"29":2,"30":28},"f":{"0":17,"1":17,"2":8,"3":10,"4":8,"5":10,"6":42,"7":2,"8":2,"9":2,"10":28},"b":{"0":[1,15],"1":[1,14],"2":[1,13],"3":[14,14],"4":[11,31],"5":[7,35],"6":[42,34,30],"7":[28,0]},"_coverageSchema":"1a1c01bbd47fc00a2c39e90264f33305004495a9","hash":"5138cd4333c0bb4a55e07cf1beeec13c7b9c6f5d"}
,"C:\\Users\\Lakshmana.H\\OneDrive - Brillio\\Desktop\\FSM\\React\\jest-react\\src\\page\\Admin\\AdminUserList.jsx": {"path":"C:\\Users\\Lakshmana.H\\OneDrive - Brillio\\Desktop\\FSM\\React\\jest-react\\src\\page\\Admin\\AdminUserList.jsx","statementMap":{"0":{"start":{"line":7,"column":22},"end":{"line":119,"column":1}},"1":{"start":{"line":8,"column":19},"end":{"line":8,"column":32}},"2":{"start":{"line":9,"column":36},"end":{"line":9,"column":71}},"3":{"start":{"line":9,"column":59},"end":{"line":9,"column":70}},"4":{"start":{"line":10,"column":38},"end":{"line":10,"column":50}},"5":{"start":{"line":11,"column":44},"end":{"line":11,"column":56}},"6":{"start":{"line":13,"column":2},"end":{"line":15,"column":17}},"7":{"start":{"line":14,"column":4},"end":{"line":14,"column":30}},"8":{"start":{"line":17,"column":3},"end":{"line":17,"column":53}},"9":{"start":{"line":17,"column":20},"end":{"line":17,"column":43}},"10":{"start":{"line":20,"column":26},"end":{"line":27,"column":19}},"11":{"start":{"line":21,"column":4},"end":{"line":21,"column":46}},"12":{"start":{"line":22,"column":4},"end":{"line":26,"column":6}},"13":{"start":{"line":24,"column":8},"end":{"line":24,"column":69}},"14":{"start":{"line":29,"column":25},"end":{"line":32,"column":3}},"15":{"start":{"line":30,"column":4},"end":{"line":30,"column":36}},"16":{"start":{"line":31,"column":4},"end":{"line":31,"column":34}},"17":{"start":{"line":36,"column":2},"end":{"line":42,"column":3}},"18":{"start":{"line":37,"column":4},"end":{"line":41,"column":6}},"19":{"start":{"line":44,"column":2},"end":{"line":50,"column":3}},"20":{"start":{"line":45,"column":4},"end":{"line":49,"column":6}},"21":{"start":{"line":52,"column":2},"end":{"line":118,"column":4}},"22":{"start":{"line":72,"column":14},"end":{"line":108,"column":20}}},"fnMap":{"0":{"name":"(anonymous_0)","decl":{"start":{"line":7,"column":22},"end":{"line":7,"column":23}},"loc":{"start":{"line":7,"column":28},"end":{"line":119,"column":1}},"line":7},"1":{"name":"(anonymous_1)","decl":{"start":{"line":9,"column":48},"end":{"line":9,"column":49}},"loc":{"start":{"line":9,"column":59},"end":{"line":9,"column":70}},"line":9},"2":{"name":"(anonymous_2)","decl":{"start":{"line":13,"column":12},"end":{"line":13,"column":13}},"loc":{"start":{"line":13,"column":18},"end":{"line":15,"column":3}},"line":13},"3":{"name":"(anonymous_3)","decl":{"start":{"line":17,"column":13},"end":{"line":17,"column":14}},"loc":{"start":{"line":17,"column":20},"end":{"line":17,"column":43}},"line":17},"4":{"name":"(anonymous_4)","decl":{"start":{"line":20,"column":47},"end":{"line":20,"column":48}},"loc":{"start":{"line":20,"column":63},"end":{"line":27,"column":3}},"line":20},"5":{"name":"(anonymous_5)","decl":{"start":{"line":23,"column":19},"end":{"line":23,"column":20}},"loc":{"start":{"line":24,"column":8},"end":{"line":24,"column":69}},"line":24},"6":{"name":"(anonymous_6)","decl":{"start":{"line":29,"column":25},"end":{"line":29,"column":26}},"loc":{"start":{"line":29,"column":32},"end":{"line":32,"column":3}},"line":29},"7":{"name":"(anonymous_7)","decl":{"start":{"line":71,"column":31},"end":{"line":71,"column":32}},"loc":{"start":{"line":72,"column":14},"end":{"line":108,"column":20}},"line":72}},"branchMap":{"0":{"loc":{"start":{"line":36,"column":2},"end":{"line":42,"column":3}},"type":"if","locations":[{"start":{"line":36,"column":2},"end":{"line":42,"column":3}},{"start":{},"end":{}}],"line":36},"1":{"loc":{"start":{"line":44,"column":2},"end":{"line":50,"column":3}},"type":"if","locations":[{"start":{"line":44,"column":2},"end":{"line":50,"column":3}},{"start":{},"end":{}}],"line":44},"2":{"loc":{"start":{"line":70,"column":11},"end":{"line":114,"column":11}},"type":"cond-expr","locations":[{"start":{"line":71,"column":12},"end":{"line":109,"column":14}},{"start":{"line":111,"column":12},"end":{"line":113,"column":18}}],"line":70},"3":{"loc":{"start":{"line":94,"column":25},"end":{"line":94,"column":44}},"type":"binary-expr","locations":[{"start":{"line":94,"column":25},"end":{"line":94,"column":34}},{"start":{"line":94,"column":38},"end":{"line":94,"column":44}}],"line":94},"4":{"loc":{"start":{"line":100,"column":25},"end":{"line":100,"column":48}},"type":"binary-expr","locations":[{"start":{"line":100,"column":25},"end":{"line":100,"column":36}},{"start":{"line":100,"column":40},"end":{"line":100,"column":48}}],"line":100}},"s":{"0":1,"1":13,"2":13,"3":19,"4":13,"5":13,"6":13,"7":12,"8":13,"9":6,"10":13,"11":1,"12":1,"13":2,"14":13,"15":1,"16":1,"17":13,"18":2,"19":11,"20":2,"21":9,"22":5},"f":{"0":13,"1":19,"2":12,"3":6,"4":1,"5":2,"6":1,"7":5},"b":{"0":[2,11],"1":[2,9],"2":[3,6],"3":[5,0],"4":[5,0]},"_coverageSchema":"1a1c01bbd47fc00a2c39e90264f33305004495a9","hash":"21a0892b19dbf9619ef9f50be0b3660feb810c3b"}
,"C:\\Users\\Lakshmana.H\\OneDrive - Brillio\\Desktop\\FSM\\React\\jest-react\\src\\page\\Admin\\Dashbord.jsx": {"path":"C:\\Users\\Lakshmana.H\\OneDrive - Brillio\\Desktop\\FSM\\React\\jest-react\\src\\page\\Admin\\Dashbord.jsx","statementMap":{"0":{"start":{"line":8,"column":23},"end":{"line":100,"column":1}},"1":{"start":{"line":10,"column":63},"end":{"line":10,"column":98}},"2":{"start":{"line":10,"column":86},"end":{"line":10,"column":97}},"3":{"start":{"line":12,"column":3},"end":{"line":12,"column":53}},"4":{"start":{"line":17,"column":21},"end":{"line":17,"column":34}},"5":{"start":{"line":18,"column":2},"end":{"line":23,"column":20}},"6":{"start":{"line":19,"column":7},"end":{"line":19,"column":37}},"7":{"start":{"line":20,"column":7},"end":{"line":20,"column":33}},"8":{"start":{"line":21,"column":7},"end":{"line":21,"column":45}},"9":{"start":{"line":22,"column":7},"end":{"line":22,"column":37}},"10":{"start":{"line":25,"column":24},"end":{"line":35,"column":9}},"11":{"start":{"line":26,"column":24},"end":{"line":26,"column":62}},"12":{"start":{"line":27,"column":19},"end":{"line":27,"column":52}},"13":{"start":{"line":28,"column":21},"end":{"line":28,"column":56}},"14":{"start":{"line":30,"column":30},"end":{"line":30,"column":85}},"15":{"start":{"line":31,"column":32},"end":{"line":31,"column":91}},"16":{"start":{"line":32,"column":34},"end":{"line":32,"column":99}},"17":{"start":{"line":34,"column":4},"end":{"line":34,"column":77}},"18":{"start":{"line":41,"column":29},"end":{"line":47,"column":3}},"19":{"start":{"line":50,"column":29},"end":{"line":54,"column":3}},"20":{"start":{"line":56,"column":2},"end":{"line":68,"column":3}},"21":{"start":{"line":57,"column":4},"end":{"line":67,"column":7}},"22":{"start":{"line":58,"column":21},"end":{"line":58,"column":48}},"23":{"start":{"line":59,"column":23},"end":{"line":59,"column":52}},"24":{"start":{"line":61,"column":6},"end":{"line":63,"column":7}},"25":{"start":{"line":62,"column":8},"end":{"line":62,"column":40}},"26":{"start":{"line":64,"column":6},"end":{"line":66,"column":7}},"27":{"start":{"line":65,"column":8},"end":{"line":65,"column":42}},"28":{"start":{"line":70,"column":27},"end":{"line":80,"column":3}},"29":{"start":{"line":82,"column":27},"end":{"line":92,"column":3}},"30":{"start":{"line":93,"column":20},"end":{"line":98,"column":3}},"31":{"start":{"line":94,"column":39},"end":{"line":94,"column":61}},"32":{"start":{"line":95,"column":43},"end":{"line":95,"column":70}},"33":{"start":{"line":99,"column":2},"end":{"line":99,"column":129}}},"fnMap":{"0":{"name":"(anonymous_0)","decl":{"start":{"line":8,"column":23},"end":{"line":8,"column":24}},"loc":{"start":{"line":8,"column":97},"end":{"line":100,"column":1}},"line":8},"1":{"name":"(anonymous_1)","decl":{"start":{"line":10,"column":75},"end":{"line":10,"column":76}},"loc":{"start":{"line":10,"column":86},"end":{"line":10,"column":97}},"line":10},"2":{"name":"(anonymous_2)","decl":{"start":{"line":18,"column":12},"end":{"line":18,"column":13}},"loc":{"start":{"line":18,"column":18},"end":{"line":23,"column":6}},"line":18},"3":{"name":"(anonymous_3)","decl":{"start":{"line":25,"column":60},"end":{"line":25,"column":61}},"loc":{"start":{"line":25,"column":70},"end":{"line":35,"column":3}},"line":25},"4":{"name":"(anonymous_4)","decl":{"start":{"line":57,"column":26},"end":{"line":57,"column":27}},"loc":{"start":{"line":57,"column":36},"end":{"line":67,"column":5}},"line":57},"5":{"name":"(anonymous_5)","decl":{"start":{"line":94,"column":31},"end":{"line":94,"column":32}},"loc":{"start":{"line":94,"column":39},"end":{"line":94,"column":61}},"line":94},"6":{"name":"(anonymous_6)","decl":{"start":{"line":95,"column":35},"end":{"line":95,"column":36}},"loc":{"start":{"line":95,"column":43},"end":{"line":95,"column":70}},"line":95}},"branchMap":{"0":{"loc":{"start":{"line":8,"column":26},"end":{"line":8,"column":50}},"type":"default-arg","locations":[{"start":{"line":8,"column":48},"end":{"line":8,"column":50}}],"line":8},"1":{"loc":{"start":{"line":8,"column":52},"end":{"line":8,"column":69}},"type":"default-arg","locations":[{"start":{"line":8,"column":67},"end":{"line":8,"column":69}}],"line":8},"2":{"loc":{"start":{"line":8,"column":71},"end":{"line":8,"column":90}},"type":"default-arg","locations":[{"start":{"line":8,"column":88},"end":{"line":8,"column":90}}],"line":8},"3":{"loc":{"start":{"line":25,"column":24},"end":{"line":35,"column":9}},"type":"cond-expr","locations":[{"start":{"line":25,"column":47},"end":{"line":35,"column":4}},{"start":{"line":35,"column":7},"end":{"line":35,"column":9}}],"line":25},"4":{"loc":{"start":{"line":26,"column":24},"end":{"line":26,"column":62}},"type":"binary-expr","locations":[{"start":{"line":26,"column":24},"end":{"line":26,"column":56}},{"start":{"line":26,"column":60},"end":{"line":26,"column":62}}],"line":26},"5":{"loc":{"start":{"line":27,"column":19},"end":{"line":27,"column":52}},"type":"binary-expr","locations":[{"start":{"line":27,"column":19},"end":{"line":27,"column":46}},{"start":{"line":27,"column":50},"end":{"line":27,"column":52}}],"line":27},"6":{"loc":{"start":{"line":28,"column":21},"end":{"line":28,"column":56}},"type":"binary-expr","locations":[{"start":{"line":28,"column":21},"end":{"line":28,"column":50}},{"start":{"line":28,"column":54},"end":{"line":28,"column":56}}],"line":28},"7":{"loc":{"start":{"line":31,"column":32},"end":{"line":31,"column":91}},"type":"cond-expr","locations":[{"start":{"line":31,"column":47},"end":{"line":31,"column":84}},{"start":{"line":31,"column":87},"end":{"line":31,"column":91}}],"line":31},"8":{"loc":{"start":{"line":32,"column":34},"end":{"line":32,"column":99}},"type":"cond-expr","locations":[{"start":{"line":32,"column":51},"end":{"line":32,"column":92}},{"start":{"line":32,"column":95},"end":{"line":32,"column":99}}],"line":32},"9":{"loc":{"start":{"line":34,"column":11},"end":{"line":34,"column":76}},"type":"binary-expr","locations":[{"start":{"line":34,"column":11},"end":{"line":34,"column":28}},{"start":{"line":34,"column":32},"end":{"line":34,"column":51}},{"start":{"line":34,"column":55},"end":{"line":34,"column":76}}],"line":34},"10":{"loc":{"start":{"line":56,"column":2},"end":{"line":68,"column":3}},"type":"if","locations":[{"start":{"line":56,"column":2},"end":{"line":68,"column":3}},{"start":{},"end":{}}],"line":56},"11":{"loc":{"start":{"line":56,"column":6},"end":{"line":56,"column":46}},"type":"binary-expr","locations":[{"start":{"line":56,"column":6},"end":{"line":56,"column":14}},{"start":{"line":56,"column":18},"end":{"line":56,"column":46}}],"line":56},"12":{"loc":{"start":{"line":61,"column":6},"end":{"line":63,"column":7}},"type":"if","locations":[{"start":{"line":61,"column":6},"end":{"line":63,"column":7}},{"start":{},"end":{}}],"line":61},"13":{"loc":{"start":{"line":61,"column":10},"end":{"line":61,"column":60}},"type":"binary-expr","locations":[{"start":{"line":61,"column":10},"end":{"line":61,"column":16}},{"start":{"line":61,"column":20},"end":{"line":61,"column":60}}],"line":61},"14":{"loc":{"start":{"line":64,"column":6},"end":{"line":66,"column":7}},"type":"if","locations":[{"start":{"line":64,"column":6},"end":{"line":66,"column":7}},{"start":{},"end":{}}],"line":64},"15":{"loc":{"start":{"line":64,"column":10},"end":{"line":64,"column":64}},"type":"binary-expr","locations":[{"start":{"line":64,"column":10},"end":{"line":64,"column":18}},{"start":{"line":64,"column":22},"end":{"line":64,"column":64}}],"line":64}},"s":{"0":1,"1":4,"2":4,"3":4,"4":4,"5":4,"6":4,"7":4,"8":4,"9":4,"10":4,"11":10,"12":10,"13":10,"14":10,"15":10,"16":10,"17":10,"18":4,"19":4,"20":4,"21":3,"22":6,"23":6,"24":6,"25":6,"26":6,"27":6,"28":4,"29":4,"30":4,"31":10,"32":10,"33":4},"f":{"0":4,"1":4,"2":4,"3":10,"4":6,"5":10,"6":10},"b":{"0":[3],"1":[3],"2":[3],"3":[4,0],"4":[10,0],"5":[10,0],"6":[10,0],"7":[5,5],"8":[5,5],"9":[10,7,6],"10":[3,1],"11":[4,3],"12":[6,0],"13":[6,6],"14":[6,0],"15":[6,6]},"_coverageSchema":"1a1c01bbd47fc00a2c39e90264f33305004495a9","hash":"269b2414d26be8f2817b45b1105eb6b9c30f71ba"}
,"C:\\Users\\Lakshmana.H\\OneDrive - Brillio\\Desktop\\FSM\\React\\jest-react\\src\\page\\Admin\\NavBar.jsx": {"path":"C:\\Users\\Lakshmana.H\\OneDrive - Brillio\\Desktop\\FSM\\React\\jest-react\\src\\page\\Admin\\NavBar.jsx","statementMap":{"0":{"start":{"line":6,"column":20},"end":{"line":35,"column":1}},"1":{"start":{"line":9,"column":2},"end":{"line":34,"column":4}}},"fnMap":{"0":{"name":"(anonymous_0)","decl":{"start":{"line":6,"column":20},"end":{"line":6,"column":21}},"loc":{"start":{"line":6,"column":28},"end":{"line":35,"column":1}},"line":6}},"branchMap":{},"s":{"0":2,"1":2},"f":{"0":2},"b":{},"_coverageSchema":"1a1c01bbd47fc00a2c39e90264f33305004495a9","hash":"7b44e35c05dc45ab286959c3483934256378f9a7"}
[...]
{"line":53,"column":16},"end":{"line":55,"column":15}},"26":{"start":{"line":54,"column":18},"end":{"line":54,"column":50}},"27":{"start":{"line":59,"column":8},"end":{"line":59,"column":37}}},"fnMap":{"0":{"name":"(anonymous_0)","decl":{"start":{"line":15,"column":35},"end":{"line":15,"column":36}},"loc":{"start":{"line":15,"column":47},"end":{"line":39,"column":1}},"line":15},"1":{"name":"(anonymous_1)","decl":{"start":{"line":39,"column":3},"end":{"line":39,"column":4}},"loc":{"start":{"line":39,"column":13},"end":{"line":41,"column":1}},"line":39},"2":{"name":"(anonymous_2)","decl":{"start":{"line":46,"column":4},"end":{"line":46,"column":5}},"loc":{"start":{"line":46,"column":18},"end":{"line":46,"column":26}},"line":46},"3":{"name":"(anonymous_3)","decl":{"start":{"line":47,"column":4},"end":{"line":47,"column":5}},"loc":{"start":{"line":47,"column":21},"end":{"line":60,"column":5}},"line":47}},"branchMap":{"0":{"loc":{"start":{"line":20,"column":4},"end":{"line":22,"column":5}},"type":"if","locations":[{"start":{"line":20,"column":4},"end":{"line":22,"column":5}},{"start":{},"end":{}}],"line":20},"1":{"loc":{"start":{"line":23,"column":4},"end":{"line":28,"column":3}},"type":"if","locations":[{"start":{"line":23,"column":4},"end":{"line":28,"column":3}},{"start":{"line":26,"column":7},"end":{"line":28,"column":3}}],"line":23},"2":{"loc":{"start":{"line":29,"column":2},"end":{"line":34,"column":3}},"type":"if","locations":[{"start":{"line":29,"column":2},"end":{"line":34,"column":3}},{"start":{"line":32,"column":7},"end":{"line":34,"column":3}}],"line":29},"3":{"loc":{"start":{"line":48,"column":8},"end":{"line":58,"column":9}},"type":"if","locations":[{"start":{"line":48,"column":8},"end":{"line":58,"column":9}},{"start":{},"end":{}}],"line":48},"4":{"loc":{"start":{"line":48,"column":12},"end":{"line":48,"column":59}},"type":"binary-expr","locations":[{"start":{"line":48,"column":12},"end":{"line":48,"column":26}},{"start":{"line":48,"column":30},"end":{"line":48,"column":59}}],"line":48},"5":{"loc":{"start":{"line":49,"column":12},"end":{"line":57,"column":13}},"type":"if","locations":[{"start":{"line":49,"column":12},"end":{"line":57,"column":13}},{"start":{},"end":{}}],"line":49},"6":{"loc":{"start":{"line":53,"column":16},"end":{"line":55,"column":15}},"type":"if","locations":[{"start":{"line":53,"column":16},"end":{"line":55,"column":15}},{"start":{},"end":{}}],"line":53}},"s":{"0":9,"1":9,"2":8,"3":8,"4":7,"5":7,"6":7,"7":2,"8":7,"9":1,"10":6,"11":7,"12":1,"13":6,"14":1,"15":8,"16":0,"17":9,"18":9,"19":4,"20":4,"21":3,"22":2,"23":2,"24":2,"25":2,"26":2,"27":4},"f":{"0":8,"1":0,"2":4,"3":4},"b":{"0":[2,5],"1":[1,6],"2":[1,6],"3":[3,1],"4":[4,4],"5":[2,1],"6":[2,0]},"_coverageSchema":"1a1c01bbd47fc00a2c39e90264f33305004495a9","hash":"0706fd5678ae5614eecb346b3e8586c77097ac58"}
,"C:\\Users\\Lakshmana.H\\OneDrive - Brillio\\Desktop\\FSM\\React\\jest-react\\src\\utils\\apiClientNH.js": {"path":"C:\\Users\\Lakshmana.H\\OneDrive - Brillio\\Desktop\\FSM\\React\\jest-react\\src\\utils\\apiClientNH.js","statementMap":{"0":{"start":{"line":5,"column":18},"end":{"line":12,"column":2}},"1":{"start":{"line":15,"column":0},"end":{"line":41,"column":3}},"2":{"start":{"line":16,"column":2},"end":{"line":37,"column":3}},"3":{"start":{"line":17,"column":18},"end":{"line":17,"column":49}},"4":{"start":{"line":18,"column":18},"end":{"line":18,"column":49}},"5":{"start":{"line":19,"column":17},"end":{"line":19,"column":47}},"6":{"start":{"line":20,"column":4},"end":{"line":22,"column":5}},"7":{"start":{"line":21,"column":8},"end":{"line":21,"column":60}},"8":{"start":{"line":23,"column":4},"end":{"line":28,"column":3}},"9":{"start":{"line":24,"column":6},"end":{"line":24,"column":45}},"10":{"start":{"line":27,"column":4},"end":{"line":27,"column":42}},"11":{"start":{"line":29,"column":2},"end":{"line":34,"column":3}},"12":{"start":{"line":30,"column":6},"end":{"line":30,"column":43}},"13":{"start":{"line":33,"column":4},"end":{"line":33,"column":41}},"14":{"start":{"line":36,"column":4},"end":{"line":36,"column":60}},"15":{"start":{"line":38,"column":4},"end":{"line":38,"column":18}},"16":{"start":{"line":40,"column":2},"end":{"line":40,"column":31}},"17":{"start":{"line":43,"column":20},"end":{"line":43,"column":25}},"18":{"start":{"line":45,"column":0},"end":{"line":61,"column":2}},"19":{"start":{"line":46,"column":18},"end":{"line":46,"column":26}},"20":{"start":{"line":48,"column":8},"end":{"line":58,"column":9}},"21":{"start":{"line":49,"column":12},"end":{"line":57,"column":13}},"22":{"start":{"line":50,"column":16},"end":{"line":50,"column":37}},"23":{"start":{"line":51,"column":16},"end":{"line":51,"column":63}},"24":{"start":{"line":52,"column":16},"end":{"line":52,"column":39}},"25":{"start":{"line":53,"column":16},"end":{"line":55,"column":15}},"26":{"start":{"line":54,"column":18},"end":{"line":54,"column":50}},"27":{"start":{"line":59,"column":8},"end":{"line":59,"column":37}}},"fnMap":{"0":{"name":"(anonymous_0)","decl":{"start":{"line":15,"column":35},"end":{"line":15,"column":36}},"loc":{"start":{"line":15,"column":47},"end":{"line":39,"column":1}},"line":15},"1":{"name":"(anonymous_1)","decl":{"start":{"line":39,"column":3},"end":{"line":39,"column":4}},"loc":{"start":{"line":39,"column":13},"end":{"line":41,"column":1}},"line":39},"2":{"name":"(anonymous_2)","decl":{"start":{"line":46,"column":4},"end":{"line":46,"column":5}},"loc":{"start":{"line":46,"column":18},"end":{"line":46,"column":26}},"line":46},"3":{"name":"(anonymous_3)","decl":{"start":{"line":47,"column":4},"end":{"line":47,"column":5}},"loc":{"start":{"line":47,"column":21},"end":{"line":60,"column":5}},"line":47}},"branchMap":{"0":{"loc":{"start":{"line":20,"column":4},"end":{"line":22,"column":5}},"type":"if","locations":[{"start":{"line":20,"column":4},"end":{"line":22,"column":5}},{"start":{},"end":{}}],"line":20},"1":{"loc":{"start":{"line":23,"column":4},"end":{"line":28,"column":3}},"type":"if","locations":[{"start":{"line":23,"column":4},"end":{"line":28,"column":3}},{"start":{"line":26,"column":7},"end":{"line":28,"column":3}}],"line":23},"2":{"loc":{"start":{"line":29,"column":2},"end":{"line":34,"column":3}},"type":"if","locations":[{"start":{"line":29,"column":2},"end":{"line":34,"column":3}},{"start":{"line":32,"column":7},"end":{"line":34,"column":3}}],"line":29},"3":{"loc":{"start":{"line":48,"column":8},"end":{"line":58,"column":9}},"type":"if","locations":[{"start":{"line":48,"column":8},"end":{"line":58,"column":9}},{"start":{},"end":{}}],"line":48},"4":{"loc":{"start":{"line":48,"column":12},"end":{"line":48,"column":59}},"type":"binary-expr","locations":[{"start":{"line":48,"column":12},"end":{"line":48,"column":26}},{"start":{"line":48,"column":30},"end":{"line":48,"column":59}}],"line":48},"5":{"loc":{"start":{"line":49,"column":12},"end":{"line":57,"column":13}},"type":"if","locations":[{"start":{"line":49,"column":12},"end":{"line":57,"column":13}},{"start":{},"end":{}}],"line":49},"6":{"loc":{"start":{"line":53,"column":16},"end":{"line":55,"column":15}},"type":"if","locations":[{"start":{"line":53,"column":16},"end":{"line":55,"column":15}},{"start":{},"end":{}}],"line":53}},"s":{"0":10,"1":10,"2":8,"3":8,"4":7,"5":7,"6":7,"7":2,"8":7,"9":1,"10":6,"11":7,"12":1,"13":6,"14":1,"15":8,"16":0,"17":10,"18":10,"19":4,"20":4,"21":3,"22":2,"23":2,"24":2,"25":2,"26":2,"27":4},"f":{"0":8,"1":0,"2":4,"3":4},"b":{"0":[2,5],"1":[1,6],"2":[1,6],"3":[3,1],"4":[4,4],"5":[2,1],"6":[2,0]},"_coverageSchema":"1a1c01bbd47fc00a2c39e90264f33305004495a9","hash":"0091921eb36c7c9dc50b2fb6d3f9040d38dbc358"}
,"C:\\Users\\Lakshmana.H\\OneDrive - Brillio\\Desktop\\FSM\\React\\jest-react\\src\\utils\\apiClientUser.js": {"path":"C:\\Users\\Lakshmana.H\\OneDrive - Brillio\\Desktop\\FSM\\React\\jest-react\\src\\utils\\apiClientUser.js","statementMap":{"0":{"start":{"line":5,"column":18},"end":{"line":12,"column":2}},"1":{"start":{"line":15,"column":0},"end":{"line":41,"column":3}},"2":{"start":{"line":16,"column":2},"end":{"line":37,"column":3}},"3":{"start":{"line":17,"column":18},"end":{"line":17,"column":49}},"4":{"start":{"line":18,"column":18},"end":{"line":18,"column":49}},"5":{"start":{"line":19,"column":17},"end":{"line":19,"column":47}},"6":{"start":{"line":20,"column":4},"end":{"line":22,"column":5}},"7":{"start":{"line":21,"column":8},"end":{"line":21,"column":60}},"8":{"start":{"line":23,"column":4},"end":{"line":28,"column":3}},"9":{"start":{"line":24,"column":6},"end":{"line":24,"column":45}},"10":{"start":{"line":27,"column":4},"end":{"line":27,"column":42}},"11":{"start":{"line":29,"column":2},"end":{"line":34,"column":3}},"12":{"start":{"line":30,"column":6},"end":{"line":30,"column":43}},"13":{"start":{"line":33,"column":4},"end":{"line":33,"column":41}},"14":{"start":{"line":36,"column":4},"end":{"line":36,"column":60}},"15":{"start":{"line":38,"column":4},"end":{"line":38,"column":18}},"16":{"start":{"line":40,"column":2},"end":{"line":40,"column":31}},"17":{"start":{"line":43,"column":20},"end":{"line":43,"column":25}},"18":{"start":{"line":45,"column":0},"end":{"line":61,"column":2}},"19":{"start":{"line":46,"column":18},"end":{"line":46,"column":26}},"20":{"start":{"line":48,"column":8},"end":{"line":58,"column":9}},"21":{"start":{"line":49,"column":12},"end":{"line":57,"column":13}},"22":{"start":{"line":50,"column":16},"end":{"line":50,"column":37}},"23":{"start":{"line":51,"column":16},"end":{"line":51,"column":63}},"24":{"start":{"line":52,"column":16},"end":{"line":52,"column":39}},"25":{"start":{"line":53,"column":16},"end":{"line":55,"column":15}},"26":{"start":{"line":54,"column":18},"end":{"line":54,"column":50}},"27":{"start":{"line":59,"column":8},"end":{"line":59,"column":37}}},"fnMap":{"0":{"name":"(anonymous_0)","decl":{"start":{"line":15,"column":35},"end":{"line":15,"column":36}},"loc":{"start":{"line":15,"column":47},"end":{"line":39,"column":1}},"line":15},"1":{"name":"(anonymous_1)","decl":{"start":{"line":39,"column":3},"end":{"line":39,"column":4}},"loc":{"start":{"line":39,"column":13},"end":{"line":41,"column":1}},"line":39},"2":{"name":"(anonymous_2)","decl":{"start":{"line":46,"column":4},"end":{"line":46,"column":5}},"loc":{"start":{"line":46,"column":18},"end":{"line":46,"column":26}},"line":46},"3":{"name":"(anonymous_3)","decl":{"start":{"line":47,"column":4},"end":{"line":47,"column":5}},"loc":{"start":{"line":47,"column":21},"end":{"line":60,"column":5}},"line":47}},"branchMap":{"0":{"loc":{"start":{"line":20,"column":4},"end":{"line":22,"column":5}},"type":"if","locations":[{"start":{"line":20,"column":4},"end":{"line":22,"column":5}},{"start":{},"end":{}}],"line":20},"1":{"loc":{"start":{"line":23,"column":4},"end":{"line":28,"column":3}},"type":"if","locations":[{"start":{"line":23,"column":4},"end":{"line":28,"column":3}},{"start":{"line":26,"column":7},"end":{"line":28,"column":3}}],"line":23},"2":{"loc":{"start":{"line":29,"column":2},"end":{"line":34,"column":3}},"type":"if","locations":[{"start":{"line":29,"column":2},"end":{"line":34,"column":3}},{"start":{"line":32,"column":7},"end":{"line":34,"column":3}}],"line":29},"3":{"loc":{"start":{"line":48,"column":8},"end":{"line":58,"column":9}},"type":"if","locations":[{"start":{"line":48,"column":8},"end":{"line":58,"column":9}},{"start":{},"end":{}}],"line":48},"4":{"loc":{"start":{"line":48,"column":12},"end":{"line":48,"column":59}},"type":"binary-expr","locations":[{"start":{"line":48,"column":12},"end":{"line":48,"column":26}},{"start":{"line":48,"column":30},"end":{"line":48,"column":59}}],"line":48},"5":{"loc":{"start":{"line":49,"column":12},"end":{"line":57,"column":13}},"type":"if","locations":[{"start":{"line":49,"column":12},"end":{"line":57,"column":13}},{"start":{},"end":{}}],"line":49},"6":{"loc":{"start":{"line":53,"column":16},"end":{"line":55,"column":15}},"type":"if","locations":[{"start":{"line":53,"column":16},"end":{"line":55,"column":15}},{"start":{},"end":{}}],"line":53}},"s":{"0":13,"1":13,"2":8,"3":8,"4":7,"5":7,"6":7,"7":2,"8":7,"9":1,"10":6,"11":7,"12":1,"13":6,"14":1,"15":8,"16":0,"17":13,"18":13,"19":4,"20":4,"21":3,"22":2,"23":2,"24":2,"25":2,"26":2,"27":4},"f":{"0":8,"1":0,"2":4,"3":4},"b":{"0":[2,5],"1":[1,6],"2":[1,6],"3":[3,1],"4":[4,4],"5":[2,1],"6":[2,0]},"_coverageSchema":"1a1c01bbd47fc00a2c39e90264f33305004495a9","hash":"7df720ad6ded03e63fe0086286c809eba27689a8"}
,"C:\\Users\\Lakshmana.H\\OneDrive - Brillio\\Desktop\\FSM\\React\\jest-react\\src\\utils\\protectedRoute.jsx": {"path":"C:\\Users\\Lakshmana.H\\OneDrive - Brillio\\Desktop\\FSM\\React\\jest-react\\src\\utils\\protectedRoute.jsx","statementMap":{"0":{"start":{"line":6,"column":23},"end":{"line":42,"column":1}},"1":{"start":{"line":7,"column":19},"end":{"line":7,"column":32}},"2":{"start":{"line":8,"column":19},"end":{"line":8,"column":32}},"3":{"start":{"line":10,"column":2},"end":{"line":24,"column":41}},"4":{"start":{"line":11,"column":18},"end":{"line":11,"column":49}},"5":{"start":{"line":12,"column":17},"end":{"line":12,"column":47}},"6":{"start":{"line":14,"column":4},"end":{"line":23,"column":5}},"7":{"start":{"line":15,"column":6},"end":{"line":15,"column":56}},"8":{"start":{"line":16,"column":6},"end":{"line":16,"column":48}},"9":{"start":{"line":16,"column":23},"end":{"line":16,"column":41}},"10":{"start":{"line":18,"column":11},"end":{"line":23,"column":5}},"11":{"start":{"line":19,"column":6},"end":{"line":19,"column":56}},"12":{"start":{"line":20,"column":6},"end":{"line":20,"column":56}},"13":{"start":{"line":20,"column":23},"end":{"line":20,"column":48}},"14":{"start":{"line":26,"column":2},"end":{"line":41,"column":4}}},"fnMap":{"0":{"name":"(anonymous_0)","decl":{"start":{"line":6,"column":23},"end":{"line":6,"column":24}},"loc":{"start":{"line":6,"column":55},"end":{"line":42,"column":1}},"line":6},"1":{"name":"(anonymous_1)","decl":{"start":{"line":10,"column":12},"end":{"line":10,"column":13}},"loc":{"start":{"line":10,"column":18},"end":{"line":24,"column":3}},"line":10},"2":{"name":"(anonymous_2)","decl":{"start":{"line":16,"column":17},"end":{"line":16,"column":18}},"loc":{"start":{"line":16,"column":23},"end":{"line":16,"column":41}},"line":16},"3":{"name":"(anonymous_3)","decl":{"start":{"line":20,"column":17},"end":{"line":20,"column":18}},"loc":{"start":{"line":20,"column":23},"end":{"line":20,"column":48}},"line":20}},"branchMap":{"0":{"loc":{"start":{"line":14,"column":4},"end":{"line":23,"column":5}},"type":"if","locations":[{"start":{"line":14,"column":4},"end":{"line":23,"column":5}},{"start":{"line":18,"column":11},"end":{"line":23,"column":5}}],"line":14},"1":{"loc":{"start":{"line":18,"column":11},"end":{"line":23,"column":5}},"type":"if","locations":[{"start":{"line":18,"column":11},"end":{"line":23,"column":5}},{"start":{},"end":{}}],"line":18}},"s":{"0":1,"1":7,"2":7,"3":7,"4":7,"5":7,"6":7,"7":1,"8":1,"9":1,"10":6,"11":2,"12":2,"13":2,"14":7},"f":{"0":7,"1":7,"2":1,"3":2},"b":{"0":[1,6],"1":[2,4]},"_coverageSchema":"1a1c01bbd47fc00a2c39e90264f33305004495a9","hash":"278bd6f42453d08175cd41c79e2f614e97d84f1c"}
,"C:\\Users\\Lakshmana.H\\OneDrive - Brillio\\Desktop\\FSM\\React\\jest-react\\src\\utils\\validation.js": {"path":"C:\\Users\\Lakshmana.H\\OneDrive - Brillio\\Desktop\\FSM\\React\\jest-react\\src\\utils\\validation.js","statementMap":{"0":{"start":{"line":1,"column":29},"end":{"line":3,"column":3}},"1":{"start":{"line":2,"column":4},"end":{"line":2,"column":57}},"2":{"start":{"line":5,"column":34},"end":{"line":7,"column":3}},"3":{"start":{"line":6,"column":4},"end":{"line":6,"column":88}},"4":{"start":{"line":9,"column":33},"end":{"line":11,"column":3}},"5":{"start":{"line":10,"column":4},"end":{"line":10,"column":43}},"6":{"start":{"line":13,"column":37},"end":{"line":15,"column":3}},"7":{"start":{"line":14,"column":4},"end":{"line":14,"column":51}},"8":{"start":{"line":17,"column":34},"end":{"line":19,"column":3}},"9":{"start":{"line":18,"column":4},"end":{"line":18,"column":51}},"10":{"start":{"line":21,"column":40},"end":{"line":23,"column":3}},"11":{"start":{"line":22,"column":4},"end":{"line":22,"column":53}},"12":{"start":{"line":25,"column":30},"end":{"line":28,"column":3}},"13":{"start":{"line":26,"column":23},"end":{"line":26,"column":52}},"14":{"start":{"line":27,"column":4},"end":{"line":27,"column":37}},"15":{"start":{"line":30,"column":40},"end":{"line":32,"column":3}},"16":{"start":{"line":31,"column":4},"end":{"line":31,"column":53}},"17":{"start":{"line":34,"column":38},"end":{"line":36,"column":3}},"18":{"start":{"line":35,"column":4},"end":{"line":35,"column":66}},"19":{"start":{"line":38,"column":33},"end":{"line":40,"column":3}},"20":{"start":{"line":39,"column":4},"end":{"line":39,"column":56}},"21":{"start":{"line":42,"column":41},"end":{"line":44,"column":3}},"22":{"start":{"line":43,"column":4},"end":{"line":43,"column":40}}},"fnMap":{"0":{"name":"(anonymous_0)","decl":{"start":{"line":1,"column":29},"end":{"line":1,"column":30}},"loc":{"start":{"line":1,"column":40},"end":{"line":3,"column":3}},"line":1},"1":{"name":"(anonymous_1)","decl":{"start":{"line":5,"column":34},"end":{"line":5,"column":35}},"loc":{"start":{"line":5,"column":48},"end":{"line":7,"column":3}},"line":5},"2":{"name":"(anonymous_2)","decl":{"start":{"line":9,"column":33},"end":{"line":9,"column":34}},"loc":{"start":{"line":9,"column":46},"end":{"line":11,"column":3}},"line":9},"3":{"name":"(anonymous_3)","decl":{"start":{"line":13,"column":37},"end":{"line":13,"column":38}},"loc":{"start":{"line":13,"column":48},"end":{"line":15,"column":3}},"line":13},"4":{"name":"(anonymous_4)","decl":{"start":{"line":17,"column":34},"end":{"line":17,"column":35}},"loc":{"start":{"line":17,"column":44},"end":{"line":19,"column":3}},"line":17},"5":{"name":"(anonymous_5)","decl":{"start":{"line":21,"column":40},"end":{"line":21,"column":41}},"loc":{"start":{"line":21,"column":52},"end":{"line":23,"column":3}},"line":21},"6":{"name":"(anonymous_6)","decl":{"start":{"line":25,"column":30},"end":{"line":25,"column":31}},"loc":{"start":{"line":25,"column":40},"end":{"line":28,"column":3}},"line":25},"7":{"name":"(anonymous_7)","decl":{"start":{"line":30,"column":40},"end":{"line":30,"column":41}},"loc":{"start":{"line":30,"column":60},"end":{"line":32,"column":3}},"line":30},"8":{"name":"(anonymous_8)","decl":{"start":{"line":34,"column":38},"end":{"line":34,"column":39}},"loc":{"start":{"line":34,"column":56},"end":{"line":36,"column":3}},"line":34},"9":{"name":"(anonymous_9)","decl":{"start":{"line":38,"column":33},"end":{"line":38,"column":34}},"loc":{"start":{"line":38,"column":46},"end":{"line":40,"column":3}},"line":38},"10":{"name":"(anonymous_10)","decl":{"start":{"line":42,"column":41},"end":{"line":42,"column":42}},"loc":{"start":{"line":42,"column":72},"end":{"line":44,"column":3}},"line":42}},"branchMap":{"0":{"loc":{"start":{"line":22,"column":11},"end":{"line":22,"column":52}},"type":"binary-expr","locations":[{"start":{"line":22,"column":11},"end":{"line":22,"column":29}},{"start":{"line":22,"column":33},"end":{"line":22,"column":52}}],"line":22},"1":{"loc":{"start":{"line":35,"column":11},"end":{"line":35,"column":65}},"type":"binary-expr","locations":[{"start":{"line":35,"column":11},"end":{"line":35,"column":38}},{"start":{"line":35,"column":42},"end":{"line":35,"column":65}}],"line":35},"2":{"loc":{"start":{"line":39,"column":11},"end":{"line":39,"column":55}},"type":"binary-expr","locations":[{"start":{"line":39,"column":11},"end":{"line":39,"column":30}},{"start":{"line":39,"column":34},"end":{"line":39,"column":55}}],"line":39}},"s":{"0":2,"1":5,"2":2,"3":6,"4":2,"5":5,"6":2,"7":5,"8":2,"9":4,"10":2,"11":3,"12":2,"13":5,"14":5,"15":2,"16":3,"17":2,"18":3,"19":2,"20":3,"21":2,"22":2},"f":{"0":5,"1":6,"2":5,"3":5,"4":4,"5":3,"6":5,"7":3,"8":3,"9":3,"10":2},"b":{"0":[3,2],"1":[3,2],"2":[3,2]},"_coverageSchema":"1a1c01bbd47fc00a2c39e90264f33305004495a9","hash":"e69b800317e59130c385c9767128d79d0266f027"}
}
