TN:
SF:src\config\apiConfigEngineer.js
FNF:0
FNH:0
DA:1,1
LF:1
LH:1
BRF:0
BRH:0
end_of_record
TN:
SF:src\config\apiConfigNH.js
FNF:0
FNH:0
DA:1,1
LF:1
LH:1
BRF:0
BRH:0
end_of_record
TN:
SF:src\config\apiConfigUser.js
FNF:0
FNH:0
DA:1,1
LF:1
LH:1
BRF:0
BRH:0
end_of_record
TN:
SF:src\page\Engineer\EngineerProfile.jsx
FN:16,(anonymous_0)
FN:18,(anonymous_1)
FN:42,(anonymous_2)
FN:50,(anonymous_3)
FN:52,(anonymous_4)
FN:59,(anonymous_5)
FN:69,(anonymous_6)
FN:75,(anonymous_7)
FN:94,(anonymous_8)
FN:102,(anonymous_9)
FN:103,(anonymous_10)
FN:135,(anonymous_11)
FN:138,(anonymous_12)
FN:179,(anonymous_13)
FN:197,(anonymous_14)
FN:222,(anonymous_15)
FN:238,(anonymous_16)
FN:246,(anonymous_17)
FN:257,(anonymous_18)
FN:262,(anonymous_19)
FN:275,(anonymous_20)
FN:282,(anonymous_21)
FN:306,(anonymous_22)
FN:315,(anonymous_23)
FN:324,(anonymous_24)
FNF:25
FNH:20
FNDA:17,(anonymous_0)
FNDA:14,(anonymous_1)
FNDA:8,(anonymous_2)
FNDA:8,(anonymous_3)
FNDA:1,(anonymous_4)
FNDA:0,(anonymous_5)
FNDA:1,(anonymous_6)
FNDA:7,(anonymous_7)
FNDA:0,(anonymous_8)
FNDA:1,(anonymous_9)
FNDA:1,(anonymous_10)
FNDA:34,(anonymous_11)
FNDA:4,(anonymous_12)
FNDA:63,(anonymous_13)
FNDA:18,(anonymous_14)
FNDA:0,(anonymous_15)
FNDA:0,(anonymous_16)
FNDA:0,(anonymous_17)
FNDA:56,(anonymous_18)
FNDA:1,(anonymous_19)
FNDA:16,(anonymous_20)
FNDA:1,(anonymous_21)
FNDA:36,(anonymous_22)
FNDA:28,(anonymous_23)
FNDA:7,(anonymous_24)
DA:11,1
DA:12,1
DA:14,1
DA:16,1
DA:17,17
DA:18,17
DA:21,17
DA:39,17
DA:40,17
DA:42,17
DA:43,8
DA:44,7
DA:50,17
DA:51,8
DA:52,1
DA:60,0
DA:61,0
DA:69,17
DA:70,1
DA:71,1
DA:75,7
DA:77,1
DA:82,1
DA:83,1
DA:89,1
DA:91,0
DA:94,1
DA:97,17
DA:102,17
DA:103,1
DA:112,17
DA:136,34
DA:138,4
DA:180,63
DA:198,18
DA:223,0
DA:239,0
DA:247,0
DA:258,56
DA:262,1
DA:276,16
DA:283,1
DA:306,1
DA:307,36
DA:315,1
DA:316,28
DA:324,1
DA:325,7
LF:48
LH:42
BRDA:18,0,0,17
BRDA:18,0,1,0
BRDA:43,1,0,7
BRDA:43,1,1,1
BRDA:51,2,0,1
BRDA:51,2,1,7
BRDA:54,3,0,1
BRDA:54,3,1,0
BRDA:55,4,0,1
BRDA:55,4,1,0
BRDA:56,5,0,1
BRDA:56,5,1,0
BRDA:57,6,0,1
BRDA:57,6,1,0
BRDA:58,7,0,0
BRDA:58,7,1,1
BRDA:64,8,0,1
BRDA:64,8,1,0
BRDA:140,9,0,17
BRDA:140,9,1,17
BRDA:152,10,0,17
BRDA:152,10,1,9
BRDA:215,11,0,17
BRDA:215,11,1,8
BRDA:329,12,0,1
BRDA:329,12,1,6
BRDA:333,13,0,7
BRDA:333,13,1,1
BRDA:334,14,0,1
BRDA:334,14,1,6
BRF:30
BRH:23
end_of_record
TN:
SF:src\redux\Slice\EngineerSlice.jsx
FN:11,(anonymous_0)
FN:22,(anonymous_1)
FN:40,(anonymous_2)
FN:54,(anonymous_3)
FN:67,(anonymous_4)
FN:91,(anonymous_5)
FN:113,(anonymous_6)
FN:131,(anonymous_7)
FN:146,(anonymous_8)
FN:170,(anonymous_9)
FN:198,(anonymous_10)
FN:201,(anonymous_11)
FN:206,(anonymous_12)
FN:216,(anonymous_13)
FN:221,(anonymous_14)
FN:225,(anonymous_15)
FN:227,(anonymous_16)
FN:234,(anonymous_17)
FN:239,(anonymous_18)
FN:243,(anonymous_19)
FN:244,(anonymous_20)
FN:247,(anonymous_21)
FN:253,(anonymous_22)
FN:257,(anonymous_23)
FN:261,(anonymous_24)
FN:267,(anonymous_25)
FN:271,(anonymous_26)
FN:275,(anonymous_27)
FN:279,(anonymous_28)
FN:281,(anonymous_29)
FN:286,(anonymous_30)
FN:290,(anonymous_31)
FN:294,(anonymous_32)
FN:299,(anonymous_33)
FN:304,(anonymous_34)
FN:308,(anonymous_35)
FN:313,(anonymous_36)
FN:319,(anonymous_37)
FN:323,(anonymous_38)
FN:330,(anonymous_39)
FNF:40
FNH:0
FNDA:0,(anonymous_0)
FNDA:0,(anonymous_1)
FNDA:0,(anonymous_2)
FNDA:0,(anonymous_3)
FNDA:0,(anonymous_4)
FNDA:0,(anonymous_5)
FNDA:0,(anonymous_6)
FNDA:0,(anonymous_7)
FNDA:0,(anonymous_8)
FNDA:0,(anonymous_9)
FNDA:0,(anonymous_10)
FNDA:0,(anonymous_11)
FNDA:0,(anonymous_12)
FNDA:0,(anonymous_13)
FNDA:0,(anonymous_14)
FNDA:0,(anonymous_15)
FNDA:0,(anonymous_16)
FNDA:0,(anonymous_17)
FNDA:0,(anonymous_18)
FNDA:0,(anonymous_19)
FNDA:0,(anonymous_20)
FNDA:0,(anonymous_21)
FNDA:0,(anonymous_22)
FNDA:0,(anonymous_23)
FNDA:0,(anonymous_24)
FNDA:0,(anonymous_25)
FNDA:0,(anonymous_26)
FNDA:0,(anonymous_27)
FNDA:0,(anonymous_28)
FNDA:0,(anonymous_29)
FNDA:0,(anonymous_30)
FNDA:0,(anonymous_31)
FNDA:0,(anonymous_32)
FNDA:0,(anonymous_33)
FNDA:0,(anonymous_34)
FNDA:0,(anonymous_35)
FNDA:0,(anonymous_36)
FNDA:0,(anonymous_37)
FNDA:0,(anonymous_38)
FNDA:0,(anonymous_39)
DA:9,1
DA:12,0
DA:13,0
DA:14,0
DA:15,0
DA:16,0
DA:20,1
DA:23,0
DA:24,0
DA:25,0
DA:26,0
DA:27,0
DA:28,0
DA:30,0
DA:33,0
DA:38,1
DA:41,0
DA:42,0
DA:43,0
DA:44,0
DA:45,0
DA:47,0
DA:52,1
DA:55,0
DA:56,0
DA:57,0
DA:59,0
DA:65,1
DA:68,0
DA:69,0
DA:70,0
DA:71,0
DA:80,0
DA:81,0
DA:83,0
DA:89,1
DA:92,0
DA:93,0
DA:94,0
DA:103,0
DA:104,0
DA:106,0
DA:111,1
DA:114,0
DA:115,0
DA:116,0
DA:117,0
DA:118,0
DA:119,0
DA:122,0
DA:124,0
DA:129,1
DA:132,0
DA:133,0
DA:134,0
DA:135,0
DA:136,0
DA:138,0
DA:144,1
DA:147,0
DA:148,0
DA:149,0
DA:158,0
DA:159,0
DA:160,0
DA:162,0
DA:168,1
DA:171,0
DA:172,0
DA:173,0
DA:177,0
DA:178,0
DA:179,0
DA:181,0
DA:187,1
DA:199,0
DA:202,0
DA:203,0
DA:207,0
DA:208,0
DA:209,0
DA:210,0
DA:211,0
DA:213,0
DA:217,0
DA:218,0
DA:222,0
DA:223,0
DA:226,0
DA:227,0
DA:232,0
DA:235,0
DA:236,0
DA:240,0
DA:241,0
DA:244,0
DA:245,0
DA:248,0
DA:249,0
DA:254,0
DA:255,0
DA:258,0
DA:259,0
DA:262,0
DA:263,0
DA:268,0
DA:269,0
DA:272,0
DA:273,0
DA:276,0
DA:277,0
DA:280,0
DA:281,0
DA:282,0
DA:283,0
DA:287,0
DA:291,0
DA:292,0
DA:295,0
DA:296,0
DA:297,0
DA:300,0
DA:301,0
DA:305,0
DA:306,0
DA:309,0
DA:310,0
DA:311,0
DA:314,0
DA:315,0
DA:320,0
DA:321,0
DA:324,0
DA:327,0
DA:328,0
DA:331,0
DA:332,0
LF:137
LH:11
BRDA:27,0,0,0
BRDA:27,0,1,0
BRDA:33,1,0,0
BRDA:33,1,1,0
BRDA:47,2,0,0
BRDA:47,2,1,0
BRDA:59,3,0,0
BRDA:59,3,1,0
BRDA:83,4,0,0
BRDA:83,4,1,0
BRDA:106,5,0,0
BRDA:106,5,1,0
BRDA:117,6,0,0
BRDA:117,6,1,0
BRDA:124,7,0,0
BRDA:124,7,1,0
BRDA:138,8,0,0
BRDA:138,8,1,0
BRDA:162,9,0,0
BRDA:162,9,1,0
BRDA:181,10,0,0
BRDA:181,10,1,0
BRDA:207,11,0,0
BRDA:207,11,1,0
BRDA:209,12,0,0
BRDA:209,12,1,0
BRDA:217,13,0,0
BRDA:217,13,1,0
BRDA:227,14,0,0
BRDA:227,14,1,0
BRDA:282,15,0,0
BRDA:282,15,1,0
BRF:32
BRH:0
end_of_record
TN:
SF:src\utils\apiClientEngineer.js
FN:15,(anonymous_0)
FN:39,(anonymous_1)
FN:46,(anonymous_2)
FN:47,(anonymous_3)
FNF:4
FNH:0
FNDA:0,(anonymous_0)
FNDA:0,(anonymous_1)
FNDA:0,(anonymous_2)
FNDA:0,(anonymous_3)
DA:5,1
DA:15,1
DA:16,0
DA:17,0
DA:18,0
DA:19,0
DA:20,0
DA:21,0
DA:23,0
DA:24,0
DA:27,0
DA:29,0
DA:30,0
DA:33,0
DA:36,0
DA:38,0
DA:40,0
DA:43,1
DA:45,1
DA:46,0
DA:48,0
DA:49,0
DA:50,0
DA:51,0
DA:52,0
DA:53,0
DA:54,0
DA:59,0
LF:28
LH:4
BRDA:20,0,0,0
BRDA:20,0,1,0
BRDA:23,1,0,0
BRDA:23,1,1,0
BRDA:29,2,0,0
BRDA:29,2,1,0
BRDA:48,3,0,0
BRDA:48,3,1,0
BRDA:48,4,0,0
BRDA:48,4,1,0
BRDA:49,5,0,0
BRDA:49,5,1,0
BRDA:53,6,0,0
BRDA:53,6,1,0
BRF:14
BRH:0
end_of_record
TN:
SF:src\utils\apiClientNH.js
FN:15,(anonymous_0)
FN:39,(anonymous_1)
FN:46,(anonymous_2)
FN:47,(anonymous_3)
FNF:4
FNH:0
FNDA:0,(anonymous_0)
FNDA:0,(anonymous_1)
FNDA:0,(anonymous_2)
FNDA:0,(anonymous_3)
DA:5,1
DA:15,1
DA:16,0
DA:17,0
DA:18,0
DA:19,0
DA:20,0
DA:21,0
DA:23,0
DA:24,0
DA:27,0
DA:29,0
DA:30,0
DA:33,0
DA:36,0
DA:38,0
DA:40,0
DA:43,1
DA:45,1
DA:46,0
DA:48,0
DA:49,0
DA:50,0
DA:51,0
DA:52,0
DA:53,0
DA:54,0
DA:59,0
LF:28
LH:4
BRDA:20,0,0,0
BRDA:20,0,1,0
BRDA:23,1,0,0
BRDA:23,1,1,0
BRDA:29,2,0,0
BRDA:29,2,1,0
BRDA:48,3,0,0
BRDA:48,3,1,0
BRDA:48,4,0,0
BRDA:48,4,1,0
BRDA:49,5,0,0
BRDA:49,5,1,0
BRDA:53,6,0,0
BRDA:53,6,1,0
BRF:14
BRH:0
end_of_record
TN:
SF:src\utils\apiClientUser.js
FN:15,(anonymous_0)
FN:39,(anonymous_1)
FN:46,(anonymous_2)
FN:47,(anonymous_3)
FNF:4
FNH:0
FNDA:0,(anonymous_0)
FNDA:0,(anonymous_1)
FNDA:0,(anonymous_2)
FNDA:0,(anonymous_3)
DA:5,1
DA:15,1
DA:16,0
DA:17,0
DA:18,0
DA:19,0
DA:20,0
DA:21,0
DA:23,0
DA:24,0
DA:27,0
DA:29,0
DA:30,0
DA:33,0
DA:36,0
DA:38,0
DA:40,0
DA:43,1
DA:45,1
DA:46,0
DA:48,0
DA:49,0
DA:50,0
DA:51,0
DA:52,0
DA:53,0
DA:54,0
DA:59,0
LF:28
LH:4
BRDA:20,0,0,0
BRDA:20,0,1,0
BRDA:23,1,0,0
BRDA:23,1,1,0
BRDA:29,2,0,0
BRDA:29,2,1,0
BRDA:48,3,0,0
BRDA:48,3,1,0
BRDA:48,4,0,0
BRDA:48,4,1,0
BRDA:49,5,0,0
BRDA:49,5,1,0
BRDA:53,6,0,0
BRDA:53,6,1,0
BRF:14
BRH:0
end_of_record
