TN:
SF:src\App.jsx
FN:35,App
FNF:1
FNH:1
FNDA:26,App
DA:36,26
LF:1
LH:1
BRF:0
BRH:0
end_of_record
TN:
SF:src\compoents\CustomCard.jsx
FN:3,(anonymous_0)
FNF:1
FNH:1
FNDA:3,(anonymous_0)
DA:3,1
DA:4,3
LF:2
LH:2
BRDA:8,0,0,3
BRDA:8,0,1,1
BRF:2
BRH:2
end_of_record
TN:
SF:src\compoents\Footer.jsx
FN:2,Footer
FNF:1
FNH:1
FNDA:8,Footer
DA:3,8
LF:1
LH:1
BRF:0
BRH:0
end_of_record
TN:
SF:src\compoents\Loadingpage.jsx
FN:3,(anonymous_0)
FN:20,(anonymous_1)
FN:49,(anonymous_2)
FNF:3
FNH:3
FNDA:4,(anonymous_0)
FNDA:24,(anonymous_1)
FNDA:12,(anonymous_2)
DA:3,1
DA:4,4
DA:21,24
DA:50,12
LF:4
LH:4
BRF:0
BRH:0
end_of_record
TN:
SF:src\compoents\Modal.jsx
FN:5,(anonymous_0)
FNF:1
FNH:1
FNDA:3,(anonymous_0)
DA:5,1
DA:6,3
DA:8,2
LF:3
LH:3
BRDA:6,0,0,1
BRDA:6,0,1,2
BRF:2
BRH:2
end_of_record
TN:
SF:src\compoents\footers.jsx
FN:4,(anonymous_0)
FNF:1
FNH:1
FNDA:4,(anonymous_0)
DA:4,1
DA:5,4
LF:2
LH:2
BRF:0
BRH:0
end_of_record
TN:
SF:src\config\apiConfigAdmin.js
FNF:0
FNH:0
DA:1,12
LF:1
LH:1
BRF:0
BRH:0
end_of_record
TN:
SF:src\config\apiConfigEngineer.js
FNF:0
FNH:0
DA:1,9
LF:1
LH:1
BRF:0
BRH:0
end_of_record
TN:
SF:src\config\apiConfigNH.js
FNF:0
FNH:0
DA:1,10
LF:1
LH:1
BRF:0
BRH:0
end_of_record
TN:
SF:src\config\apiConfigUser.js
FNF:0
FNH:0
DA:1,13
LF:1
LH:1
BRF:0
BRH:0
end_of_record
TN:
SF:src\page\Admin\AdminCompletedTasks.jsx
FN:8,(anonymous_0)
FN:10,(anonymous_1)
FN:12,(anonymous_2)
FN:19,(anonymous_3)
FN:26,(anonymous_4)
FNF:5
FNH:5
FNDA:5,(anonymous_0)
FNDA:10,(anonymous_1)
FNDA:5,(anonymous_2)
FNDA:4,(anonymous_3)
FNDA:2,(anonymous_4)
DA:8,1
DA:9,5
DA:10,10
DA:12,5
DA:13,5
DA:16,5
DA:17,4
DA:19,4
DA:21,3
DA:23,1
DA:27,2
LF:11
LH:11
BRDA:16,0,0,1
BRDA:16,0,1,4
BRDA:17,1,0,1
BRDA:17,1,1,3
BRDA:21,2,0,2
BRDA:21,2,1,1
BRDA:27,3,0,2
BRDA:27,3,1,2
BRF:8
BRH:8
end_of_record
TN:
SF:src\page\Admin\AdminDashboard.jsx
FN:9,AdminDashboard
FNF:1
FNH:1
FNDA:5,AdminDashboard
DA:10,5
DA:12,5
LF:2
LH:2
BRDA:19,0,0,5
BRDA:19,0,1,3
BRDA:22,1,0,2
BRDA:22,1,1,3
BRF:4
BRH:4
end_of_record
TN:
SF:src\page\Admin\AdminDeferredTasks.jsx
FN:7,(anonymous_0)
FN:9,(anonymous_1)
FN:11,(anonymous_2)
FN:24,(anonymous_3)
FN:38,(anonymous_4)
FNF:5
FNH:5
FNDA:6,(anonymous_0)
FNDA:12,(anonymous_1)
FNDA:6,(anonymous_2)
FNDA:5,(anonymous_3)
FNDA:3,(anonymous_4)
DA:7,1
DA:8,6
DA:9,12
DA:11,6
DA:12,6
DA:15,6
DA:16,1
DA:19,5
DA:20,1
DA:24,4
DA:25,5
DA:30,4
DA:39,3
LF:13
LH:13
BRDA:15,0,0,1
BRDA:15,0,1,5
BRDA:19,1,0,1
BRDA:19,1,1,4
BRDA:24,2,0,4
BRDA:24,2,1,0
BRDA:25,3,0,5
BRDA:25,3,1,4
BRDA:25,3,2,3
BRDA:36,4,0,1
BRDA:36,4,1,3
BRDA:39,5,0,3
BRDA:39,5,1,0
BRF:13
BRH:11
end_of_record
TN:
SF:src\page\Admin\AdminEngineerApproval.jsx
FN:6,(anonymous_0)
FN:8,(anonymous_1)
FN:12,(anonymous_2)
FN:16,(anonymous_3)
FN:17,(anonymous_4)
FN:18,(anonymous_5)
FN:35,(anonymous_6)
FN:47,(anonymous_7)
FN:58,(anonymous_8)
FNF:9
FNH:9
FNDA:7,(anonymous_0)
FNDA:14,(anonymous_1)
FNDA:7,(anonymous_2)
FNDA:2,(anonymous_3)
FNDA:2,(anonymous_4)
FNDA:2,(anonymous_5)
FNDA:6,(anonymous_6)
FNDA:1,(anonymous_7)
FNDA:1,(anonymous_8)
DA:6,1
DA:7,7
DA:8,14
DA:12,7
DA:13,7
DA:16,7
DA:17,2
DA:18,2
DA:19,2
DA:20,2
DA:25,7
DA:26,6
DA:27,5
DA:29,3
DA:36,6
DA:47,1
DA:58,1
LF:17
LH:17
BRDA:8,0,0,0
BRDA:25,1,0,1
BRDA:25,1,1,6
BRDA:26,2,0,1
BRDA:26,2,1,5
BRDA:27,3,0,2
BRDA:27,3,1,3
BRDA:27,4,0,5
BRDA:27,4,1,5
BRDA:50,5,0,3
BRDA:50,5,1,3
BRDA:61,6,0,3
BRDA:61,6,1,3
BRF:13
BRH:12
end_of_record
TN:
SF:src\page\Admin\AdminEngineerList.jsx
FN:10,(anonymous_0)
FN:16,(anonymous_1)
FN:18,(anonymous_2)
FN:24,(anonymous_3)
FN:25,(anonymous_4)
FN:28,(anonymous_5)
FN:36,(anonymous_6)
FN:53,(anonymous_7)
FN:65,(anonymous_8)
FN:75,(anonymous_9)
FNF:10
FNH:9
FNDA:8,(anonymous_0)
FNDA:14,(anonymous_1)
FNDA:8,(anonymous_2)
FNDA:7,(anonymous_3)
FNDA:1,(anonymous_4)
FNDA:7,(anonymous_5)
FNDA:8,(anonymous_6)
FNDA:1,(anonymous_7)
FNDA:0,(anonymous_8)
FNDA:7,(anonymous_9)
DA:10,1
DA:11,8
DA:12,8
DA:13,8
DA:14,8
DA:15,8
DA:16,14
DA:18,8
DA:19,8
DA:24,8
DA:25,7
DA:26,1
DA:28,7
DA:31,8
DA:32,7
DA:33,6
DA:36,4
DA:37,8
DA:38,8
DA:39,8
DA:42,4
DA:53,1
DA:65,0
DA:76,7
LF:24
LH:23
BRDA:16,0,0,0
BRDA:31,1,0,1
BRDA:31,1,1,7
BRDA:32,2,0,1
BRDA:32,2,1,6
BRDA:33,3,0,2
BRDA:33,3,1,4
BRDA:38,4,0,0
BRDA:38,4,1,8
BRDA:39,5,0,8
BRDA:39,5,1,8
BRF:11
BRH:9
end_of_record
TN:
SF:src\page\Admin\AdminEngineerTasks.jsx
FN:8,(anonymous_0)
FN:11,(anonymous_1)
FN:13,(anonymous_2)
FN:27,(anonymous_3)
FNF:4
FNH:4
FNDA:5,(anonymous_0)
FNDA:10,(anonymous_1)
FNDA:5,(anonymous_2)
FNDA:2,(anonymous_3)
DA:8,1
DA:9,5
DA:10,5
DA:11,10
DA:13,5
DA:14,5
DA:15,5
DA:19,5
DA:20,4
DA:21,3
DA:23,1
DA:28,2
LF:12
LH:12
BRDA:14,0,0,5
BRDA:14,0,1,0
BRDA:19,1,0,1
BRDA:19,1,1,4
BRDA:20,2,0,1
BRDA:20,2,1,3
BRDA:21,3,0,2
BRDA:21,3,1,1
BRDA:21,4,0,3
BRDA:21,4,1,3
BRF:10
BRH:9
end_of_record
TN:
SF:src\page\Admin\AdminHazards.jsx
FN:8,(anonymous_0)
FN:9,(anonymous_1)
FN:28,(anonymous_2)
FN:32,(anonymous_3)
FN:33,(anonymous_4)
FN:36,(anonymous_5)
FN:41,(anonymous_6)
FN:55,(anonymous_7)
FN:63,(anonymous_8)
FN:71,(anonymous_9)
FN:73,(anonymous_10)
FN:79,(anonymous_11)
FN:106,(anonymous_12)
FN:112,(anonymous_13)
FN:117,(anonymous_14)
FN:138,(anonymous_15)
FN:166,(anonymous_16)
FN:167,(anonymous_17)
FN:178,(anonymous_18)
FN:203,(anonymous_19)
FNF:20
FNH:14
FNDA:33,(anonymous_0)
FNDA:33,(anonymous_1)
FNDA:11,(anonymous_2)
FNDA:12,(anonymous_3)
FNDA:31,(anonymous_4)
FNDA:5,(anonymous_5)
FNDA:3,(anonymous_6)
FNDA:1,(anonymous_7)
FNDA:0,(anonymous_8)
FNDA:0,(anonymous_9)
FNDA:0,(anonymous_10)
FNDA:65,(anonymous_11)
FNDA:1,(anonymous_12)
FNDA:59,(anonymous_13)
FNDA:5,(anonymous_14)
FNDA:0,(anonymous_15)
FNDA:3,(anonymous_16)
FNDA:1,(anonymous_17)
FNDA:0,(anonymous_18)
FNDA:0,(anonymous_19)
DA:8,1
DA:9,33
DA:10,33
DA:13,33
DA:14,33
DA:15,33
DA:16,33
DA:17,33
DA:19,33
DA:28,33
DA:29,11
DA:32,33
DA:33,31
DA:36,33
DA:37,5
DA:38,5
DA:41,33
DA:42,3
DA:43,3
DA:51,3
DA:52,3
DA:55,33
DA:57,1
DA:58,1
DA:59,1
DA:60,1
DA:63,33
DA:64,0
DA:65,0
DA:67,0
DA:71,33
DA:72,0
DA:73,0
DA:79,33
DA:80,65
DA:85,65
DA:88,33
DA:106,1
DA:113,59
DA:117,5
DA:138,0
DA:166,3
DA:167,1
DA:178,0
DA:203,0
LF:45
LH:37
BRDA:85,0,0,65
BRDA:85,0,1,1
BRDA:111,1,0,21
BRDA:111,1,1,12
BRDA:133,2,0,33
BRDA:133,2,1,6
BRDA:133,2,2,6
BRDA:173,3,0,33
BRDA:173,3,1,3
BRDA:173,3,2,3
BRF:10
BRH:10
end_of_record
TN:
SF:src\page\Admin\AdminHazardsTickets.jsx
FN:11,(anonymous_0)
FN:24,(anonymous_1)
FN:26,(anonymous_2)
FN:31,(anonymous_3)
FN:49,(anonymous_4)
FN:83,(anonymous_5)
FN:99,(anonymous_6)
FN:114,(anonymous_7)
FN:128,(anonymous_8)
FN:147,(anonymous_9)
FNF:10
FNH:10
FNDA:28,(anonymous_0)
FNDA:1,(anonymous_1)
FNDA:1,(anonymous_2)
FNDA:3,(anonymous_3)
FNDA:1,(anonymous_4)
FNDA:4,(anonymous_5)
FNDA:4,(anonymous_6)
FNDA:4,(anonymous_7)
FNDA:4,(anonymous_8)
FNDA:4,(anonymous_9)
DA:11,1
DA:13,28
DA:21,28
DA:22,28
DA:24,28
DA:25,1
DA:26,1
DA:27,1
DA:31,28
DA:32,3
DA:36,3
DA:44,3
DA:45,3
DA:46,2
DA:47,2
DA:48,1
DA:49,1
DA:50,1
DA:55,2
DA:64,1
DA:65,1
DA:69,28
DA:71,28
DA:84,4
DA:100,4
DA:115,4
DA:129,4
DA:148,4
LF:28
LH:28
BRDA:47,0,0,1
BRDA:47,0,1,1
BRF:2
BRH:2
end_of_record
TN:
SF:src\page\Admin\AdminLayout.jsx
FN:7,(anonymous_0)
FN:10,(anonymous_1)
FN:18,(anonymous_2)
FNF:3
FNH:3
FNDA:14,(anonymous_0)
FNDA:7,(anonymous_1)
FNDA:1,(anonymous_2)
DA:7,1
DA:8,14
DA:10,14
DA:11,7
DA:13,14
DA:18,1
LF:6
LH:6
BRF:0
BRH:0
end_of_record
TN:
SF:src\page\Admin\AdminTaskCard.jsx
FN:10,(anonymous_0)
FN:21,(anonymous_1)
FN:30,(anonymous_2)
FN:76,(anonymous_3)
FN:101,(anonymous_4)
FN:172,(anonymous_5)
FN:203,(anonymous_6)
FN:206,(anonymous_7)
FN:217,(anonymous_8)
FN:253,(anonymous_9)
FN:267,(anonymous_10)
FNF:11
FNH:11
FNDA:31,(anonymous_0)
FNDA:13,(anonymous_1)
FNDA:5,(anonymous_2)
FNDA:2,(anonymous_3)
FNDA:1,(anonymous_4)
FNDA:5,(anonymous_5)
FNDA:4,(anonymous_6)
FNDA:2,(anonymous_7)
FNDA:8,(anonymous_8)
FNDA:31,(anonymous_9)
FNDA:31,(anonymous_10)
DA:10,1
DA:13,31
DA:14,31
DA:15,31
DA:16,31
DA:17,31
DA:18,31
DA:19,31
DA:21,31
DA:22,13
DA:23,5
DA:25,13
DA:26,12
DA:30,31
DA:31,5
DA:32,5
DA:33,5
DA:42,5
DA:45,5
DA:49,3
DA:51,3
DA:52,0
DA:55,3
DA:56,3
DA:59,3
DA:60,0
DA:63,0
DA:66,3
DA:68,1
DA:69,1
DA:70,1
DA:72,4
DA:76,31
DA:77,2
DA:78,2
DA:80,2
DA:82,2
DA:83,0
DA:86,2
DA:87,0
DA:91,2
DA:95,1
DA:96,0
DA:97,0
DA:100,1
DA:101,1
DA:104,1
DA:105,0
DA:111,1
DA:114,1
DA:117,1
DA:119,1
DA:120,1
DA:121,1
DA:123,2
DA:127,31
DA:172,5
DA:204,4
DA:207,2
DA:217,8
DA:253,1
DA:254,31
DA:262,31
DA:267,1
DA:268,31
DA:274,31
LF:66
LH:58
BRDA:10,0,0,0
BRDA:22,1,0,5
BRDA:22,1,1,8
BRDA:25,2,0,12
BRDA:25,2,1,1
BRDA:51,3,0,0
BRDA:51,3,1,3
BRDA:55,4,0,3
BRDA:55,4,1,0
BRDA:59,5,0,0
BRDA:59,5,1,3
BRDA:63,6,0,0
BRDA:63,6,1,0
BRDA:68,7,0,1
BRDA:68,7,1,0
BRDA:82,8,0,0
BRDA:82,8,1,2
BRDA:82,9,0,2
BRDA:82,9,1,2
BRDA:86,10,0,0
BRDA:86,10,1,2
BRDA:95,11,0,0
BRDA:95,11,1,1
BRDA:95,12,0,1
BRDA:95,12,1,1
BRDA:95,12,2,1
BRDA:96,13,0,0
BRDA:96,13,1,0
BRDA:104,14,0,0
BRDA:104,14,1,1
BRDA:120,15,0,1
BRDA:120,15,1,0
BRDA:121,16,0,1
BRDA:121,16,1,0
BRDA:155,17,0,31
BRDA:155,17,1,31
BRDA:168,18,0,31
BRDA:168,18,1,24
BRDA:176,19,0,7
BRDA:176,19,1,17
BRDA:182,20,0,31
BRDA:182,20,1,2
BRDA:189,21,0,31
BRDA:189,21,1,17
BRDA:191,22,0,7
BRDA:191,22,1,10
BRDA:198,23,0,6
BRDA:198,23,1,4
BRDA:207,24,0,2
BRDA:207,24,1,2
BRDA:210,25,0,0
BRDA:210,25,1,4
BRDA:263,26,0,31
BRDA:263,26,1,0
BRDA:275,27,0,31
BRDA:275,27,1,0
BRF:56
BRH:38
end_of_record
